Using pre-set license
Built from '2021.3/staging' branch; Version is '2021.3.20f1 (577897200b8b) revision 5732503'; Using compiler version '192829333'; Build Type 'Release'
OS: 'Windows 10  (10.0.19044) 64bit Core' Language: 'ko' Physical Memory: 16336 MB
BatchMode: 1, IsHumanControllingUs: 0, StartBugReporterOnCrash: 0, Is64bit: 1, IsPro: 1

COMMAND LINE ARGUMENTS:
C:\Program Files\Unity 2021.3.20f1\Editor\Unity.exe
-adb2
-batchMode
-noUpm
-name
AssetImportWorker0
-projectPath
C:/Users/user/Documents/Study/UnityProject/MoWoong
-logFile
Logs/AssetImportWorker0.log
-srvPort
2561
Successfully changed project path to: C:/Users/user/Documents/Study/UnityProject/MoWoong
C:/Users/user/Documents/Study/UnityProject/MoWoong
[UnityMemory] Configuration Parameters - Can be set up in boot.config
    "memorysetup-bucket-allocator-granularity=16"
    "memorysetup-bucket-allocator-bucket-count=8"
    "memorysetup-bucket-allocator-block-size=33554432"
    "memorysetup-bucket-allocator-block-count=8"
    "memorysetup-main-allocator-block-size=16777216"
    "memorysetup-thread-allocator-block-size=16777216"
    "memorysetup-gfx-main-allocator-block-size=16777216"
    "memorysetup-gfx-thread-allocator-block-size=16777216"
    "memorysetup-cache-allocator-block-size=4194304"
    "memorysetup-typetree-allocator-block-size=2097152"
    "memorysetup-profiler-bucket-allocator-granularity=16"
    "memorysetup-profiler-bucket-allocator-bucket-count=8"
    "memorysetup-profiler-bucket-allocator-block-size=33554432"
    "memorysetup-profiler-bucket-allocator-block-count=8"
    "memorysetup-profiler-allocator-block-size=16777216"
    "memorysetup-profiler-editor-allocator-block-size=1048576"
    "memorysetup-temp-allocator-size-main=16777216"
    "memorysetup-job-temp-allocator-block-size=2097152"
    "memorysetup-job-temp-allocator-block-size-background=1048576"
    "memorysetup-job-temp-allocator-reduction-small-platforms=262144"
    "memorysetup-temp-allocator-size-background-worker=32768"
    "memorysetup-temp-allocator-size-job-worker=262144"
    "memorysetup-temp-allocator-size-preload-manager=33554432"
    "memorysetup-temp-allocator-size-nav-mesh-worker=65536"
    "memorysetup-temp-allocator-size-audio-worker=65536"
    "memorysetup-temp-allocator-size-cloud-worker=32768"
    "memorysetup-temp-allocator-size-gi-baking-worker=262144"
    "memorysetup-temp-allocator-size-gfx=262144"
Player connection [24328] Host "[IP] 192.168.0.7 [Port] 0 [Flags] 2 [Guid] 1136901292 [EditorId] 1136901292 [Version] 1048832 [Id] WindowsEditor(7,DESKTOP-LI1BSRH) [Debug] 1 [PackageName] WindowsEditor [ProjectName] Editor" joined multi-casting on [225.0.0.222:54997]...

Player connection [24328] Host "[IP] 192.168.0.7 [Port] 0 [Flags] 2 [Guid] 1136901292 [EditorId] 1136901292 [Version] 1048832 [Id] WindowsEditor(7,DESKTOP-LI1BSRH) [Debug] 1 [PackageName] WindowsEditor [ProjectName] Editor" joined alternative multi-casting on [225.0.0.222:34997]...

Refreshing native plugins compatible for Editor in 53.99 ms, found 3 plugins.
Preloading 0 native plugins for Editor in 0.00 ms.
Initialize engine version: 2021.3.20f1 (577897200b8b)
[Subsystems] Discovering subsystems at path C:/Program Files/Unity 2021.3.20f1/Editor/Data/Resources/UnitySubsystems
[Subsystems] Discovering subsystems at path C:/Users/user/Documents/Study/UnityProject/MoWoong/Assets
GfxDevice: creating device client; threaded=0; jobified=0
Direct3D:
    Version:  Direct3D 11.0 [level 11.1]
    Renderer: NVIDIA GeForce GTX 1060 6GB (ID=0x1c03)
    Vendor:   NVIDIA
    VRAM:     6043 MB
    Driver:   31.0.15.2824
Initialize mono
Mono path[0] = 'C:/Program Files/Unity 2021.3.20f1/Editor/Data/Managed'
Mono path[1] = 'C:/Program Files/Unity 2021.3.20f1/Editor/Data/MonoBleedingEdge/lib/mono/unityjit-win32'
Mono config path = 'C:/Program Files/Unity 2021.3.20f1/Editor/Data/MonoBleedingEdge/etc'
Using monoOptions --debugger-agent=transport=dt_socket,embedding=1,server=y,suspend=n,address=127.0.0.1:56440
Begin MonoManager ReloadAssembly
Registering precompiled unity dll's ...
Register platform support module: C:/Program Files/Unity 2021.3.20f1/Editor/Data/PlaybackEngines/WindowsStandaloneSupport/UnityEditor.WindowsStandalone.Extensions.dll
Registered in 0.008090 seconds.
Native extension for WindowsStandalone target not found
Refreshing native plugins compatible for Editor in 43.15 ms, found 3 plugins.
Preloading 0 native plugins for Editor in 0.00 ms.
Mono: successfully reloaded assembly
- Completed reload, in  0.781 seconds
Domain Reload Profiling:
	ReloadAssembly (782ms)
		BeginReloadAssembly (132ms)
			ExecutionOrderSort (0ms)
			DisableScriptedObjects (0ms)
			BackupInstance (0ms)
			ReleaseScriptingObjects (0ms)
			CreateAndSetChildDomain (1ms)
		EndReloadAssembly (514ms)
			LoadAssemblies (128ms)
			RebuildTransferFunctionScriptingTraits (0ms)
			SetupTypeCache (144ms)
			ReleaseScriptCaches (0ms)
			RebuildScriptCaches (34ms)
			SetupLoadedEditorAssemblies (272ms)
				LogAssemblyErrors (0ms)
				InitializePlatformSupportModulesInManaged (9ms)
				SetLoadedEditorAssemblies (0ms)
				RefreshPlugins (43ms)
				BeforeProcessingInitializeOnLoad (1ms)
				ProcessInitializeOnLoadAttributes (155ms)
				ProcessInitializeOnLoadMethodAttributes (64ms)
				AfterProcessingInitializeOnLoad (0ms)
				EditorAssembliesLoaded (0ms)
			ExecutionOrderSort2 (0ms)
			AwakeInstancesAfterBackupRestoration (0ms)
Platform modules already initialized, skipping
Registering precompiled user dll's ...
Registered in 0.008974 seconds.
Begin MonoManager ReloadAssembly
Native extension for WindowsStandalone target not found
Refreshing native plugins compatible for Editor in 50.00 ms, found 3 plugins.
Preloading 0 native plugins for Editor in 0.00 ms.
Mono: successfully reloaded assembly
- Completed reload, in  1.261 seconds
Domain Reload Profiling:
	ReloadAssembly (1262ms)
		BeginReloadAssembly (172ms)
			ExecutionOrderSort (0ms)
			DisableScriptedObjects (6ms)
			BackupInstance (0ms)
			ReleaseScriptingObjects (0ms)
			CreateAndSetChildDomain (22ms)
		EndReloadAssembly (922ms)
			LoadAssemblies (145ms)
			RebuildTransferFunctionScriptingTraits (0ms)
			SetupTypeCache (231ms)
			ReleaseScriptCaches (0ms)
			RebuildScriptCaches (57ms)
			SetupLoadedEditorAssemblies (457ms)
				LogAssemblyErrors (0ms)
				InitializePlatformSupportModulesInManaged (6ms)
				SetLoadedEditorAssemblies (0ms)
				RefreshPlugins (50ms)
				BeforeProcessingInitializeOnLoad (86ms)
				ProcessInitializeOnLoadAttributes (253ms)
				ProcessInitializeOnLoadMethodAttributes (46ms)
				AfterProcessingInitializeOnLoad (16ms)
				EditorAssembliesLoaded (0ms)
			ExecutionOrderSort2 (0ms)
			AwakeInstancesAfterBackupRestoration (18ms)
Platform modules already initialized, skipping
========================================================================
Worker process is ready to serve import requests
Launched and connected shader compiler UnityShaderCompiler.exe after 0.07 seconds
Refreshing native plugins compatible for Editor in 0.54 ms, found 3 plugins.
Preloading 0 native plugins for Editor in 0.00 ms.
Unloading 2139 Unused Serialized files (Serialized files now loaded: 0)
Unloading 30 unused Assets / (56.1 KB). Loaded Objects now: 2603.
Memory consumption went from 100.3 MB to 100.3 MB.
Total: 5.409400 ms (FindLiveObjects: 0.300900 ms CreateObjectMapping: 0.206700 ms MarkObjects: 4.807200 ms  DeleteObjects: 0.093400 ms)

AssetImportParameters requested are different than current active one (requested -> active):
  custom:video-decoder-ogg-theora: a1e56fd34408186e4bbccfd4996cb3dc -> 
  custom:container-muxer-webm: aa71ff27fc2769a1b78a27578f13a17b -> 
  custom:container-demuxer-webm: 4f35f7cbe854078d1ac9338744f61a02 -> 
  custom:video-encoder-webm-vp8: eb34c28f22e8b96e1ab97ce403110664 -> 
  custom:video-codec-MediaFoundation-h265: 746d11721c4dcdbdad8f713fa42b33f4 -> 
  custom:audio-encoder-webm-vorbis: bf7c407c2cedff20999df2af8eb42d56 -> 
  custom:framework-win-MediaFoundation: 216162199b28c13a410421893ffa2e32 -> 
  custom:container-demuxer-ogg: 62fdf1f143b41e24485cea50d1cbac27 -> 
  custom:video-decoder-webm-vp8: 9c59270c3fd7afecdb556c50c9e8de78 -> 
  custom:audio-decoder-ogg-vorbis: bf7c407c2cedff20999df2af8eb42d56 -> 
========================================================================
Received Import Request.
  Time since last request: 4258.320241 seconds.
  path: Assets/Scenes/MoriScene.unity
  artifactKey: Guid(df30263fc3fef984e8499f94007af6e9) Importer(815301076,1909f56bfc062723c751e8b465ee728b)
Start importing Assets/Scenes/MoriScene.unity using Guid(df30263fc3fef984e8499f94007af6e9) Importer(815301076,1909f56bfc062723c751e8b465ee728b)  -> (artifact id: '2b9514d93d82157f170554382c36d372') in 0.010823 seconds 
========================================================================
Received Prepare
Registering precompiled user dll's ...
Registered in 0.018074 seconds.
Begin MonoManager ReloadAssembly
Native extension for WindowsStandalone target not found
Refreshing native plugins compatible for Editor in 0.79 ms, found 3 plugins.
Preloading 0 native plugins for Editor in 0.00 ms.
Mono: successfully reloaded assembly
- Completed reload, in  1.446 seconds
Domain Reload Profiling:
	ReloadAssembly (1447ms)
		BeginReloadAssembly (186ms)
			ExecutionOrderSort (0ms)
			DisableScriptedObjects (7ms)
			BackupInstance (0ms)
			ReleaseScriptingObjects (0ms)
			CreateAndSetChildDomain (42ms)
		EndReloadAssembly (1098ms)
			LoadAssemblies (135ms)
			RebuildTransferFunctionScriptingTraits (0ms)
			SetupTypeCache (294ms)
			ReleaseScriptCaches (4ms)
			RebuildScriptCaches (60ms)
			SetupLoadedEditorAssemblies (526ms)
				LogAssemblyErrors (0ms)
				InitializePlatformSupportModulesInManaged (8ms)
				SetLoadedEditorAssemblies (1ms)
				RefreshPlugins (1ms)
				BeforeProcessingInitializeOnLoad (99ms)
				ProcessInitializeOnLoadAttributes (339ms)
				ProcessInitializeOnLoadMethodAttributes (53ms)
				AfterProcessingInitializeOnLoad (25ms)
				EditorAssembliesLoaded (0ms)
			ExecutionOrderSort2 (0ms)
			AwakeInstancesAfterBackupRestoration (21ms)
Platform modules already initialized, skipping
Refreshing native plugins compatible for Editor in 3.87 ms, found 3 plugins.
Preloading 0 native plugins for Editor in 0.00 ms.
Unloading 2128 Unused Serialized files (Serialized files now loaded: 0)
Unloading 17 unused Assets / (24.6 KB). Loaded Objects now: 2606.
Memory consumption went from 99.3 MB to 99.3 MB.
Total: 2.656400 ms (FindLiveObjects: 0.186900 ms CreateObjectMapping: 0.096200 ms MarkObjects: 2.351500 ms  DeleteObjects: 0.020800 ms)

AssetImportParameters requested are different than current active one (requested -> active):
  custom:video-decoder-ogg-theora: a1e56fd34408186e4bbccfd4996cb3dc -> 
  custom:container-muxer-webm: aa71ff27fc2769a1b78a27578f13a17b -> 
  custom:container-demuxer-webm: 4f35f7cbe854078d1ac9338744f61a02 -> 
  custom:video-encoder-webm-vp8: eb34c28f22e8b96e1ab97ce403110664 -> 
  custom:video-codec-MediaFoundation-h265: 746d11721c4dcdbdad8f713fa42b33f4 -> 
  custom:audio-encoder-webm-vorbis: bf7c407c2cedff20999df2af8eb42d56 -> 
  custom:framework-win-MediaFoundation: 216162199b28c13a410421893ffa2e32 -> 
  custom:container-demuxer-ogg: 62fdf1f143b41e24485cea50d1cbac27 -> 
  custom:video-decoder-webm-vp8: 9c59270c3fd7afecdb556c50c9e8de78 -> 
  custom:audio-decoder-ogg-vorbis: bf7c407c2cedff20999df2af8eb42d56 -> 
========================================================================
Received Import Request.
  Time since last request: 11.694208 seconds.
  path: Assets/Scenes/TestScene.unity
  artifactKey: Guid(2cda990e2423bbf4892e6590ba056729) Importer(815301076,1909f56bfc062723c751e8b465ee728b)
Start importing Assets/Scenes/TestScene.unity using Guid(2cda990e2423bbf4892e6590ba056729) Importer(815301076,1909f56bfc062723c751e8b465ee728b)  -> (artifact id: '4bf6f308fff6020ecd6409705155671c') in 0.013156 seconds 
========================================================================
Received Prepare
Registering precompiled user dll's ...
Registered in 0.009500 seconds.
Begin MonoManager ReloadAssembly
Native extension for WindowsStandalone target not found
Refreshing native plugins compatible for Editor in 0.94 ms, found 3 plugins.
Preloading 0 native plugins for Editor in 0.00 ms.
Mono: successfully reloaded assembly
- Completed reload, in  1.369 seconds
Domain Reload Profiling:
	ReloadAssembly (1370ms)
		BeginReloadAssembly (224ms)
			ExecutionOrderSort (0ms)
			DisableScriptedObjects (10ms)
			BackupInstance (0ms)
			ReleaseScriptingObjects (0ms)
			CreateAndSetChildDomain (38ms)
		EndReloadAssembly (1002ms)
			LoadAssemblies (181ms)
			RebuildTransferFunctionScriptingTraits (0ms)
			SetupTypeCache (289ms)
			ReleaseScriptCaches (1ms)
			RebuildScriptCaches (62ms)
			SetupLoadedEditorAssemblies (438ms)
				LogAssemblyErrors (0ms)
				InitializePlatformSupportModulesInManaged (18ms)
				SetLoadedEditorAssemblies (1ms)
				RefreshPlugins (1ms)
				BeforeProcessingInitializeOnLoad (89ms)
				ProcessInitializeOnLoadAttributes (265ms)
				ProcessInitializeOnLoadMethodAttributes (46ms)
				AfterProcessingInitializeOnLoad (19ms)
				EditorAssembliesLoaded (0ms)
			ExecutionOrderSort2 (0ms)
			AwakeInstancesAfterBackupRestoration (24ms)
Platform modules already initialized, skipping
Refreshing native plugins compatible for Editor in 3.95 ms, found 3 plugins.
Preloading 0 native plugins for Editor in 0.00 ms.
Unloading 2128 Unused Serialized files (Serialized files now loaded: 0)
Unloading 17 unused Assets / (24.6 KB). Loaded Objects now: 2609.
Memory consumption went from 99.4 MB to 99.3 MB.
Total: 2.908900 ms (FindLiveObjects: 0.264000 ms CreateObjectMapping: 0.145300 ms MarkObjects: 2.476400 ms  DeleteObjects: 0.022100 ms)

AssetImportParameters requested are different than current active one (requested -> active):
  custom:video-decoder-ogg-theora: a1e56fd34408186e4bbccfd4996cb3dc -> 
  custom:container-muxer-webm: aa71ff27fc2769a1b78a27578f13a17b -> 
  custom:container-demuxer-webm: 4f35f7cbe854078d1ac9338744f61a02 -> 
  custom:video-encoder-webm-vp8: eb34c28f22e8b96e1ab97ce403110664 -> 
  custom:video-codec-MediaFoundation-h265: 746d11721c4dcdbdad8f713fa42b33f4 -> 
  custom:audio-encoder-webm-vorbis: bf7c407c2cedff20999df2af8eb42d56 -> 
  custom:framework-win-MediaFoundation: 216162199b28c13a410421893ffa2e32 -> 
  custom:container-demuxer-ogg: 62fdf1f143b41e24485cea50d1cbac27 -> 
  custom:video-decoder-webm-vp8: 9c59270c3fd7afecdb556c50c9e8de78 -> 
  custom:audio-decoder-ogg-vorbis: bf7c407c2cedff20999df2af8eb42d56 -> 
========================================================================
Received Import Request.
  Time since last request: 45.182230 seconds.
  path: Assets/Scripts/Mori/Player/Player.cs
  artifactKey: Guid(0fe17a4f6e609294ebad6f316272de60) Importer(815301076,1909f56bfc062723c751e8b465ee728b)
Start importing Assets/Scripts/Mori/Player/Player.cs using Guid(0fe17a4f6e609294ebad6f316272de60) Importer(815301076,1909f56bfc062723c751e8b465ee728b)  -> (artifact id: '67e4e3509617a05d9a16faa29cf5bdf0') in 0.047895 seconds 
========================================================================
Received Import Request.
  Time since last request: 0.342162 seconds.
  path: Assets/Scripts/Mori/Player
  artifactKey: Guid(bbf9dfcb7a7d37743935d1e5dd4806eb) Importer(815301076,1909f56bfc062723c751e8b465ee728b)
Start importing Assets/Scripts/Mori/Player using Guid(bbf9dfcb7a7d37743935d1e5dd4806eb) Importer(815301076,1909f56bfc062723c751e8b465ee728b)  -> (artifact id: '00d9ba6c0d5ae6d5a9050b0c415c4af8') in 0.002518 seconds 
========================================================================
Received Import Request.
  Time since last request: 1.504007 seconds.
  path: Assets/Scripts/Mori/Enemy/Enemy.cs
  artifactKey: Guid(c89ce2617caaf044f906c7a93098297d) Importer(815301076,1909f56bfc062723c751e8b465ee728b)
Start importing Assets/Scripts/Mori/Enemy/Enemy.cs using Guid(c89ce2617caaf044f906c7a93098297d) Importer(815301076,1909f56bfc062723c751e8b465ee728b)  -> (artifact id: 'a8262152b587013af81607d05750db26') in 0.003017 seconds 
========================================================================
Received Import Request.
  Time since last request: 14.275177 seconds.
  path: Assets/Scripts/Mori/Enemy/Enemy.cs
  artifactKey: Guid(c89ce2617caaf044f906c7a93098297d) Importer(815301076,1909f56bfc062723c751e8b465ee728b)
Start importing Assets/Scripts/Mori/Enemy/Enemy.cs using Guid(c89ce2617caaf044f906c7a93098297d) Importer(815301076,1909f56bfc062723c751e8b465ee728b)  -> (artifact id: 'dd49440491fe09150fe3034f20d3806b') in 0.012441 seconds 
========================================================================
Received Import Request.
  Time since last request: 6.902449 seconds.
  path: Assets/Scripts/Mori/Enemy/Enemy.cs
  artifactKey: Guid(c89ce2617caaf044f906c7a93098297d) Importer(815301076,1909f56bfc062723c751e8b465ee728b)
Start importing Assets/Scripts/Mori/Enemy/Enemy.cs using Guid(c89ce2617caaf044f906c7a93098297d) Importer(815301076,1909f56bfc062723c751e8b465ee728b)  -> (artifact id: '85d02d0bf91556eb0fe4b9d1d14ada14') in 0.005031 seconds 
========================================================================
Received Prepare
Registering precompiled user dll's ...
Registered in 0.011491 seconds.
Begin MonoManager ReloadAssembly
Native extension for WindowsStandalone target not found
Refreshing native plugins compatible for Editor in 0.47 ms, found 3 plugins.
Preloading 0 native plugins for Editor in 0.00 ms.
Mono: successfully reloaded assembly
- Completed reload, in  1.296 seconds
Domain Reload Profiling:
	ReloadAssembly (1296ms)
		BeginReloadAssembly (198ms)
			ExecutionOrderSort (0ms)
			DisableScriptedObjects (9ms)
			BackupInstance (0ms)
			ReleaseScriptingObjects (0ms)
			CreateAndSetChildDomain (42ms)
		EndReloadAssembly (919ms)
			LoadAssemblies (145ms)
			RebuildTransferFunctionScriptingTraits (0ms)
			SetupTypeCache (254ms)
			ReleaseScriptCaches (1ms)
			RebuildScriptCaches (52ms)
			SetupLoadedEditorAssemblies (436ms)
				LogAssemblyErrors (0ms)
				InitializePlatformSupportModulesInManaged (9ms)
				SetLoadedEditorAssemblies (0ms)
				RefreshPlugins (1ms)
				BeforeProcessingInitializeOnLoad (105ms)
				ProcessInitializeOnLoadAttributes (258ms)
				ProcessInitializeOnLoadMethodAttributes (41ms)
				AfterProcessingInitializeOnLoad (22ms)
				EditorAssembliesLoaded (0ms)
			ExecutionOrderSort2 (0ms)
			AwakeInstancesAfterBackupRestoration (18ms)
Platform modules already initialized, skipping
Refreshing native plugins compatible for Editor in 2.87 ms, found 3 plugins.
Preloading 0 native plugins for Editor in 0.00 ms.
Unloading 2128 Unused Serialized files (Serialized files now loaded: 0)
Unloading 17 unused Assets / (24.7 KB). Loaded Objects now: 2612.
Memory consumption went from 99.4 MB to 99.3 MB.
Total: 3.667000 ms (FindLiveObjects: 0.169700 ms CreateObjectMapping: 0.075000 ms MarkObjects: 3.399100 ms  DeleteObjects: 0.022300 ms)

AssetImportParameters requested are different than current active one (requested -> active):
  custom:video-decoder-ogg-theora: a1e56fd34408186e4bbccfd4996cb3dc -> 
  custom:container-muxer-webm: aa71ff27fc2769a1b78a27578f13a17b -> 
  custom:container-demuxer-webm: 4f35f7cbe854078d1ac9338744f61a02 -> 
  custom:video-encoder-webm-vp8: eb34c28f22e8b96e1ab97ce403110664 -> 
  custom:video-codec-MediaFoundation-h265: 746d11721c4dcdbdad8f713fa42b33f4 -> 
  custom:audio-encoder-webm-vorbis: bf7c407c2cedff20999df2af8eb42d56 -> 
  custom:framework-win-MediaFoundation: 216162199b28c13a410421893ffa2e32 -> 
  custom:container-demuxer-ogg: 62fdf1f143b41e24485cea50d1cbac27 -> 
  custom:video-decoder-webm-vp8: 9c59270c3fd7afecdb556c50c9e8de78 -> 
  custom:audio-decoder-ogg-vorbis: bf7c407c2cedff20999df2af8eb42d56 -> 
========================================================================
Received Import Request.
  Time since last request: 15.647685 seconds.
  path: Assets/Scenes
  artifactKey: Guid(131a6b21c8605f84396be9f6751fb6e3) Importer(815301076,1909f56bfc062723c751e8b465ee728b)
Start importing Assets/Scenes using Guid(131a6b21c8605f84396be9f6751fb6e3) Importer(815301076,1909f56bfc062723c751e8b465ee728b)  -> (artifact id: '4935f35005d3ccd51bf39964504ff1b7') in 0.015584 seconds 
========================================================================
Received Import Request.
  Time since last request: 45.074071 seconds.
  path: Assets/Scenes/Tutorial.unity
  artifactKey: Guid(89a3249075e03954187306a4a8b61377) Importer(815301076,1909f56bfc062723c751e8b465ee728b)
Start importing Assets/Scenes/Tutorial.unity using Guid(89a3249075e03954187306a4a8b61377) Importer(815301076,1909f56bfc062723c751e8b465ee728b)  -> (artifact id: '728503d695b2c38ac30f9ae4c914625b') in 0.011825 seconds 
========================================================================
Received Import Request.
  Time since last request: 21.902016 seconds.
  path: Assets/Components/Prefabs/Archtiecture
  artifactKey: Guid(9b1b3f71a52d67d468be3d6f6689c805) Importer(815301076,1909f56bfc062723c751e8b465ee728b)
Start importing Assets/Components/Prefabs/Archtiecture using Guid(9b1b3f71a52d67d468be3d6f6689c805) Importer(815301076,1909f56bfc062723c751e8b465ee728b)  -> (artifact id: '4bc590001dda7696bc7a3596824ec004') in 0.010159 seconds 
========================================================================
Received Import Request.
  Time since last request: 2.560157 seconds.
  path: Assets/Components/UnityAssets
  artifactKey: Guid(145be0ddb0c1d584db2cb72c0499e854) Importer(815301076,1909f56bfc062723c751e8b465ee728b)
Start importing Assets/Components/UnityAssets using Guid(145be0ddb0c1d584db2cb72c0499e854) Importer(815301076,1909f56bfc062723c751e8b465ee728b)  -> (artifact id: '54065ed90c330be23774ee3e69a056fa') in 0.013052 seconds 
========================================================================
Received Import Request.
  Time since last request: 7.088776 seconds.
  path: Assets/Components/UnityAssets/Graphics/Architecture/DarkForest
  artifactKey: Guid(1e9b1c64df89f434ead89e00d892ee73) Importer(815301076,1909f56bfc062723c751e8b465ee728b)
Start importing Assets/Components/UnityAssets/Graphics/Architecture/DarkForest using Guid(1e9b1c64df89f434ead89e00d892ee73) Importer(815301076,1909f56bfc062723c751e8b465ee728b)  -> (artifact id: '6dde2e7cb347297d630f63473a5429a5') in 0.008507 seconds 
========================================================================
Received Import Request.
  Time since last request: 1.207020 seconds.
  path: Assets/Components/UnityAssets/Graphics/Architecture/DarkForest/bgrd_tree2.png
  artifactKey: Guid(30d927867cdc33948be428bbf4e7e291) Importer(815301076,1909f56bfc062723c751e8b465ee728b)
Start importing Assets/Components/UnityAssets/Graphics/Architecture/DarkForest/bgrd_tree2.png using Guid(30d927867cdc33948be428bbf4e7e291) Importer(815301076,1909f56bfc062723c751e8b465ee728b)  -> (artifact id: '9bca2da79d7cee3836b6b982187625c7') in 0.217676 seconds 
========================================================================
Received Import Request.
  Time since last request: 0.126656 seconds.
  path: Assets/Components/UnityAssets/Graphics/Architecture/DarkForest/bgrd_tree1.png
  artifactKey: Guid(d7cdf487662b4cd46a8deda23bbd5e4f) Importer(815301076,1909f56bfc062723c751e8b465ee728b)
Start importing Assets/Components/UnityAssets/Graphics/Architecture/DarkForest/bgrd_tree1.png using Guid(d7cdf487662b4cd46a8deda23bbd5e4f) Importer(815301076,1909f56bfc062723c751e8b465ee728b)  -> (artifact id: '2d974bdb22956daf3c0008e2389322aa') in 0.022197 seconds 
========================================================================
Received Import Request.
  Time since last request: 0.509639 seconds.
  path: Assets/Components/UnityAssets/Graphics/Architecture/DarkForest/bgrd_tree3.png
  artifactKey: Guid(91512e8d5a2534444a84140a432339ad) Importer(815301076,1909f56bfc062723c751e8b465ee728b)
Start importing Assets/Components/UnityAssets/Graphics/Architecture/DarkForest/bgrd_tree3.png using Guid(91512e8d5a2534444a84140a432339ad) Importer(815301076,1909f56bfc062723c751e8b465ee728b)  -> (artifact id: '67c4a0faeeb6738fb8a226084fa006b8') in 0.030115 seconds 
========================================================================
Received Import Request.
  Time since last request: 0.329945 seconds.
  path: Assets/Components/UnityAssets/Graphics/Architecture/DarkForest/bgrd_tree4.png
  artifactKey: Guid(ce4173bb101618842bf92fde052b8d5e) Importer(815301076,1909f56bfc062723c751e8b465ee728b)
Start importing Assets/Components/UnityAssets/Graphics/Architecture/DarkForest/bgrd_tree4.png using Guid(ce4173bb101618842bf92fde052b8d5e) Importer(815301076,1909f56bfc062723c751e8b465ee728b)  -> (artifact id: '12cb25d21277dd8c91b3daf84fc0061d') in 0.024422 seconds 
========================================================================
Received Import Request.
  Time since last request: 0.357540 seconds.
  path: Assets/Components/UnityAssets/Graphics/Architecture/DarkForest/castle_env.png
  artifactKey: Guid(d1f309c41c487454987f5dc2628fa35b) Importer(815301076,1909f56bfc062723c751e8b465ee728b)
Start importing Assets/Components/UnityAssets/Graphics/Architecture/DarkForest/castle_env.png using Guid(d1f309c41c487454987f5dc2628fa35b) Importer(815301076,1909f56bfc062723c751e8b465ee728b)  -> (artifact id: '05e9d272c1f304371e0f7667b7bcb11d') in 0.064598 seconds 
========================================================================
Received Import Request.
  Time since last request: 0.756045 seconds.
  path: Assets/Components/UnityAssets/Graphics/Architecture/DarkForest/decorative_obj.png
  artifactKey: Guid(b8fe7a9e067ed8f47b317db37982df65) Importer(815301076,1909f56bfc062723c751e8b465ee728b)
Start importing Assets/Components/UnityAssets/Graphics/Architecture/DarkForest/decorative_obj.png using Guid(b8fe7a9e067ed8f47b317db37982df65) Importer(815301076,1909f56bfc062723c751e8b465ee728b)  -> (artifact id: 'bbe12ea295719d36fc90767063a449b5') in 0.043171 seconds 
========================================================================
Received Import Request.
  Time since last request: 0.489606 seconds.
  path: Assets/Components/UnityAssets/Graphics/Architecture/DarkForest/env_mon.png
  artifactKey: Guid(6df43a89260361b4abab8a4462d9b990) Importer(815301076,1909f56bfc062723c751e8b465ee728b)
Start importing Assets/Components/UnityAssets/Graphics/Architecture/DarkForest/env_mon.png using Guid(6df43a89260361b4abab8a4462d9b990) Importer(815301076,1909f56bfc062723c751e8b465ee728b)  -> (artifact id: 'b143d97d36d5cf1468635260ba6ccff0') in 0.056302 seconds 
========================================================================
Received Import Request.
  Time since last request: 0.491759 seconds.
  path: Assets/Components/UnityAssets/Graphics/Architecture/DarkForest/env_rock.png
  artifactKey: Guid(5404507cd4e7c8840b2d59b3ba92f1f2) Importer(815301076,1909f56bfc062723c751e8b465ee728b)
Start importing Assets/Components/UnityAssets/Graphics/Architecture/DarkForest/env_rock.png using Guid(5404507cd4e7c8840b2d59b3ba92f1f2) Importer(815301076,1909f56bfc062723c751e8b465ee728b)  -> (artifact id: 'adf536fcaf96c33224d1da87f593b95a') in 0.029155 seconds 
========================================================================
Received Import Request.
  Time since last request: 0.494789 seconds.
  path: Assets/Components/UnityAssets/Graphics/Architecture/DarkForest/main_background.png
  artifactKey: Guid(5e6776273ebd4ea40ac63927de0141b4) Importer(815301076,1909f56bfc062723c751e8b465ee728b)
Start importing Assets/Components/UnityAssets/Graphics/Architecture/DarkForest/main_background.png using Guid(5e6776273ebd4ea40ac63927de0141b4) Importer(815301076,1909f56bfc062723c751e8b465ee728b)  -> (artifact id: 'd0769fea56cbb61cdf3d5b27301e6605') in 0.054073 seconds 
========================================================================
Received Import Request.
  Time since last request: 0.704439 seconds.
  path: Assets/Components/UnityAssets/Graphics/Architecture/DarkForest/env_trees.png
  artifactKey: Guid(589d32be6874be94db90b53d2cf39dcb) Importer(815301076,1909f56bfc062723c751e8b465ee728b)
Start importing Assets/Components/UnityAssets/Graphics/Architecture/DarkForest/env_trees.png using Guid(589d32be6874be94db90b53d2cf39dcb) Importer(815301076,1909f56bfc062723c751e8b465ee728b)  -> (artifact id: '865ab56a9dd39b0be8103fa15b0d64a2') in 0.035485 seconds 
========================================================================
Received Import Request.
  Time since last request: 0.538443 seconds.
  path: Assets/Components/UnityAssets/Graphics/Architecture/DarkForest/top_far_bgrnd.png
  artifactKey: Guid(01b98cbf52cc1e74ab128323abd942f1) Importer(815301076,1909f56bfc062723c751e8b465ee728b)
Start importing Assets/Components/UnityAssets/Graphics/Architecture/DarkForest/top_far_bgrnd.png using Guid(01b98cbf52cc1e74ab128323abd942f1) Importer(815301076,1909f56bfc062723c751e8b465ee728b)  -> (artifact id: '1e6e24cf27070df1d4274a67a36fb025') in 0.052566 seconds 
========================================================================
Received Import Request.
  Time since last request: 0.711823 seconds.
  path: Assets/Components/UnityAssets/Graphics/Architecture/DarkForest/wood_env.png
  artifactKey: Guid(538f614526863314ba3255aac0b8ac84) Importer(815301076,1909f56bfc062723c751e8b465ee728b)
Start importing Assets/Components/UnityAssets/Graphics/Architecture/DarkForest/wood_env.png using Guid(538f614526863314ba3255aac0b8ac84) Importer(815301076,1909f56bfc062723c751e8b465ee728b)  -> (artifact id: '2eb9f4f8ef660769dd3f690b23ebad2f') in 0.023441 seconds 
========================================================================
Received Import Request.
  Time since last request: 2.260997 seconds.
  path: Assets/Components/UnityAssets/Graphics/Architecture/Forest/bakcground_day1.png
  artifactKey: Guid(4781dd147615ccd44890f69fa5d8fba3) Importer(815301076,1909f56bfc062723c751e8b465ee728b)
Start importing Assets/Components/UnityAssets/Graphics/Architecture/Forest/bakcground_day1.png using Guid(4781dd147615ccd44890f69fa5d8fba3) Importer(815301076,1909f56bfc062723c751e8b465ee728b)  -> (artifact id: '2420dc43cb0aa34ab5138a51a9930365') in 0.042964 seconds 
========================================================================
Received Import Request.
  Time since last request: 0.422155 seconds.
  path: Assets/Components/UnityAssets/Graphics/Architecture/Forest/background_obj.png
  artifactKey: Guid(37fc785f88af083479f393fce0a598ce) Importer(815301076,1909f56bfc062723c751e8b465ee728b)
Start importing Assets/Components/UnityAssets/Graphics/Architecture/Forest/background_obj.png using Guid(37fc785f88af083479f393fce0a598ce) Importer(815301076,1909f56bfc062723c751e8b465ee728b)  -> (artifact id: '89f78d81ce3f28c8188146b3091cc009') in 0.103803 seconds 
========================================================================
Received Import Request.
  Time since last request: 0.194081 seconds.
  path: Assets/Components/UnityAssets/Graphics/Architecture/Forest/bakcground_night1.png
  artifactKey: Guid(53a4c9728b9706548a215c976a1bfddc) Importer(815301076,1909f56bfc062723c751e8b465ee728b)
Start importing Assets/Components/UnityAssets/Graphics/Architecture/Forest/bakcground_night1.png using Guid(53a4c9728b9706548a215c976a1bfddc) Importer(815301076,1909f56bfc062723c751e8b465ee728b)  -> (artifact id: '8ec7b7d9f5577a84f5a63e72e307f5f7') in 0.034661 seconds 
========================================================================
Received Import Request.
  Time since last request: 0.457878 seconds.
  path: Assets/Components/UnityAssets/Graphics/Architecture/Forest/bakcground_night3.png
  artifactKey: Guid(8a025b30d092fde4fa68fc0880639d6b) Importer(815301076,1909f56bfc062723c751e8b465ee728b)
Start importing Assets/Components/UnityAssets/Graphics/Architecture/Forest/bakcground_night3.png using Guid(8a025b30d092fde4fa68fc0880639d6b) Importer(815301076,1909f56bfc062723c751e8b465ee728b)  -> (artifact id: 'ebb4a8558b30974f7f9f2f560a8eba9f') in 0.031328 seconds 
========================================================================
Received Import Request.
  Time since last request: 0.408269 seconds.
  path: Assets/Components/UnityAssets/Graphics/Architecture/Forest/decorative_obj.png
  artifactKey: Guid(8756fc8cae5e5bc4291a639a9d70acd8) Importer(815301076,1909f56bfc062723c751e8b465ee728b)
Start importing Assets/Components/UnityAssets/Graphics/Architecture/Forest/decorative_obj.png using Guid(8756fc8cae5e5bc4291a639a9d70acd8) Importer(815301076,1909f56bfc062723c751e8b465ee728b)  -> (artifact id: '166f38db1821a2f064a42d2acc3070a2') in 0.049371 seconds 
========================================================================
Received Import Request.
  Time since last request: 0.305517 seconds.
  path: Assets/Components/UnityAssets/Graphics/Architecture/Forest/mainlevbuild.png
  artifactKey: Guid(533aec38f3567d94ea932eb29c126371) Importer(815301076,1909f56bfc062723c751e8b465ee728b)
Start importing Assets/Components/UnityAssets/Graphics/Architecture/Forest/mainlevbuild.png using Guid(533aec38f3567d94ea932eb29c126371) Importer(815301076,1909f56bfc062723c751e8b465ee728b)  -> (artifact id: 'b996b04d10f13f6c485938d3ce5dd61f') in 0.122932 seconds 
========================================================================
Received Import Request.
  Time since last request: 21.452694 seconds.
  path: Assets/Components/UnityAssets/Graphics/Architecture/DarkForest/env_ground.png
  artifactKey: Guid(407e8156b92be3b469ad472a770b8aad) Importer(815301076,1909f56bfc062723c751e8b465ee728b)
Start importing Assets/Components/UnityAssets/Graphics/Architecture/DarkForest/env_ground.png using Guid(407e8156b92be3b469ad472a770b8aad) Importer(815301076,1909f56bfc062723c751e8b465ee728b)  -> (artifact id: '637e757a039136e783825890bef70bc1') in 0.035875 seconds 
========================================================================
Received Import Request.
  Time since last request: 40.882160 seconds.
  path: Assets/Components/UnityAssets/Graphics/Architecture/DarkForest/env_rock.png
  artifactKey: Guid(5404507cd4e7c8840b2d59b3ba92f1f2) Importer(815301076,1909f56bfc062723c751e8b465ee728b)
Start importing Assets/Components/UnityAssets/Graphics/Architecture/DarkForest/env_rock.png using Guid(5404507cd4e7c8840b2d59b3ba92f1f2) Importer(815301076,1909f56bfc062723c751e8b465ee728b)  -> (artifact id: 'fc052bd9dd00c6e3a8f9b71b3a17ac75') in 0.035340 seconds 
========================================================================
Received Import Request.
  Time since last request: 1.940265 seconds.
  path: Assets/Components/UnityAssets/Graphics/Architecture/mountain of elves/BG_2
  artifactKey: Guid(79afef15f3e6f56458204796a14fdda9) Importer(815301076,1909f56bfc062723c751e8b465ee728b)
Start importing Assets/Components/UnityAssets/Graphics/Architecture/mountain of elves/BG_2 using Guid(79afef15f3e6f56458204796a14fdda9) Importer(815301076,1909f56bfc062723c751e8b465ee728b)  -> (artifact id: '986c50e77dd6cc45febf0162b051bd4e') in 0.012416 seconds 
========================================================================
Received Import Request.
  Time since last request: 0.469506 seconds.
  path: Assets/Components/UnityAssets/Graphics/Architecture/mountain of elves/Mockup.png
  artifactKey: Guid(ae0aff1934ca0004d8e7300d1ebfef5c) Importer(815301076,1909f56bfc062723c751e8b465ee728b)
Start importing Assets/Components/UnityAssets/Graphics/Architecture/mountain of elves/Mockup.png using Guid(ae0aff1934ca0004d8e7300d1ebfef5c) Importer(815301076,1909f56bfc062723c751e8b465ee728b)  -> (artifact id: 'b131b9eaaec0b80af63d434266f30245') in 0.060390 seconds 
========================================================================
Received Import Request.
  Time since last request: 0.245470 seconds.
  path: Assets/Components/UnityAssets/Graphics/Architecture/mountain of elves/BG_3
  artifactKey: Guid(e6d622312b193b146ba495dfc0671e7b) Importer(815301076,1909f56bfc062723c751e8b465ee728b)
Start importing Assets/Components/UnityAssets/Graphics/Architecture/mountain of elves/BG_3 using Guid(e6d622312b193b146ba495dfc0671e7b) Importer(815301076,1909f56bfc062723c751e8b465ee728b)  -> (artifact id: '0f56ca442e6bc58ad4231ff04132d56f') in 0.016016 seconds 
========================================================================
Received Import Request.
  Time since last request: 8.735059 seconds.
  path: Assets/Components/UnityAssets/Graphics/Architecture/mountain of elves/Terrain-and-Props-OLD.png
  artifactKey: Guid(efe89a6de35a1904bbb157bc1b79cb0b) Importer(815301076,1909f56bfc062723c751e8b465ee728b)
Start importing Assets/Components/UnityAssets/Graphics/Architecture/mountain of elves/Terrain-and-Props-OLD.png using Guid(efe89a6de35a1904bbb157bc1b79cb0b) Importer(815301076,1909f56bfc062723c751e8b465ee728b)  -> (artifact id: 'e32ef3d31e1080b312aef5b421f63643') in 0.026933 seconds 
========================================================================
Received Import Request.
  Time since last request: 0.567259 seconds.
  path: Assets/Components/UnityAssets/Graphics/Architecture/WorldTree
  artifactKey: Guid(12d55ec4e31eb734da6e22342db7a603) Importer(815301076,1909f56bfc062723c751e8b465ee728b)
Start importing Assets/Components/UnityAssets/Graphics/Architecture/WorldTree using Guid(12d55ec4e31eb734da6e22342db7a603) Importer(815301076,1909f56bfc062723c751e8b465ee728b)  -> (artifact id: '55a1780e07fd279622c05810090fbd42') in 0.008639 seconds 
========================================================================
Received Import Request.
  Time since last request: 0.489805 seconds.
  path: Assets/Components/UnityAssets/Graphics/Architecture/mountain of elves/Terrain_and_Props.png
  artifactKey: Guid(f7d9b4b47d6f4334da89858d84f40c88) Importer(815301076,1909f56bfc062723c751e8b465ee728b)
Start importing Assets/Components/UnityAssets/Graphics/Architecture/mountain of elves/Terrain_and_Props.png using Guid(f7d9b4b47d6f4334da89858d84f40c88) Importer(815301076,1909f56bfc062723c751e8b465ee728b)  -> (artifact id: 'b48ddc57e43adf5dd0709939fb819615') in 0.029091 seconds 
========================================================================
Received Import Request.
  Time since last request: 1.303203 seconds.
  path: Assets/Components/UnityAssets/Graphics/Architecture/WorldTree/dodo.png
  artifactKey: Guid(05755a65213cf9d4c9d4ad1ce9e36014) Importer(815301076,1909f56bfc062723c751e8b465ee728b)
Start importing Assets/Components/UnityAssets/Graphics/Architecture/WorldTree/dodo.png using Guid(05755a65213cf9d4c9d4ad1ce9e36014) Importer(815301076,1909f56bfc062723c751e8b465ee728b)  -> (artifact id: '744c418c43151412c3b80e632849312e') in 0.018410 seconds 
========================================================================
Received Import Request.
  Time since last request: 0.478748 seconds.
  path: Assets/Components/UnityAssets/Graphics/Architecture/WorldTree/platform.png
  artifactKey: Guid(940800e2b46b6c04382f54e5bf03269d) Importer(815301076,1909f56bfc062723c751e8b465ee728b)
Start importing Assets/Components/UnityAssets/Graphics/Architecture/WorldTree/platform.png using Guid(940800e2b46b6c04382f54e5bf03269d) Importer(815301076,1909f56bfc062723c751e8b465ee728b)  -> (artifact id: 'ca3af5d99cc3cfedc3eaf0c2762fff26') in 0.091079 seconds 
========================================================================
Received Import Request.
  Time since last request: 0.356183 seconds.
  path: Assets/Components/UnityAssets/Graphics/Architecture/WorldTree/windrise-background-4k.png
  artifactKey: Guid(fb30c369733aa8746930552acf0fee50) Importer(815301076,1909f56bfc062723c751e8b465ee728b)
Start importing Assets/Components/UnityAssets/Graphics/Architecture/WorldTree/windrise-background-4k.png using Guid(fb30c369733aa8746930552acf0fee50) Importer(815301076,1909f56bfc062723c751e8b465ee728b)  -> (artifact id: '359e5565cea51161a866f9689d2c64d0') in 0.147686 seconds 
========================================================================
Received Import Request.
  Time since last request: 0.363022 seconds.
  path: Assets/Components/UnityAssets/Graphics/Architecture/WorldTree/windrise-background.png
  artifactKey: Guid(c240150e1a05c924f87f3b7c93cccac0) Importer(815301076,1909f56bfc062723c751e8b465ee728b)
Start importing Assets/Components/UnityAssets/Graphics/Architecture/WorldTree/windrise-background.png using Guid(c240150e1a05c924f87f3b7c93cccac0) Importer(815301076,1909f56bfc062723c751e8b465ee728b)  -> (artifact id: '01cc7655675f01434b916ff9a44a058c') in 0.089515 seconds 
========================================================================
Received Import Request.
  Time since last request: 6.596273 seconds.
  path: Assets/Components/UnityAssets/Graphics/Architecture/WorldTree/desktop.ini
  artifactKey: Guid(f1f73cb3564e77549a034a0925b1bc3a) Importer(815301076,1909f56bfc062723c751e8b465ee728b)
Start importing Assets/Components/UnityAssets/Graphics/Architecture/WorldTree/desktop.ini using Guid(f1f73cb3564e77549a034a0925b1bc3a) Importer(815301076,1909f56bfc062723c751e8b465ee728b)  -> (artifact id: '9beef134dab111c1fd303cac88627f11') in 0.019073 seconds 
========================================================================
Received Import Request.
  Time since last request: 7.231727 seconds.
  path: Assets/Components/UnityAssets/Graphics/Character
  artifactKey: Guid(085a4286b91104348b2804dd053e595c) Importer(815301076,1909f56bfc062723c751e8b465ee728b)
Start importing Assets/Components/UnityAssets/Graphics/Character using Guid(085a4286b91104348b2804dd053e595c) Importer(815301076,1909f56bfc062723c751e8b465ee728b)  -> (artifact id: 'a0f7f7fc234867028ff75c167444c830') in 0.009217 seconds 
========================================================================
Received Import Request.
  Time since last request: 3.090113 seconds.
  path: Assets/Components/UnityAssets/Graphics/Architecture/mountain of elves/BG_3/BG_3.png
  artifactKey: Guid(cb6c7a75faaa5184caad55f0d307d932) Importer(815301076,1909f56bfc062723c751e8b465ee728b)
Start importing Assets/Components/UnityAssets/Graphics/Architecture/mountain of elves/BG_3/BG_3.png using Guid(cb6c7a75faaa5184caad55f0d307d932) Importer(815301076,1909f56bfc062723c751e8b465ee728b)  -> (artifact id: '10eff8321ced96e60256f3c1aabd5323') in 0.051213 seconds 
========================================================================
Received Import Request.
  Time since last request: 0.380660 seconds.
  path: Assets/Components/UnityAssets/Graphics/Architecture/mountain of elves/BG_3/BG_3_alt.png
  artifactKey: Guid(80618bef043ea314f9a141504abfdf1f) Importer(815301076,1909f56bfc062723c751e8b465ee728b)
Start importing Assets/Components/UnityAssets/Graphics/Architecture/mountain of elves/BG_3/BG_3_alt.png using Guid(80618bef043ea314f9a141504abfdf1f) Importer(815301076,1909f56bfc062723c751e8b465ee728b)  -> (artifact id: '71d8d930a5e47611537e8228d60667d6') in 0.049230 seconds 
========================================================================
Received Import Request.
  Time since last request: 3.260760 seconds.
  path: Assets/Components/UnityAssets/Graphics/Architecture/mountain of elves
  artifactKey: Guid(7157ec12c00c5eb45b4143715b90e050) Importer(815301076,1909f56bfc062723c751e8b465ee728b)
Start importing Assets/Components/UnityAssets/Graphics/Architecture/mountain of elves using Guid(7157ec12c00c5eb45b4143715b90e050) Importer(815301076,1909f56bfc062723c751e8b465ee728b)  -> (artifact id: 'e3e2cb76bdb90cc57c2e40010cd2daf0') in 0.007963 seconds 
========================================================================
Received Import Request.
  Time since last request: 126.815806 seconds.
  path: Assets/Components/UnityAssets/Graphics/Architecture/DarkForest/bgrd_tree5.png
  artifactKey: Guid(9a5e10cc1fae0c348a4080ad0f430ba7) Importer(815301076,1909f56bfc062723c751e8b465ee728b)
Start importing Assets/Components/UnityAssets/Graphics/Architecture/DarkForest/bgrd_tree5.png using Guid(9a5e10cc1fae0c348a4080ad0f430ba7) Importer(815301076,1909f56bfc062723c751e8b465ee728b)  -> (artifact id: '710d942a16b240ff279ac0e8d0692d0c') in 0.035306 seconds 
========================================================================
Received Import Request.
  Time since last request: 3.014794 seconds.
  path: Assets/Components/UnityAssets/Graphics/Architecture/Forest
  artifactKey: Guid(2135e88cc7d3de343accff34815f1e5f) Importer(815301076,1909f56bfc062723c751e8b465ee728b)
Start importing Assets/Components/UnityAssets/Graphics/Architecture/Forest using Guid(2135e88cc7d3de343accff34815f1e5f) Importer(815301076,1909f56bfc062723c751e8b465ee728b)  -> (artifact id: '48d992dcbb837c2ccb1c585f25b70d70') in 0.008806 seconds 
========================================================================
Received Import Request.
  Time since last request: 1.939504 seconds.
  path: Assets/Components/UnityAssets/Graphics/Architecture/Forest/bakcground_day2.png
  artifactKey: Guid(49f8bd9c688f0d348a152b635fa63c41) Importer(815301076,1909f56bfc062723c751e8b465ee728b)
Start importing Assets/Components/UnityAssets/Graphics/Architecture/Forest/bakcground_day2.png using Guid(49f8bd9c688f0d348a152b635fa63c41) Importer(815301076,1909f56bfc062723c751e8b465ee728b)  -> (artifact id: '34cab517a174bd35b18a6770f0745b01') in 0.030657 seconds 
========================================================================
Received Import Request.
  Time since last request: 0.953324 seconds.
  path: Assets/Components/UnityAssets/Graphics/Architecture/Forest/bakcground_night2.png
  artifactKey: Guid(2a1aa5587c1e3b346b3bd1fa12ca5dc3) Importer(815301076,1909f56bfc062723c751e8b465ee728b)
Start importing Assets/Components/UnityAssets/Graphics/Architecture/Forest/bakcground_night2.png using Guid(2a1aa5587c1e3b346b3bd1fa12ca5dc3) Importer(815301076,1909f56bfc062723c751e8b465ee728b)  -> (artifact id: '29f96cb1ae99eb6d1f283597edbe24f2') in 0.024012 seconds 
========================================================================
Received Import Request.
  Time since last request: 67.746852 seconds.
  path: Assets/Components/UnityAssets/Graphics/Architecture/Forest/bakcground_day3.png
  artifactKey: Guid(711f6fae8a9a67f4496ad2d82a098c37) Importer(815301076,1909f56bfc062723c751e8b465ee728b)
Start importing Assets/Components/UnityAssets/Graphics/Architecture/Forest/bakcground_day3.png using Guid(711f6fae8a9a67f4496ad2d82a098c37) Importer(815301076,1909f56bfc062723c751e8b465ee728b)  -> (artifact id: '4d6de14fbe26fa2d0ca86b299b74f0c0') in 0.032377 seconds 
========================================================================
Received Import Request.
  Time since last request: 110.716972 seconds.
  path: Assets/Components/UnityAssets/Graphics/Architecture/DarkForest/New Palette.prefab
  artifactKey: Guid(c6385793c07e84e4a9a1163b3ee03574) Importer(815301076,1909f56bfc062723c751e8b465ee728b)
Start importing Assets/Components/UnityAssets/Graphics/Architecture/DarkForest/New Palette.prefab using Guid(c6385793c07e84e4a9a1163b3ee03574) Importer(815301076,1909f56bfc062723c751e8b465ee728b)  -> (artifact id: '358c24481ceda398e2ab9276c6a3b039') in 0.089861 seconds 
========================================================================
Received Import Request.
  Time since last request: 37.009591 seconds.
  path: Assets/Components/UnityAssets/Graphics/Architecture
  artifactKey: Guid(c7e79ef8caa0576468440dc778186c01) Importer(815301076,1909f56bfc062723c751e8b465ee728b)
Start importing Assets/Components/UnityAssets/Graphics/Architecture using Guid(c7e79ef8caa0576468440dc778186c01) Importer(815301076,1909f56bfc062723c751e8b465ee728b)  -> (artifact id: 'c0f21af41346cf7f7ccc19bbd409cf5e') in 0.008600 seconds 
========================================================================
Received Import Request.
  Time since last request: 13.447814 seconds.
  path: Assets/Components/UnityAssets/Graphics/Architecture/Forest/New Palette.prefab
  artifactKey: Guid(e2f2e5fc86669a74d8ef8ffffbdcf8bf) Importer(815301076,1909f56bfc062723c751e8b465ee728b)
Start importing Assets/Components/UnityAssets/Graphics/Architecture/Forest/New Palette.prefab using Guid(e2f2e5fc86669a74d8ef8ffffbdcf8bf) Importer(815301076,1909f56bfc062723c751e8b465ee728b)  -> (artifact id: 'bdd5771134f085caa5c59b768d811a9b') in 0.017058 seconds 
========================================================================
Received Import Request.
  Time since last request: 8.643398 seconds.
  path: Assets/Components/UnityAssets/Graphics/Architecture/Forest/New Palette.prefab
  artifactKey: Guid(e2f2e5fc86669a74d8ef8ffffbdcf8bf) Importer(815301076,1909f56bfc062723c751e8b465ee728b)
Start importing Assets/Components/UnityAssets/Graphics/Architecture/Forest/New Palette.prefab using Guid(e2f2e5fc86669a74d8ef8ffffbdcf8bf) Importer(815301076,1909f56bfc062723c751e8b465ee728b)  -> (artifact id: 'd99142b0c7bcd8078a0011845e571238') in 0.017422 seconds 
========================================================================
Received Import Request.
  Time since last request: 53.789438 seconds.
  path: Assets/Components/UnityAssets/Graphics/Architecture/Forest/mainlevbuild.png
  artifactKey: Guid(533aec38f3567d94ea932eb29c126371) Importer(815301076,1909f56bfc062723c751e8b465ee728b)
Start importing Assets/Components/UnityAssets/Graphics/Architecture/Forest/mainlevbuild.png using Guid(533aec38f3567d94ea932eb29c126371) Importer(815301076,1909f56bfc062723c751e8b465ee728b)  -> (artifact id: '74af28b424dcc2a649c7f0d0cea1f434') in 0.011807 seconds 
========================================================================
Received Import Request.
  Time since last request: 292.475609 seconds.
  path: Assets/Components/UnityAssets/Graphics/Architecture/Forest/mainlevbuild.png
  artifactKey: Guid(533aec38f3567d94ea932eb29c126371) Importer(815301076,1909f56bfc062723c751e8b465ee728b)
Start importing Assets/Components/UnityAssets/Graphics/Architecture/Forest/mainlevbuild.png using Guid(533aec38f3567d94ea932eb29c126371) Importer(815301076,1909f56bfc062723c751e8b465ee728b)  -> (artifact id: 'aa402e95040df250e53915666c193a7a') in 1.940014 seconds 
========================================================================
Received Import Request.
  Time since last request: 351.561425 seconds.
  path: Assets/Components/UnityAssets/Graphics/Architecture/Forest/mainlevbuild.png
  artifactKey: Guid(533aec38f3567d94ea932eb29c126371) Importer(815301076,1909f56bfc062723c751e8b465ee728b)
Start importing Assets/Components/UnityAssets/Graphics/Architecture/Forest/mainlevbuild.png using Guid(533aec38f3567d94ea932eb29c126371) Importer(815301076,1909f56bfc062723c751e8b465ee728b)  -> (artifact id: '09d04ce2dd30c386526e01af2f15fc61') in 1.632545 seconds 
========================================================================
Received Import Request.
  Time since last request: 218.599868 seconds.
  path: Assets/Components/UnityAssets/Graphics/Architecture/Forest/mainlevbuild_0.asset
  artifactKey: Guid(760b2cd07c9fd0a42a95dad25a4e74c4) Importer(815301076,1909f56bfc062723c751e8b465ee728b)
Start importing Assets/Components/UnityAssets/Graphics/Architecture/Forest/mainlevbuild_0.asset using Guid(760b2cd07c9fd0a42a95dad25a4e74c4) Importer(815301076,1909f56bfc062723c751e8b465ee728b)  -> (artifact id: '8f5dec499fbe9f9743ae2121b474a7a9') in 0.021640 seconds 
========================================================================
Received Import Request.
  Time since last request: 9.815724 seconds.
  path: Assets/mainlevbuild_0.asset
  artifactKey: Guid(2e3a2d97a7d69bc4893da929d8f0d989) Importer(815301076,1909f56bfc062723c751e8b465ee728b)
Start importing Assets/mainlevbuild_0.asset using Guid(2e3a2d97a7d69bc4893da929d8f0d989) Importer(815301076,1909f56bfc062723c751e8b465ee728b)  -> (artifact id: '69c844ea1cf70dca717e3d557e49da7a') in 0.008204 seconds 
========================================================================
Received Import Request.
  Time since last request: 3.525620 seconds.
  path: Assets/mainlevbuild_1350.asset
  artifactKey: Guid(91f8604d901dab444ad1473c11c04102) Importer(815301076,1909f56bfc062723c751e8b465ee728b)
Start importing Assets/mainlevbuild_1350.asset using Guid(91f8604d901dab444ad1473c11c04102) Importer(815301076,1909f56bfc062723c751e8b465ee728b)  -> (artifact id: 'df38aa41c156ed072d6bf312b201c8ee') in 0.016348 seconds 
========================================================================
Received Import Request.
  Time since last request: 165.100047 seconds.
  path: Assets/Components/UnityAssets/Graphics/Architecture/Forest/New Palette.prefab
  artifactKey: Guid(e2f2e5fc86669a74d8ef8ffffbdcf8bf) Importer(815301076,1909f56bfc062723c751e8b465ee728b)
Start importing Assets/Components/UnityAssets/Graphics/Architecture/Forest/New Palette.prefab using Guid(e2f2e5fc86669a74d8ef8ffffbdcf8bf) Importer(815301076,1909f56bfc062723c751e8b465ee728b)  -> (artifact id: '96dd78c532b00bf4d1cfda55a22c4238') in 1.238114 seconds 
========================================================================
Received Import Request.
  Time since last request: 33.735614 seconds.
  path: Assets/Components/UnityAssets/Graphics/Architecture/Forest/Map1.prefab
  artifactKey: Guid(a5030ec959493be47869beff1e528516) Importer(815301076,1909f56bfc062723c751e8b465ee728b)
Start importing Assets/Components/UnityAssets/Graphics/Architecture/Forest/Map1.prefab using Guid(a5030ec959493be47869beff1e528516) Importer(815301076,1909f56bfc062723c751e8b465ee728b)  -> (artifact id: 'e26f18ad442c6559e13bd8702dc809ca') in 0.023787 seconds 
========================================================================
Received Import Request.
  Time since last request: 0.522948 seconds.
  path: Assets/Components/UnityAssets/Graphics/Architecture/Forest/mainlevbuild_1350.asset
  artifactKey: Guid(e3fe5ee722a4d7441a5de056165f2476) Importer(815301076,1909f56bfc062723c751e8b465ee728b)
Start importing Assets/Components/UnityAssets/Graphics/Architecture/Forest/mainlevbuild_1350.asset using Guid(e3fe5ee722a4d7441a5de056165f2476) Importer(815301076,1909f56bfc062723c751e8b465ee728b)  -> (artifact id: '6a7716be11ba2fce328e5cdf895c7345') in 0.025451 seconds 
========================================================================
Received Import Request.
  Time since last request: 8.942216 seconds.
  path: Assets/Components/UnityAssets/Graphics/Architecture/Forest/mainlevbuild_1349.asset
  artifactKey: Guid(f35b610f1ad2ae744a91b5ca854d9fbe) Importer(815301076,1909f56bfc062723c751e8b465ee728b)
Start importing Assets/Components/UnityAssets/Graphics/Architecture/Forest/mainlevbuild_1349.asset using Guid(f35b610f1ad2ae744a91b5ca854d9fbe) Importer(815301076,1909f56bfc062723c751e8b465ee728b)  -> (artifact id: 'aaea5c21de9b567b0728a660529b93f5') in 0.014512 seconds 
========================================================================
Received Import Request.
  Time since last request: 10.741328 seconds.
  path: Assets/mainlevbuild_1344.asset
  artifactKey: Guid(1384c86789c7c334a89029f41d5727ea) Importer(815301076,1909f56bfc062723c751e8b465ee728b)
Start importing Assets/mainlevbuild_1344.asset using Guid(1384c86789c7c334a89029f41d5727ea) Importer(815301076,1909f56bfc062723c751e8b465ee728b)  -> (artifact id: '6c9aca8eb5e8e83041c6ffe7bb2650e5') in 0.023987 seconds 
========================================================================
Received Import Request.
  Time since last request: 34.003841 seconds.
  path: Assets/Components/UnityAssets/Graphics/Architecture/Forest/Map1.prefab
  artifactKey: Guid(a5030ec959493be47869beff1e528516) Importer(815301076,1909f56bfc062723c751e8b465ee728b)
Start importing Assets/Components/UnityAssets/Graphics/Architecture/Forest/Map1.prefab using Guid(a5030ec959493be47869beff1e528516) Importer(815301076,1909f56bfc062723c751e8b465ee728b)  -> (artifact id: '0d3b118c3f1f363baa2c696dcbf5bef3') in 1.320138 seconds 
========================================================================
Received Import Request.
  Time since last request: 243.443099 seconds.
  path: Assets/Components/UnityAssets/Graphics/Architecture/Forest/Map1.prefab
  artifactKey: Guid(a5030ec959493be47869beff1e528516) Importer(815301076,1909f56bfc062723c751e8b465ee728b)
Start importing Assets/Components/UnityAssets/Graphics/Architecture/Forest/Map1.prefab using Guid(a5030ec959493be47869beff1e528516) Importer(815301076,1909f56bfc062723c751e8b465ee728b)  -> (artifact id: 'cda34b9a8ccbbcd571685afa06eb2c6a') in 0.316907 seconds 
========================================================================
Received Import Request.
  Time since last request: 17.227582 seconds.
  path: Assets/Components/UnityAssets/Graphics/Architecture/Forest/mainlevbuild.png
  artifactKey: Guid(533aec38f3567d94ea932eb29c126371) Importer(815301076,1909f56bfc062723c751e8b465ee728b)
Start importing Assets/Components/UnityAssets/Graphics/Architecture/Forest/mainlevbuild.png using Guid(533aec38f3567d94ea932eb29c126371) Importer(815301076,1909f56bfc062723c751e8b465ee728b)  -> (artifact id: 'aade5104879cd04dfbaad565f4de847b') in 1.481588 seconds 
========================================================================
Received Import Request.
  Time since last request: 45.013989 seconds.
  path: Assets/Components/UnityAssets/Graphics/Architecture/Forest/mainlevbuild.png
  artifactKey: Guid(533aec38f3567d94ea932eb29c126371) Importer(815301076,1909f56bfc062723c751e8b465ee728b)
Start importing Assets/Components/UnityAssets/Graphics/Architecture/Forest/mainlevbuild.png using Guid(533aec38f3567d94ea932eb29c126371) Importer(815301076,1909f56bfc062723c751e8b465ee728b)  -> (artifact id: 'f5dea2b389cc8aae7c04cf5d5d6b7fa8') in 0.560813 seconds 
========================================================================
Received Import Request.
  Time since last request: 185.043930 seconds.
  path: Assets/Components/UnityAssets/Graphics/Architecture/Forest/mainlevbuild
  artifactKey: Guid(88bb861b72cf4584da847ee6eec7e502) Importer(815301076,1909f56bfc062723c751e8b465ee728b)
Start importing Assets/Components/UnityAssets/Graphics/Architecture/Forest/mainlevbuild using Guid(88bb861b72cf4584da847ee6eec7e502) Importer(815301076,1909f56bfc062723c751e8b465ee728b)  -> (artifact id: '027d9819e90a20aa7c7438b357b447f7') in 0.003375 seconds 
========================================================================
Received Import Request.
  Time since last request: 1.110139 seconds.
  path: Assets/Components/UnityAssets/Graphics/Architecture/Forest/mainlevbuild_0.asset
  artifactKey: Guid(760b2cd07c9fd0a42a95dad25a4e74c4) Importer(815301076,1909f56bfc062723c751e8b465ee728b)
Start importing Assets/Components/UnityAssets/Graphics/Architecture/Forest/mainlevbuild_0.asset using Guid(760b2cd07c9fd0a42a95dad25a4e74c4) Importer(815301076,1909f56bfc062723c751e8b465ee728b)  -> (artifact id: '3bd71d04acf1365a1b0fe332fb06e66b') in 0.020303 seconds 
========================================================================
Received Import Request.
  Time since last request: 3.328041 seconds.
  path: Assets/Components/UnityAssets/Graphics/Architecture/Forest/mainlevbuild_457.asset
  artifactKey: Guid(123c4ef3056324b41a55dde6f1ea26af) Importer(815301076,1909f56bfc062723c751e8b465ee728b)
Start importing Assets/Components/UnityAssets/Graphics/Architecture/Forest/mainlevbuild_457.asset using Guid(123c4ef3056324b41a55dde6f1ea26af) Importer(815301076,1909f56bfc062723c751e8b465ee728b)  -> (artifact id: 'cbdb0b1bd7d4c9bb161d26298ccef4f0') in 0.013320 seconds 
========================================================================
Received Import Request.
  Time since last request: 13.678646 seconds.
  path: Assets/Components/UnityAssets/Graphics/Architecture/Forest/mainlevbuild/mainlevbuild_457.asset
  artifactKey: Guid(123c4ef3056324b41a55dde6f1ea26af) Importer(815301076,1909f56bfc062723c751e8b465ee728b)
Start importing Assets/Components/UnityAssets/Graphics/Architecture/Forest/mainlevbuild/mainlevbuild_457.asset using Guid(123c4ef3056324b41a55dde6f1ea26af) Importer(815301076,1909f56bfc062723c751e8b465ee728b)  -> (artifact id: 'bfddd7623eeaf4a6c5dd83188284e228') in 0.013796 seconds 
