Using pre-set license
Built from '2021.3/staging' branch; Version is '2021.3.20f1 (577897200b8b) revision 5732503'; Using compiler version '192829333'; Build Type 'Release'
OS: 'Windows 11  (10.0.22621) 64bit Core' Language: 'ko' Physical Memory: 15776 MB
BatchMode: 1, IsHumanControllingUs: 0, StartBugReporterOnCrash: 0, Is64bit: 1, IsPro: 1

COMMAND LINE ARGUMENTS:
C:\Program Files\Unity\Hub\Editor\2021.3.20f1\Editor\Unity.exe
-adb2
-batchMode
-noUpm
-name
AssetImportWorker1
-projectPath
C:/Users/정기웅/Desktop/MoWoong
-logFile
Logs/AssetImportWorker1.log
-srvPort
53133
Successfully changed project path to: C:/Users/정기웅/Desktop/MoWoong
C:/Users/정기웅/Desktop/MoWoong
[UnityMemory] Configuration Parameters - Can be set up in boot.config
    "memorysetup-bucket-allocator-granularity=16"
    "memorysetup-bucket-allocator-bucket-count=8"
    "memorysetup-bucket-allocator-block-size=33554432"
    "memorysetup-bucket-allocator-block-count=8"
    "memorysetup-main-allocator-block-size=16777216"
    "memorysetup-thread-allocator-block-size=16777216"
    "memorysetup-gfx-main-allocator-block-size=16777216"
    "memorysetup-gfx-thread-allocator-block-size=16777216"
    "memorysetup-cache-allocator-block-size=4194304"
    "memorysetup-typetree-allocator-block-size=2097152"
    "memorysetup-profiler-bucket-allocator-granularity=16"
    "memorysetup-profiler-bucket-allocator-bucket-count=8"
    "memorysetup-profiler-bucket-allocator-block-size=33554432"
    "memorysetup-profiler-bucket-allocator-block-count=8"
    "memorysetup-profiler-allocator-block-size=16777216"
    "memorysetup-profiler-editor-allocator-block-size=1048576"
    "memorysetup-temp-allocator-size-main=16777216"
    "memorysetup-job-temp-allocator-block-size=2097152"
    "memorysetup-job-temp-allocator-block-size-background=1048576"
    "memorysetup-job-temp-allocator-reduction-small-platforms=262144"
    "memorysetup-temp-allocator-size-background-worker=32768"
    "memorysetup-temp-allocator-size-job-worker=262144"
    "memorysetup-temp-allocator-size-preload-manager=33554432"
    "memorysetup-temp-allocator-size-nav-mesh-worker=65536"
    "memorysetup-temp-allocator-size-audio-worker=65536"
    "memorysetup-temp-allocator-size-cloud-worker=32768"
    "memorysetup-temp-allocator-size-gi-baking-worker=262144"
    "memorysetup-temp-allocator-size-gfx=262144"
Player connection [20384] Host "[IP] 172.30.1.3 [Port] 0 [Flags] 2 [Guid] 3858032496 [EditorId] 3858032496 [Version] 1048832 [Id] WindowsEditor(7,DESKTOP-5EE71HT) [Debug] 1 [PackageName] WindowsEditor [ProjectName] Editor" joined multi-casting on [225.0.0.222:54997]...

Player connection [20384] Host "[IP] 172.30.1.3 [Port] 0 [Flags] 2 [Guid] 3858032496 [EditorId] 3858032496 [Version] 1048832 [Id] WindowsEditor(7,DESKTOP-5EE71HT) [Debug] 1 [PackageName] WindowsEditor [ProjectName] Editor" joined alternative multi-casting on [225.0.0.222:34997]...

Refreshing native plugins compatible for Editor in 50.94 ms, found 3 plugins.
Preloading 0 native plugins for Editor in 0.00 ms.
Initialize engine version: 2021.3.20f1 (577897200b8b)
[Subsystems] Discovering subsystems at path C:/Program Files/Unity/Hub/Editor/2021.3.20f1/Editor/Data/Resources/UnitySubsystems
[Subsystems] Discovering subsystems at path C:/Users/정기웅/Desktop/MoWoong/Assets
GfxDevice: creating device client; threaded=0; jobified=0
Direct3D:
    Version:  Direct3D 11.0 [level 11.1]
    Renderer: NVIDIA GeForce RTX 3060 Laptop GPU (ID=0x2520)
    Vendor:   NVIDIA
    VRAM:     6023 MB
    Driver:   30.0.15.1278
Initialize mono
Mono path[0] = 'C:/Program Files/Unity/Hub/Editor/2021.3.20f1/Editor/Data/Managed'
Mono path[1] = 'C:/Program Files/Unity/Hub/Editor/2021.3.20f1/Editor/Data/MonoBleedingEdge/lib/mono/unityjit-win32'
Mono config path = 'C:/Program Files/Unity/Hub/Editor/2021.3.20f1/Editor/Data/MonoBleedingEdge/etc'
Using monoOptions --debugger-agent=transport=dt_socket,embedding=1,server=y,suspend=n,address=127.0.0.1:56760
Begin MonoManager ReloadAssembly
Registering precompiled unity dll's ...
Register platform support module: C:/Program Files/Unity/Hub/Editor/2021.3.20f1/Editor/Data/PlaybackEngines/WindowsStandaloneSupport/UnityEditor.WindowsStandalone.Extensions.dll
Registered in 0.006625 seconds.
Native extension for WindowsStandalone target not found
Refreshing native plugins compatible for Editor in 40.95 ms, found 3 plugins.
Preloading 0 native plugins for Editor in 0.00 ms.
Mono: successfully reloaded assembly
- Completed reload, in  0.532 seconds
Domain Reload Profiling:
	ReloadAssembly (533ms)
		BeginReloadAssembly (91ms)
			ExecutionOrderSort (0ms)
			DisableScriptedObjects (0ms)
			BackupInstance (0ms)
			ReleaseScriptingObjects (0ms)
			CreateAndSetChildDomain (1ms)
		EndReloadAssembly (351ms)
			LoadAssemblies (88ms)
			RebuildTransferFunctionScriptingTraits (0ms)
			SetupTypeCache (84ms)
			ReleaseScriptCaches (0ms)
			RebuildScriptCaches (22ms)
			SetupLoadedEditorAssemblies (199ms)
				LogAssemblyErrors (0ms)
				InitializePlatformSupportModulesInManaged (7ms)
				SetLoadedEditorAssemblies (0ms)
				RefreshPlugins (41ms)
				BeforeProcessingInitializeOnLoad (1ms)
				ProcessInitializeOnLoadAttributes (103ms)
				ProcessInitializeOnLoadMethodAttributes (46ms)
				AfterProcessingInitializeOnLoad (0ms)
				EditorAssembliesLoaded (0ms)
			ExecutionOrderSort2 (0ms)
			AwakeInstancesAfterBackupRestoration (0ms)
Platform modules already initialized, skipping
Registering precompiled user dll's ...
Registered in 0.005724 seconds.
Begin MonoManager ReloadAssembly
Native extension for WindowsStandalone target not found
Refreshing native plugins compatible for Editor in 41.43 ms, found 3 plugins.
Preloading 0 native plugins for Editor in 0.00 ms.
Mono: successfully reloaded assembly
- Completed reload, in  0.860 seconds
Domain Reload Profiling:
	ReloadAssembly (861ms)
		BeginReloadAssembly (122ms)
			ExecutionOrderSort (0ms)
			DisableScriptedObjects (5ms)
			BackupInstance (0ms)
			ReleaseScriptingObjects (0ms)
			CreateAndSetChildDomain (19ms)
		EndReloadAssembly (644ms)
			LoadAssemblies (97ms)
			RebuildTransferFunctionScriptingTraits (0ms)
			SetupTypeCache (153ms)
			ReleaseScriptCaches (0ms)
			RebuildScriptCaches (45ms)
			SetupLoadedEditorAssemblies (328ms)
				LogAssemblyErrors (0ms)
				InitializePlatformSupportModulesInManaged (4ms)
				SetLoadedEditorAssemblies (0ms)
				RefreshPlugins (42ms)
				BeforeProcessingInitializeOnLoad (59ms)
				ProcessInitializeOnLoadAttributes (183ms)
				ProcessInitializeOnLoadMethodAttributes (32ms)
				AfterProcessingInitializeOnLoad (8ms)
				EditorAssembliesLoaded (0ms)
			ExecutionOrderSort2 (0ms)
			AwakeInstancesAfterBackupRestoration (13ms)
Platform modules already initialized, skipping
========================================================================
Worker process is ready to serve import requests
Launched and connected shader compiler UnityShaderCompiler.exe after 0.05 seconds
Refreshing native plugins compatible for Editor in 2.03 ms, found 3 plugins.
Preloading 0 native plugins for Editor in 0.00 ms.
Unloading 2200 Unused Serialized files (Serialized files now loaded: 0)
Unloading 30 unused Assets / (56.3 KB). Loaded Objects now: 2665.
Memory consumption went from 106.5 MB to 106.4 MB.
Total: 5.068100 ms (FindLiveObjects: 0.360600 ms CreateObjectMapping: 0.220000 ms MarkObjects: 4.359400 ms  DeleteObjects: 0.126200 ms)

AssetImportParameters requested are different than current active one (requested -> active):
  custom:video-decoder-ogg-theora: a1e56fd34408186e4bbccfd4996cb3dc -> 
  custom:container-muxer-webm: aa71ff27fc2769a1b78a27578f13a17b -> 
  custom:container-demuxer-webm: 4f35f7cbe854078d1ac9338744f61a02 -> 
  custom:video-encoder-webm-vp8: eb34c28f22e8b96e1ab97ce403110664 -> 
  custom:audio-encoder-webm-vorbis: bf7c407c2cedff20999df2af8eb42d56 -> 
  custom:framework-win-MediaFoundation: 216162199b28c13a410421893ffa2e32 -> 
  custom:container-demuxer-ogg: 62fdf1f143b41e24485cea50d1cbac27 -> 
  custom:video-decoder-webm-vp8: 9c59270c3fd7afecdb556c50c9e8de78 -> 
  custom:audio-decoder-ogg-vorbis: bf7c407c2cedff20999df2af8eb42d56 -> 
========================================================================
Received Import Request.
  Time since last request: 89264.500317 seconds.
  path: Assets/Scripts/Woong/PlayerWoong.cs
  artifactKey: Guid(aa13c3ce2dd913b44b8c5043da5395d2) Importer(815301076,1909f56bfc062723c751e8b465ee728b)
Start importing Assets/Scripts/Woong/PlayerWoong.cs using Guid(aa13c3ce2dd913b44b8c5043da5395d2) Importer(815301076,1909f56bfc062723c751e8b465ee728b)  -> (artifact id: '44f070bc62a3c934fad544b499892b4f') in 0.043969 seconds 
========================================================================
Received Prepare
Registering precompiled user dll's ...
Registered in 0.006682 seconds.
Begin MonoManager ReloadAssembly
Native extension for WindowsStandalone target not found
Refreshing native plugins compatible for Editor in 0.71 ms, found 3 plugins.
Preloading 0 native plugins for Editor in 0.00 ms.
Mono: successfully reloaded assembly
- Completed reload, in  0.857 seconds
Domain Reload Profiling:
	ReloadAssembly (857ms)
		BeginReloadAssembly (163ms)
			ExecutionOrderSort (0ms)
			DisableScriptedObjects (7ms)
			BackupInstance (0ms)
			ReleaseScriptingObjects (0ms)
			CreateAndSetChildDomain (33ms)
		EndReloadAssembly (600ms)
			LoadAssemblies (113ms)
			RebuildTransferFunctionScriptingTraits (0ms)
			SetupTypeCache (179ms)
			ReleaseScriptCaches (1ms)
			RebuildScriptCaches (32ms)
			SetupLoadedEditorAssemblies (255ms)
				LogAssemblyErrors (0ms)
				InitializePlatformSupportModulesInManaged (7ms)
				SetLoadedEditorAssemblies (0ms)
				RefreshPlugins (1ms)
				BeforeProcessingInitializeOnLoad (53ms)
				ProcessInitializeOnLoadAttributes (158ms)
				ProcessInitializeOnLoadMethodAttributes (28ms)
				AfterProcessingInitializeOnLoad (8ms)
				EditorAssembliesLoaded (0ms)
			ExecutionOrderSort2 (0ms)
			AwakeInstancesAfterBackupRestoration (14ms)
Platform modules already initialized, skipping
Refreshing native plugins compatible for Editor in 3.78 ms, found 3 plugins.
Preloading 0 native plugins for Editor in 0.00 ms.
Unloading 2176 Unused Serialized files (Serialized files now loaded: 0)
Unloading 17 unused Assets / (24.6 KB). Loaded Objects now: 2668.
Memory consumption went from 103.8 MB to 103.8 MB.
Total: 4.318200 ms (FindLiveObjects: 0.297600 ms CreateObjectMapping: 0.133400 ms MarkObjects: 3.855000 ms  DeleteObjects: 0.030800 ms)

AssetImportParameters requested are different than current active one (requested -> active):
  custom:video-decoder-ogg-theora: a1e56fd34408186e4bbccfd4996cb3dc -> 
  custom:container-muxer-webm: aa71ff27fc2769a1b78a27578f13a17b -> 
  custom:container-demuxer-webm: 4f35f7cbe854078d1ac9338744f61a02 -> 
  custom:video-encoder-webm-vp8: eb34c28f22e8b96e1ab97ce403110664 -> 
  custom:audio-encoder-webm-vorbis: bf7c407c2cedff20999df2af8eb42d56 -> 
  custom:framework-win-MediaFoundation: 216162199b28c13a410421893ffa2e32 -> 
  custom:container-demuxer-ogg: 62fdf1f143b41e24485cea50d1cbac27 -> 
  custom:video-decoder-webm-vp8: 9c59270c3fd7afecdb556c50c9e8de78 -> 
  custom:audio-decoder-ogg-vorbis: bf7c407c2cedff20999df2af8eb42d56 -> 
========================================================================
Received Prepare
Registering precompiled user dll's ...
Registered in 0.005796 seconds.
Begin MonoManager ReloadAssembly
Native extension for WindowsStandalone target not found
Refreshing native plugins compatible for Editor in 0.78 ms, found 3 plugins.
Preloading 0 native plugins for Editor in 0.00 ms.
Mono: successfully reloaded assembly
- Completed reload, in  0.858 seconds
Domain Reload Profiling:
	ReloadAssembly (859ms)
		BeginReloadAssembly (137ms)
			ExecutionOrderSort (0ms)
			DisableScriptedObjects (6ms)
			BackupInstance (0ms)
			ReleaseScriptingObjects (0ms)
			CreateAndSetChildDomain (32ms)
		EndReloadAssembly (635ms)
			LoadAssemblies (94ms)
			RebuildTransferFunctionScriptingTraits (0ms)
			SetupTypeCache (167ms)
			ReleaseScriptCaches (1ms)
			RebuildScriptCaches (40ms)
			SetupLoadedEditorAssemblies (299ms)
				LogAssemblyErrors (0ms)
				InitializePlatformSupportModulesInManaged (6ms)
				SetLoadedEditorAssemblies (0ms)
				RefreshPlugins (1ms)
				BeforeProcessingInitializeOnLoad (55ms)
				ProcessInitializeOnLoadAttributes (193ms)
				ProcessInitializeOnLoadMethodAttributes (35ms)
				AfterProcessingInitializeOnLoad (9ms)
				EditorAssembliesLoaded (0ms)
			ExecutionOrderSort2 (0ms)
			AwakeInstancesAfterBackupRestoration (18ms)
Platform modules already initialized, skipping
Refreshing native plugins compatible for Editor in 6.08 ms, found 3 plugins.
Preloading 0 native plugins for Editor in 0.00 ms.
Unloading 2176 Unused Serialized files (Serialized files now loaded: 0)
Unloading 17 unused Assets / (24.7 KB). Loaded Objects now: 2671.
Memory consumption went from 103.8 MB to 103.8 MB.
Total: 3.672300 ms (FindLiveObjects: 0.167100 ms CreateObjectMapping: 0.094500 ms MarkObjects: 3.388200 ms  DeleteObjects: 0.021100 ms)

AssetImportParameters requested are different than current active one (requested -> active):
  custom:video-decoder-ogg-theora: a1e56fd34408186e4bbccfd4996cb3dc -> 
  custom:container-muxer-webm: aa71ff27fc2769a1b78a27578f13a17b -> 
  custom:container-demuxer-webm: 4f35f7cbe854078d1ac9338744f61a02 -> 
  custom:video-encoder-webm-vp8: eb34c28f22e8b96e1ab97ce403110664 -> 
  custom:audio-encoder-webm-vorbis: bf7c407c2cedff20999df2af8eb42d56 -> 
  custom:framework-win-MediaFoundation: 216162199b28c13a410421893ffa2e32 -> 
  custom:container-demuxer-ogg: 62fdf1f143b41e24485cea50d1cbac27 -> 
  custom:video-decoder-webm-vp8: 9c59270c3fd7afecdb556c50c9e8de78 -> 
  custom:audio-decoder-ogg-vorbis: bf7c407c2cedff20999df2af8eb42d56 -> 
========================================================================
Received Prepare
Refreshing native plugins compatible for Editor in 8.02 ms, found 3 plugins.
Preloading 0 native plugins for Editor in 0.00 ms.
Unloading 17 Unused Serialized files (Serialized files now loaded: 0)
Unloading 17 unused Assets / (22.0 KB). Loaded Objects now: 2671.
Memory consumption went from 60.5 MB to 60.5 MB.
Total: 5.415600 ms (FindLiveObjects: 0.275400 ms CreateObjectMapping: 0.137200 ms MarkObjects: 4.964200 ms  DeleteObjects: 0.037500 ms)

AssetImportParameters requested are different than current active one (requested -> active):
  custom:video-decoder-ogg-theora: a1e56fd34408186e4bbccfd4996cb3dc -> 
  custom:container-muxer-webm: aa71ff27fc2769a1b78a27578f13a17b -> 
  custom:container-demuxer-webm: 4f35f7cbe854078d1ac9338744f61a02 -> 
  custom:video-encoder-webm-vp8: eb34c28f22e8b96e1ab97ce403110664 -> 
  custom:audio-encoder-webm-vorbis: bf7c407c2cedff20999df2af8eb42d56 -> 
  custom:framework-win-MediaFoundation: 216162199b28c13a410421893ffa2e32 -> 
  custom:container-demuxer-ogg: 62fdf1f143b41e24485cea50d1cbac27 -> 
  custom:video-decoder-webm-vp8: 9c59270c3fd7afecdb556c50c9e8de78 -> 
  custom:audio-decoder-ogg-vorbis: bf7c407c2cedff20999df2af8eb42d56 -> 
========================================================================
Received Prepare
Registering precompiled user dll's ...
Registered in 0.006416 seconds.
Begin MonoManager ReloadAssembly
Native extension for WindowsStandalone target not found
Refreshing native plugins compatible for Editor in 0.78 ms, found 3 plugins.
Preloading 0 native plugins for Editor in 0.00 ms.
Mono: successfully reloaded assembly
- Completed reload, in  0.834 seconds
Domain Reload Profiling:
	ReloadAssembly (834ms)
		BeginReloadAssembly (130ms)
			ExecutionOrderSort (0ms)
			DisableScriptedObjects (6ms)
			BackupInstance (0ms)
			ReleaseScriptingObjects (0ms)
			CreateAndSetChildDomain (28ms)
		EndReloadAssembly (616ms)
			LoadAssemblies (90ms)
			RebuildTransferFunctionScriptingTraits (0ms)
			SetupTypeCache (154ms)
			ReleaseScriptCaches (1ms)
			RebuildScriptCaches (37ms)
			SetupLoadedEditorAssemblies (297ms)
				LogAssemblyErrors (0ms)
				InitializePlatformSupportModulesInManaged (6ms)
				SetLoadedEditorAssemblies (0ms)
				RefreshPlugins (1ms)
				BeforeProcessingInitializeOnLoad (56ms)
				ProcessInitializeOnLoadAttributes (187ms)
				ProcessInitializeOnLoadMethodAttributes (37ms)
				AfterProcessingInitializeOnLoad (9ms)
				EditorAssembliesLoaded (0ms)
			ExecutionOrderSort2 (0ms)
			AwakeInstancesAfterBackupRestoration (17ms)
Platform modules already initialized, skipping
Refreshing native plugins compatible for Editor in 5.43 ms, found 3 plugins.
Preloading 0 native plugins for Editor in 0.00 ms.
Unloading 2176 Unused Serialized files (Serialized files now loaded: 0)
Unloading 17 unused Assets / (24.6 KB). Loaded Objects now: 2674.
Memory consumption went from 103.8 MB to 103.8 MB.
Total: 3.609700 ms (FindLiveObjects: 0.177100 ms CreateObjectMapping: 0.069900 ms MarkObjects: 3.337200 ms  DeleteObjects: 0.024000 ms)

AssetImportParameters requested are different than current active one (requested -> active):
  custom:video-decoder-ogg-theora: a1e56fd34408186e4bbccfd4996cb3dc -> 
  custom:container-muxer-webm: aa71ff27fc2769a1b78a27578f13a17b -> 
  custom:container-demuxer-webm: 4f35f7cbe854078d1ac9338744f61a02 -> 
  custom:video-encoder-webm-vp8: eb34c28f22e8b96e1ab97ce403110664 -> 
  custom:audio-encoder-webm-vorbis: bf7c407c2cedff20999df2af8eb42d56 -> 
  custom:framework-win-MediaFoundation: 216162199b28c13a410421893ffa2e32 -> 
  custom:container-demuxer-ogg: 62fdf1f143b41e24485cea50d1cbac27 -> 
  custom:video-decoder-webm-vp8: 9c59270c3fd7afecdb556c50c9e8de78 -> 
  custom:audio-decoder-ogg-vorbis: bf7c407c2cedff20999df2af8eb42d56 -> 
========================================================================
Received Prepare
Registering precompiled user dll's ...
Registered in 0.006130 seconds.
Begin MonoManager ReloadAssembly
Native extension for WindowsStandalone target not found
Refreshing native plugins compatible for Editor in 0.95 ms, found 3 plugins.
Preloading 0 native plugins for Editor in 0.00 ms.
Mono: successfully reloaded assembly
- Completed reload, in  0.869 seconds
Domain Reload Profiling:
	ReloadAssembly (870ms)
		BeginReloadAssembly (135ms)
			ExecutionOrderSort (0ms)
			DisableScriptedObjects (6ms)
			BackupInstance (0ms)
			ReleaseScriptingObjects (0ms)
			CreateAndSetChildDomain (29ms)
		EndReloadAssembly (644ms)
			LoadAssemblies (97ms)
			RebuildTransferFunctionScriptingTraits (0ms)
			SetupTypeCache (161ms)
			ReleaseScriptCaches (1ms)
			RebuildScriptCaches (39ms)
			SetupLoadedEditorAssemblies (311ms)
				LogAssemblyErrors (0ms)
				InitializePlatformSupportModulesInManaged (7ms)
				SetLoadedEditorAssemblies (0ms)
				RefreshPlugins (1ms)
				BeforeProcessingInitializeOnLoad (55ms)
				ProcessInitializeOnLoadAttributes (197ms)
				ProcessInitializeOnLoadMethodAttributes (40ms)
				AfterProcessingInitializeOnLoad (10ms)
				EditorAssembliesLoaded (0ms)
			ExecutionOrderSort2 (0ms)
			AwakeInstancesAfterBackupRestoration (19ms)
Platform modules already initialized, skipping
Refreshing native plugins compatible for Editor in 5.30 ms, found 3 plugins.
Preloading 0 native plugins for Editor in 0.00 ms.
Unloading 2176 Unused Serialized files (Serialized files now loaded: 0)
Unloading 17 unused Assets / (24.6 KB). Loaded Objects now: 2677.
Memory consumption went from 103.8 MB to 103.8 MB.
Total: 6.680700 ms (FindLiveObjects: 0.351000 ms CreateObjectMapping: 0.178200 ms MarkObjects: 6.040400 ms  DeleteObjects: 0.107100 ms)

AssetImportParameters requested are different than current active one (requested -> active):
  custom:video-decoder-ogg-theora: a1e56fd34408186e4bbccfd4996cb3dc -> 
  custom:container-muxer-webm: aa71ff27fc2769a1b78a27578f13a17b -> 
  custom:container-demuxer-webm: 4f35f7cbe854078d1ac9338744f61a02 -> 
  custom:video-encoder-webm-vp8: eb34c28f22e8b96e1ab97ce403110664 -> 
  custom:audio-encoder-webm-vorbis: bf7c407c2cedff20999df2af8eb42d56 -> 
  custom:framework-win-MediaFoundation: 216162199b28c13a410421893ffa2e32 -> 
  custom:container-demuxer-ogg: 62fdf1f143b41e24485cea50d1cbac27 -> 
  custom:video-decoder-webm-vp8: 9c59270c3fd7afecdb556c50c9e8de78 -> 
  custom:audio-decoder-ogg-vorbis: bf7c407c2cedff20999df2af8eb42d56 -> 
========================================================================
Received Import Request.
  Time since last request: 573.381784 seconds.
  path: Assets/Components/Prefabs/TutoUI/KeyHelp.prefab
  artifactKey: Guid(2438436f7e3e88b4e91199a2a5a67907) Importer(815301076,1909f56bfc062723c751e8b465ee728b)
Start importing Assets/Components/Prefabs/TutoUI/KeyHelp.prefab using Guid(2438436f7e3e88b4e91199a2a5a67907) Importer(815301076,1909f56bfc062723c751e8b465ee728b)  -> (artifact id: '1057fde7188804f3b5599785e8c738a5') in 0.111679 seconds 
========================================================================
Received Import Request.
  Time since last request: 279.965527 seconds.
  path: Assets/Components/UnityAssets/Graphics/UI/IMAGE/2.png
  artifactKey: Guid(f8600b8d20f3dff458ae343ae0f1cbe5) Importer(815301076,1909f56bfc062723c751e8b465ee728b)
Start importing Assets/Components/UnityAssets/Graphics/UI/IMAGE/2.png using Guid(f8600b8d20f3dff458ae343ae0f1cbe5) Importer(815301076,1909f56bfc062723c751e8b465ee728b)  -> (artifact id: '473815226b5a2c6520d1ff1adc7ffc16') in 0.242355 seconds 
========================================================================
Received Import Request.
  Time since last request: 0.000029 seconds.
  path: Assets/Components/UnityAssets/Graphics/UI/IMAGE/5.png
  artifactKey: Guid(f046912cdcfe89449bb78a4c630a03eb) Importer(815301076,1909f56bfc062723c751e8b465ee728b)
Start importing Assets/Components/UnityAssets/Graphics/UI/IMAGE/5.png using Guid(f046912cdcfe89449bb78a4c630a03eb) Importer(815301076,1909f56bfc062723c751e8b465ee728b)  -> (artifact id: 'abfbf309c9a3c61620701e697b0c7264') in 0.199508 seconds 
========================================================================
Received Import Request.
  Time since last request: 0.000028 seconds.
  path: Assets/Components/UnityAssets/Graphics/UI/IMAGE/11.png
  artifactKey: Guid(45e11ab94d48dbf43ac9b540d1a9a11b) Importer(815301076,1909f56bfc062723c751e8b465ee728b)
Start importing Assets/Components/UnityAssets/Graphics/UI/IMAGE/11.png using Guid(45e11ab94d48dbf43ac9b540d1a9a11b) Importer(815301076,1909f56bfc062723c751e8b465ee728b)  -> (artifact id: 'e0405e2f6ad8713c5f4e831b51397822') in 0.198165 seconds 
========================================================================
Received Import Request.
  Time since last request: 0.000016 seconds.
  path: Assets/Components/UnityAssets/Graphics/UI/IMAGE/10.png
  artifactKey: Guid(43350b405987cd247aea0bc37535f9e8) Importer(815301076,1909f56bfc062723c751e8b465ee728b)
Start importing Assets/Components/UnityAssets/Graphics/UI/IMAGE/10.png using Guid(43350b405987cd247aea0bc37535f9e8) Importer(815301076,1909f56bfc062723c751e8b465ee728b)  -> (artifact id: '9f065eb995b35294beb14db08ea6d8cd') in 0.185800 seconds 
========================================================================
Received Import Request.
  Time since last request: 0.000022 seconds.
  path: Assets/Components/UnityAssets/Graphics/UI/IMAGE/9.png
  artifactKey: Guid(3d8665d575915914faaf383b81301a7c) Importer(815301076,1909f56bfc062723c751e8b465ee728b)
Start importing Assets/Components/UnityAssets/Graphics/UI/IMAGE/9.png using Guid(3d8665d575915914faaf383b81301a7c) Importer(815301076,1909f56bfc062723c751e8b465ee728b)  -> (artifact id: 'a0e301f35a98097976f0b08bf2dcdc31') in 0.205860 seconds 
========================================================================
Received Import Request.
  Time since last request: 0.000022 seconds.
  path: Assets/Components/UnityAssets/Graphics/UI/IMAGE/16.png
  artifactKey: Guid(382f9065085060a4d9145a60576fa758) Importer(815301076,1909f56bfc062723c751e8b465ee728b)
Start importing Assets/Components/UnityAssets/Graphics/UI/IMAGE/16.png using Guid(382f9065085060a4d9145a60576fa758) Importer(815301076,1909f56bfc062723c751e8b465ee728b)  -> (artifact id: '828a26c4b55a5c23ddc44127e29b864c') in 0.182660 seconds 
========================================================================
Received Import Request.
  Time since last request: 0.000019 seconds.
  path: Assets/Components/UnityAssets/Graphics/UI/IMAGE/7.png
  artifactKey: Guid(fe9bafba9c24b644281741deec925e6e) Importer(815301076,1909f56bfc062723c751e8b465ee728b)
Start importing Assets/Components/UnityAssets/Graphics/UI/IMAGE/7.png using Guid(fe9bafba9c24b644281741deec925e6e) Importer(815301076,1909f56bfc062723c751e8b465ee728b)  -> (artifact id: '8138000b0a48aa1c4596b3b1375f5240') in 0.176823 seconds 
========================================================================
Received Import Request.
  Time since last request: 0.000018 seconds.
  path: Assets/Components/UnityAssets/Graphics/UI/IMAGE/3.png
  artifactKey: Guid(068ae3c6c47b8304fbd0514dab030d41) Importer(815301076,1909f56bfc062723c751e8b465ee728b)
Start importing Assets/Components/UnityAssets/Graphics/UI/IMAGE/3.png using Guid(068ae3c6c47b8304fbd0514dab030d41) Importer(815301076,1909f56bfc062723c751e8b465ee728b)  -> (artifact id: 'f69b8b79e537f9914c6cbd37c841e823') in 0.207046 seconds 
========================================================================
Received Import Request.
  Time since last request: 1.755494 seconds.
  path: Assets/Components/UnityAssets/Graphics/UI/Font/DungGeunMo.ttf
  artifactKey: Guid(99ab24f7166a2b0499a338a804f389cc) Importer(815301076,1909f56bfc062723c751e8b465ee728b)
Start importing Assets/Components/UnityAssets/Graphics/UI/Font/DungGeunMo.ttf using Guid(99ab24f7166a2b0499a338a804f389cc) Importer(815301076,1909f56bfc062723c751e8b465ee728b)  -> (artifact id: 'a55b1d5b8492a76866cd983b562df538') in 0.079079 seconds 
========================================================================
Received Import Request.
  Time since last request: 0.771504 seconds.
  path: Assets/Components/UnityAssets/Graphics/UI/2/frame.png
  artifactKey: Guid(dfbcb96524d512f449d327ebf806ba78) Importer(815301076,1909f56bfc062723c751e8b465ee728b)
Start importing Assets/Components/UnityAssets/Graphics/UI/2/frame.png using Guid(dfbcb96524d512f449d327ebf806ba78) Importer(815301076,1909f56bfc062723c751e8b465ee728b)  -> (artifact id: '38a52edb8cb3b230abfd388d83bf1e71') in 0.039939 seconds 
========================================================================
Received Import Request.
  Time since last request: 0.498813 seconds.
  path: Assets/Components/UnityAssets/Graphics/UI/2/game_menu.png
  artifactKey: Guid(d3f52921e8ae50e4784e23579cb8cd03) Importer(815301076,1909f56bfc062723c751e8b465ee728b)
Start importing Assets/Components/UnityAssets/Graphics/UI/2/game_menu.png using Guid(d3f52921e8ae50e4784e23579cb8cd03) Importer(815301076,1909f56bfc062723c751e8b465ee728b)  -> (artifact id: '65cdce6f4ed749d4b99bd4fae09df6ec') in 0.113517 seconds 
========================================================================
Received Import Request.
  Time since last request: 0.000018 seconds.
  path: Assets/Components/UnityAssets/Graphics/UI/2/main_menu.png
  artifactKey: Guid(97ded5bf775a4024081f205f74b19a2e) Importer(815301076,1909f56bfc062723c751e8b465ee728b)
Start importing Assets/Components/UnityAssets/Graphics/UI/2/main_menu.png using Guid(97ded5bf775a4024081f205f74b19a2e) Importer(815301076,1909f56bfc062723c751e8b465ee728b)  -> (artifact id: '46b5c0614a2c3b349d706d51d1d6bbca') in 0.123147 seconds 
========================================================================
Received Import Request.
  Time since last request: 0.117381 seconds.
  path: Assets/Components/UnityAssets/Graphics/UI/2/namebox.png
  artifactKey: Guid(8cd98ae8975e0f748b8562ead581b497) Importer(815301076,1909f56bfc062723c751e8b465ee728b)
Start importing Assets/Components/UnityAssets/Graphics/UI/2/namebox.png using Guid(8cd98ae8975e0f748b8562ead581b497) Importer(815301076,1909f56bfc062723c751e8b465ee728b)  -> (artifact id: '39a11e04564b745567608c9b9406cb3f') in 0.035541 seconds 
========================================================================
Received Import Request.
  Time since last request: 0.000015 seconds.
  path: Assets/Components/UnityAssets/Graphics/UI/2/notify.png
  artifactKey: Guid(9036f46f437de4e4da1c924a80646e53) Importer(815301076,1909f56bfc062723c751e8b465ee728b)
Start importing Assets/Components/UnityAssets/Graphics/UI/2/notify.png using Guid(9036f46f437de4e4da1c924a80646e53) Importer(815301076,1909f56bfc062723c751e8b465ee728b)  -> (artifact id: '6ab38442a0fee4c9c19a6aad64d795a8') in 0.030891 seconds 
========================================================================
Received Import Request.
  Time since last request: 0.000017 seconds.
  path: Assets/Components/UnityAssets/Graphics/UI/2/skip.png
  artifactKey: Guid(790a8a39d2c92664b9c82d8a49172b7c) Importer(815301076,1909f56bfc062723c751e8b465ee728b)
Start importing Assets/Components/UnityAssets/Graphics/UI/2/skip.png using Guid(790a8a39d2c92664b9c82d8a49172b7c) Importer(815301076,1909f56bfc062723c751e8b465ee728b)  -> (artifact id: '45445518d2cf5f04d90b3f16585760bf') in 0.025583 seconds 
========================================================================
Received Import Request.
  Time since last request: 0.000019 seconds.
  path: Assets/Components/UnityAssets/Graphics/UI/2/nvl.png
  artifactKey: Guid(9f244ea359d6e4245af961981fd15c5d) Importer(815301076,1909f56bfc062723c751e8b465ee728b)
Start importing Assets/Components/UnityAssets/Graphics/UI/2/nvl.png using Guid(9f244ea359d6e4245af961981fd15c5d) Importer(815301076,1909f56bfc062723c751e8b465ee728b)  -> (artifact id: '0ecc4718205095f805edfca8736a5054') in 0.123016 seconds 
========================================================================
Received Import Request.
  Time since last request: 3.448589 seconds.
  path: Assets/Components/UnityAssets/Graphics/UI/2/main_menu/buttons/about_idle.png
  artifactKey: Guid(6491172429d8b9c4fb97469ca603d9f9) Importer(815301076,1909f56bfc062723c751e8b465ee728b)
Start importing Assets/Components/UnityAssets/Graphics/UI/2/main_menu/buttons/about_idle.png using Guid(6491172429d8b9c4fb97469ca603d9f9) Importer(815301076,1909f56bfc062723c751e8b465ee728b)  -> (artifact id: '0dc8e9db861f8b0efe0c8db9562e868b') in 0.026571 seconds 
========================================================================
Received Import Request.
  Time since last request: 0.000016 seconds.
  path: Assets/Components/UnityAssets/Graphics/UI/2/main_menu/buttons/help_idle.png
  artifactKey: Guid(bcc22c7314899e84abefcce56b3f738c) Importer(815301076,1909f56bfc062723c751e8b465ee728b)
Start importing Assets/Components/UnityAssets/Graphics/UI/2/main_menu/buttons/help_idle.png using Guid(bcc22c7314899e84abefcce56b3f738c) Importer(815301076,1909f56bfc062723c751e8b465ee728b)  -> (artifact id: 'aaa6f256792e7938838a0f3b9d0eee2d') in 0.027470 seconds 
========================================================================
Received Import Request.
  Time since last request: 0.000015 seconds.
  path: Assets/Components/UnityAssets/Graphics/UI/2/main_menu/buttons/load_idle.png
  artifactKey: Guid(9682c51b78f4c7748b9f0f24cfe36f23) Importer(815301076,1909f56bfc062723c751e8b465ee728b)
Start importing Assets/Components/UnityAssets/Graphics/UI/2/main_menu/buttons/load_idle.png using Guid(9682c51b78f4c7748b9f0f24cfe36f23) Importer(815301076,1909f56bfc062723c751e8b465ee728b)  -> (artifact id: '872a5d5ebae5ea4d82ed5b9d239d301c') in 0.027450 seconds 
========================================================================
Received Import Request.
  Time since last request: 0.000018 seconds.
  path: Assets/Components/UnityAssets/Graphics/UI/2/main_menu/buttons/options_idle.png
  artifactKey: Guid(be260d55277c4db44b492b6e295a233c) Importer(815301076,1909f56bfc062723c751e8b465ee728b)
Start importing Assets/Components/UnityAssets/Graphics/UI/2/main_menu/buttons/options_idle.png using Guid(be260d55277c4db44b492b6e295a233c) Importer(815301076,1909f56bfc062723c751e8b465ee728b)  -> (artifact id: '331110e65b0a8da9a80324d86095e22f') in 0.030144 seconds 
========================================================================
Received Import Request.
  Time since last request: 0.000030 seconds.
  path: Assets/Components/UnityAssets/Graphics/UI/2/main_menu/buttons/gallery_idle.png
  artifactKey: Guid(e025c5e4666144e4bad8e40d6003d1f6) Importer(815301076,1909f56bfc062723c751e8b465ee728b)
Start importing Assets/Components/UnityAssets/Graphics/UI/2/main_menu/buttons/gallery_idle.png using Guid(e025c5e4666144e4bad8e40d6003d1f6) Importer(815301076,1909f56bfc062723c751e8b465ee728b)  -> (artifact id: '26aafa5fc27869e33f659dda350f9924') in 0.028657 seconds 
========================================================================
Received Import Request.
  Time since last request: 0.000033 seconds.
  path: Assets/Components/UnityAssets/Graphics/UI/2/main_menu/buttons/quit_hover.png
  artifactKey: Guid(321ff5fd659d3274992f4a7ad5025620) Importer(815301076,1909f56bfc062723c751e8b465ee728b)
Start importing Assets/Components/UnityAssets/Graphics/UI/2/main_menu/buttons/quit_hover.png using Guid(321ff5fd659d3274992f4a7ad5025620) Importer(815301076,1909f56bfc062723c751e8b465ee728b)  -> (artifact id: 'd56a23df93031805e2cf434c364fb6b7') in 0.026883 seconds 
========================================================================
Received Prepare
Registering precompiled user dll's ...
Registered in 0.005983 seconds.
Begin MonoManager ReloadAssembly
Native extension for WindowsStandalone target not found
Refreshing native plugins compatible for Editor in 0.70 ms, found 3 plugins.
Preloading 0 native plugins for Editor in 0.00 ms.
Mono: successfully reloaded assembly
- Completed reload, in  0.822 seconds
Domain Reload Profiling:
	ReloadAssembly (823ms)
		BeginReloadAssembly (136ms)
			ExecutionOrderSort (0ms)
			DisableScriptedObjects (5ms)
			BackupInstance (0ms)
			ReleaseScriptingObjects (0ms)
			CreateAndSetChildDomain (33ms)
		EndReloadAssembly (601ms)
			LoadAssemblies (95ms)
			RebuildTransferFunctionScriptingTraits (0ms)
			SetupTypeCache (145ms)
			ReleaseScriptCaches (1ms)
			RebuildScriptCaches (37ms)
			SetupLoadedEditorAssemblies (286ms)
				LogAssemblyErrors (0ms)
				InitializePlatformSupportModulesInManaged (5ms)
				SetLoadedEditorAssemblies (1ms)
				RefreshPlugins (1ms)
				BeforeProcessingInitializeOnLoad (57ms)
				ProcessInitializeOnLoadAttributes (180ms)
				ProcessInitializeOnLoadMethodAttributes (32ms)
				AfterProcessingInitializeOnLoad (9ms)
				EditorAssembliesLoaded (0ms)
			ExecutionOrderSort2 (0ms)
			AwakeInstancesAfterBackupRestoration (19ms)
Platform modules already initialized, skipping
Refreshing native plugins compatible for Editor in 4.61 ms, found 3 plugins.
Preloading 0 native plugins for Editor in 0.00 ms.
Unloading 2176 Unused Serialized files (Serialized files now loaded: 0)
Unloading 17 unused Assets / (24.7 KB). Loaded Objects now: 2761.
Memory consumption went from 108.1 MB to 108.1 MB.
Total: 6.509400 ms (FindLiveObjects: 0.563900 ms CreateObjectMapping: 0.254800 ms MarkObjects: 5.627200 ms  DeleteObjects: 0.060100 ms)

AssetImportParameters requested are different than current active one (requested -> active):
  custom:video-decoder-ogg-theora: a1e56fd34408186e4bbccfd4996cb3dc -> 
  custom:container-muxer-webm: aa71ff27fc2769a1b78a27578f13a17b -> 
  custom:container-demuxer-webm: 4f35f7cbe854078d1ac9338744f61a02 -> 
  custom:video-encoder-webm-vp8: eb34c28f22e8b96e1ab97ce403110664 -> 
  custom:audio-encoder-webm-vorbis: bf7c407c2cedff20999df2af8eb42d56 -> 
  custom:framework-win-MediaFoundation: 216162199b28c13a410421893ffa2e32 -> 
  custom:container-demuxer-ogg: 62fdf1f143b41e24485cea50d1cbac27 -> 
  custom:video-decoder-webm-vp8: 9c59270c3fd7afecdb556c50c9e8de78 -> 
  custom:audio-decoder-ogg-vorbis: bf7c407c2cedff20999df2af8eb42d56 -> 
========================================================================
Received Prepare
Registering precompiled user dll's ...
Registered in 0.006127 seconds.
Begin MonoManager ReloadAssembly
Native extension for WindowsStandalone target not found
Refreshing native plugins compatible for Editor in 0.95 ms, found 3 plugins.
Preloading 0 native plugins for Editor in 0.00 ms.
Mono: successfully reloaded assembly
- Completed reload, in  0.837 seconds
Domain Reload Profiling:
	ReloadAssembly (838ms)
		BeginReloadAssembly (127ms)
			ExecutionOrderSort (0ms)
			DisableScriptedObjects (6ms)
			BackupInstance (0ms)
			ReleaseScriptingObjects (0ms)
			CreateAndSetChildDomain (30ms)
		EndReloadAssembly (622ms)
			LoadAssemblies (87ms)
			RebuildTransferFunctionScriptingTraits (0ms)
			SetupTypeCache (158ms)
			ReleaseScriptCaches (1ms)
			RebuildScriptCaches (36ms)
			SetupLoadedEditorAssemblies (298ms)
				LogAssemblyErrors (0ms)
				InitializePlatformSupportModulesInManaged (6ms)
				SetLoadedEditorAssemblies (0ms)
				RefreshPlugins (1ms)
				BeforeProcessingInitializeOnLoad (59ms)
				ProcessInitializeOnLoadAttributes (189ms)
				ProcessInitializeOnLoadMethodAttributes (33ms)
				AfterProcessingInitializeOnLoad (9ms)
				EditorAssembliesLoaded (0ms)
			ExecutionOrderSort2 (0ms)
			AwakeInstancesAfterBackupRestoration (20ms)
Platform modules already initialized, skipping
Refreshing native plugins compatible for Editor in 4.54 ms, found 3 plugins.
Preloading 0 native plugins for Editor in 0.00 ms.
Unloading 2176 Unused Serialized files (Serialized files now loaded: 0)
Unloading 17 unused Assets / (24.7 KB). Loaded Objects now: 2764.
Memory consumption went from 108.2 MB to 108.2 MB.
Total: 3.227000 ms (FindLiveObjects: 0.166300 ms CreateObjectMapping: 0.101500 ms MarkObjects: 2.934500 ms  DeleteObjects: 0.023500 ms)

AssetImportParameters requested are different than current active one (requested -> active):
  custom:video-decoder-ogg-theora: a1e56fd34408186e4bbccfd4996cb3dc -> 
  custom:container-muxer-webm: aa71ff27fc2769a1b78a27578f13a17b -> 
  custom:container-demuxer-webm: 4f35f7cbe854078d1ac9338744f61a02 -> 
  custom:video-encoder-webm-vp8: eb34c28f22e8b96e1ab97ce403110664 -> 
  custom:audio-encoder-webm-vorbis: bf7c407c2cedff20999df2af8eb42d56 -> 
  custom:framework-win-MediaFoundation: 216162199b28c13a410421893ffa2e32 -> 
  custom:container-demuxer-ogg: 62fdf1f143b41e24485cea50d1cbac27 -> 
  custom:video-decoder-webm-vp8: 9c59270c3fd7afecdb556c50c9e8de78 -> 
  custom:audio-decoder-ogg-vorbis: bf7c407c2cedff20999df2af8eb42d56 -> 
========================================================================
Received Prepare
Registering precompiled user dll's ...
Registered in 0.005428 seconds.
Begin MonoManager ReloadAssembly
Native extension for WindowsStandalone target not found
Refreshing native plugins compatible for Editor in 0.75 ms, found 3 plugins.
Preloading 0 native plugins for Editor in 0.00 ms.
Mono: successfully reloaded assembly
- Completed reload, in  0.833 seconds
Domain Reload Profiling:
	ReloadAssembly (834ms)
		BeginReloadAssembly (130ms)
			ExecutionOrderSort (0ms)
			DisableScriptedObjects (6ms)
			BackupInstance (0ms)
			ReleaseScriptingObjects (0ms)
			CreateAndSetChildDomain (28ms)
		EndReloadAssembly (616ms)
			LoadAssemblies (92ms)
			RebuildTransferFunctionScriptingTraits (0ms)
			SetupTypeCache (161ms)
			ReleaseScriptCaches (1ms)
			RebuildScriptCaches (33ms)
			SetupLoadedEditorAssemblies (288ms)
				LogAssemblyErrors (0ms)
				InitializePlatformSupportModulesInManaged (5ms)
				SetLoadedEditorAssemblies (0ms)
				RefreshPlugins (1ms)
				BeforeProcessingInitializeOnLoad (56ms)
				ProcessInitializeOnLoadAttributes (180ms)
				ProcessInitializeOnLoadMethodAttributes (36ms)
				AfterProcessingInitializeOnLoad (10ms)
				EditorAssembliesLoaded (0ms)
			ExecutionOrderSort2 (0ms)
			AwakeInstancesAfterBackupRestoration (19ms)
Platform modules already initialized, skipping
Refreshing native plugins compatible for Editor in 5.40 ms, found 3 plugins.
Preloading 0 native plugins for Editor in 0.00 ms.
Unloading 2176 Unused Serialized files (Serialized files now loaded: 0)
Unloading 17 unused Assets / (24.6 KB). Loaded Objects now: 2767.
Memory consumption went from 108.2 MB to 108.2 MB.
Total: 6.613900 ms (FindLiveObjects: 0.684100 ms CreateObjectMapping: 0.364300 ms MarkObjects: 5.522000 ms  DeleteObjects: 0.041500 ms)

AssetImportParameters requested are different than current active one (requested -> active):
  custom:video-decoder-ogg-theora: a1e56fd34408186e4bbccfd4996cb3dc -> 
  custom:container-muxer-webm: aa71ff27fc2769a1b78a27578f13a17b -> 
  custom:container-demuxer-webm: 4f35f7cbe854078d1ac9338744f61a02 -> 
  custom:video-encoder-webm-vp8: eb34c28f22e8b96e1ab97ce403110664 -> 
  custom:audio-encoder-webm-vorbis: bf7c407c2cedff20999df2af8eb42d56 -> 
  custom:framework-win-MediaFoundation: 216162199b28c13a410421893ffa2e32 -> 
  custom:container-demuxer-ogg: 62fdf1f143b41e24485cea50d1cbac27 -> 
  custom:video-decoder-webm-vp8: 9c59270c3fd7afecdb556c50c9e8de78 -> 
  custom:audio-decoder-ogg-vorbis: bf7c407c2cedff20999df2af8eb42d56 -> 
========================================================================
Received Prepare
Registering precompiled user dll's ...
Registered in 0.006280 seconds.
Begin MonoManager ReloadAssembly
Native extension for WindowsStandalone target not found
Refreshing native plugins compatible for Editor in 0.74 ms, found 3 plugins.
Preloading 0 native plugins for Editor in 0.00 ms.
Mono: successfully reloaded assembly
- Completed reload, in  0.849 seconds
Domain Reload Profiling:
	ReloadAssembly (849ms)
		BeginReloadAssembly (131ms)
			ExecutionOrderSort (0ms)
			DisableScriptedObjects (7ms)
			BackupInstance (0ms)
			ReleaseScriptingObjects (0ms)
			CreateAndSetChildDomain (27ms)
		EndReloadAssembly (633ms)
			LoadAssemblies (93ms)
			RebuildTransferFunctionScriptingTraits (0ms)
			SetupTypeCache (147ms)
			ReleaseScriptCaches (1ms)
			RebuildScriptCaches (36ms)
			SetupLoadedEditorAssemblies (314ms)
				LogAssemblyErrors (0ms)
				InitializePlatformSupportModulesInManaged (6ms)
				SetLoadedEditorAssemblies (0ms)
				RefreshPlugins (1ms)
				BeforeProcessingInitializeOnLoad (56ms)
				ProcessInitializeOnLoadAttributes (201ms)
				ProcessInitializeOnLoadMethodAttributes (40ms)
				AfterProcessingInitializeOnLoad (10ms)
				EditorAssembliesLoaded (0ms)
			ExecutionOrderSort2 (0ms)
			AwakeInstancesAfterBackupRestoration (21ms)
Platform modules already initialized, skipping
Refreshing native plugins compatible for Editor in 6.08 ms, found 3 plugins.
Preloading 0 native plugins for Editor in 0.00 ms.
Unloading 2176 Unused Serialized files (Serialized files now loaded: 0)
Unloading 17 unused Assets / (24.7 KB). Loaded Objects now: 2770.
Memory consumption went from 108.2 MB to 108.2 MB.
Total: 6.644300 ms (FindLiveObjects: 0.551700 ms CreateObjectMapping: 0.199900 ms MarkObjects: 5.852500 ms  DeleteObjects: 0.038200 ms)

AssetImportParameters requested are different than current active one (requested -> active):
  custom:video-decoder-ogg-theora: a1e56fd34408186e4bbccfd4996cb3dc -> 
  custom:container-muxer-webm: aa71ff27fc2769a1b78a27578f13a17b -> 
  custom:container-demuxer-webm: 4f35f7cbe854078d1ac9338744f61a02 -> 
  custom:video-encoder-webm-vp8: eb34c28f22e8b96e1ab97ce403110664 -> 
  custom:audio-encoder-webm-vorbis: bf7c407c2cedff20999df2af8eb42d56 -> 
  custom:framework-win-MediaFoundation: 216162199b28c13a410421893ffa2e32 -> 
  custom:container-demuxer-ogg: 62fdf1f143b41e24485cea50d1cbac27 -> 
  custom:video-decoder-webm-vp8: 9c59270c3fd7afecdb556c50c9e8de78 -> 
  custom:audio-decoder-ogg-vorbis: bf7c407c2cedff20999df2af8eb42d56 -> 
========================================================================
Received Prepare
Registering precompiled user dll's ...
Registered in 0.005316 seconds.
Begin MonoManager ReloadAssembly
Native extension for WindowsStandalone target not found
Refreshing native plugins compatible for Editor in 0.75 ms, found 3 plugins.
Preloading 0 native plugins for Editor in 0.00 ms.
Mono: successfully reloaded assembly
- Completed reload, in  0.799 seconds
Domain Reload Profiling:
	ReloadAssembly (800ms)
		BeginReloadAssembly (132ms)
			ExecutionOrderSort (0ms)
			DisableScriptedObjects (6ms)
			BackupInstance (0ms)
			ReleaseScriptingObjects (0ms)
			CreateAndSetChildDomain (27ms)
		EndReloadAssembly (586ms)
			LoadAssemblies (96ms)
			RebuildTransferFunctionScriptingTraits (0ms)
			SetupTypeCache (143ms)
			ReleaseScriptCaches (1ms)
			RebuildScriptCaches (33ms)
			SetupLoadedEditorAssemblies (285ms)
				LogAssemblyErrors (0ms)
				InitializePlatformSupportModulesInManaged (5ms)
				SetLoadedEditorAssemblies (0ms)
				RefreshPlugins (1ms)
				BeforeProcessingInitializeOnLoad (56ms)
				ProcessInitializeOnLoadAttributes (181ms)
				ProcessInitializeOnLoadMethodAttributes (32ms)
				AfterProcessingInitializeOnLoad (9ms)
				EditorAssembliesLoaded (0ms)
			ExecutionOrderSort2 (0ms)
			AwakeInstancesAfterBackupRestoration (16ms)
Platform modules already initialized, skipping
Refreshing native plugins compatible for Editor in 4.66 ms, found 3 plugins.
Preloading 0 native plugins for Editor in 0.00 ms.
Unloading 2176 Unused Serialized files (Serialized files now loaded: 0)
Unloading 17 unused Assets / (24.7 KB). Loaded Objects now: 2773.
Memory consumption went from 108.3 MB to 108.2 MB.
Total: 3.831000 ms (FindLiveObjects: 0.232900 ms CreateObjectMapping: 0.139300 ms MarkObjects: 3.430800 ms  DeleteObjects: 0.026700 ms)

AssetImportParameters requested are different than current active one (requested -> active):
  custom:video-decoder-ogg-theora: a1e56fd34408186e4bbccfd4996cb3dc -> 
  custom:container-muxer-webm: aa71ff27fc2769a1b78a27578f13a17b -> 
  custom:container-demuxer-webm: 4f35f7cbe854078d1ac9338744f61a02 -> 
  custom:video-encoder-webm-vp8: eb34c28f22e8b96e1ab97ce403110664 -> 
  custom:audio-encoder-webm-vorbis: bf7c407c2cedff20999df2af8eb42d56 -> 
  custom:framework-win-MediaFoundation: 216162199b28c13a410421893ffa2e32 -> 
  custom:container-demuxer-ogg: 62fdf1f143b41e24485cea50d1cbac27 -> 
  custom:video-decoder-webm-vp8: 9c59270c3fd7afecdb556c50c9e8de78 -> 
  custom:audio-decoder-ogg-vorbis: bf7c407c2cedff20999df2af8eb42d56 -> 
========================================================================
Received Prepare
Registering precompiled user dll's ...
Registered in 0.006353 seconds.
Begin MonoManager ReloadAssembly
Native extension for WindowsStandalone target not found
Refreshing native plugins compatible for Editor in 0.70 ms, found 3 plugins.
Preloading 0 native plugins for Editor in 0.00 ms.
Mono: successfully reloaded assembly
- Completed reload, in  0.793 seconds
Domain Reload Profiling:
	ReloadAssembly (794ms)
		BeginReloadAssembly (129ms)
			ExecutionOrderSort (0ms)
			DisableScriptedObjects (6ms)
			BackupInstance (0ms)
			ReleaseScriptingObjects (0ms)
			CreateAndSetChildDomain (27ms)
		EndReloadAssembly (584ms)
			LoadAssemblies (91ms)
			RebuildTransferFunctionScriptingTraits (0ms)
			SetupTypeCache (144ms)
			ReleaseScriptCaches (1ms)
			RebuildScriptCaches (38ms)
			SetupLoadedEditorAssemblies (281ms)
				LogAssemblyErrors (0ms)
				InitializePlatformSupportModulesInManaged (5ms)
				SetLoadedEditorAssemblies (0ms)
				RefreshPlugins (1ms)
				BeforeProcessingInitializeOnLoad (50ms)
				ProcessInitializeOnLoadAttributes (184ms)
				ProcessInitializeOnLoadMethodAttributes (33ms)
				AfterProcessingInitializeOnLoad (8ms)
				EditorAssembliesLoaded (0ms)
			ExecutionOrderSort2 (0ms)
			AwakeInstancesAfterBackupRestoration (17ms)
Platform modules already initialized, skipping
Refreshing native plugins compatible for Editor in 5.18 ms, found 3 plugins.
Preloading 0 native plugins for Editor in 0.00 ms.
Unloading 2176 Unused Serialized files (Serialized files now loaded: 0)
Unloading 17 unused Assets / (24.7 KB). Loaded Objects now: 2776.
Memory consumption went from 108.2 MB to 108.1 MB.
Total: 7.851600 ms (FindLiveObjects: 0.658600 ms CreateObjectMapping: 0.294900 ms MarkObjects: 6.795400 ms  DeleteObjects: 0.097900 ms)

AssetImportParameters requested are different than current active one (requested -> active):
  custom:video-decoder-ogg-theora: a1e56fd34408186e4bbccfd4996cb3dc -> 
  custom:container-muxer-webm: aa71ff27fc2769a1b78a27578f13a17b -> 
  custom:container-demuxer-webm: 4f35f7cbe854078d1ac9338744f61a02 -> 
  custom:video-encoder-webm-vp8: eb34c28f22e8b96e1ab97ce403110664 -> 
  custom:audio-encoder-webm-vorbis: bf7c407c2cedff20999df2af8eb42d56 -> 
  custom:framework-win-MediaFoundation: 216162199b28c13a410421893ffa2e32 -> 
  custom:container-demuxer-ogg: 62fdf1f143b41e24485cea50d1cbac27 -> 
  custom:video-decoder-webm-vp8: 9c59270c3fd7afecdb556c50c9e8de78 -> 
  custom:audio-decoder-ogg-vorbis: bf7c407c2cedff20999df2af8eb42d56 -> 
========================================================================
Received Import Request.
  Time since last request: 371.220821 seconds.
  path: Assets/Components/UnityAssets/Graphics/UI/2/slider/horizontal_hover_thumb.png
  artifactKey: Guid(65bbf57edd5fbe64985851f292c0c5fb) Importer(815301076,1909f56bfc062723c751e8b465ee728b)
Start importing Assets/Components/UnityAssets/Graphics/UI/2/slider/horizontal_hover_thumb.png using Guid(65bbf57edd5fbe64985851f292c0c5fb) Importer(815301076,1909f56bfc062723c751e8b465ee728b)  -> (artifact id: '94d9b0ed4b35a09cdd2a2c551775396a') in 0.060399 seconds 
========================================================================
Received Import Request.
  Time since last request: 0.000017 seconds.
  path: Assets/Components/UnityAssets/Graphics/UI/2/slider/horizontal_idle_thumb.png
  artifactKey: Guid(2db2c6e7c25e9834ea5bd7a8c33ac86c) Importer(815301076,1909f56bfc062723c751e8b465ee728b)
Start importing Assets/Components/UnityAssets/Graphics/UI/2/slider/horizontal_idle_thumb.png using Guid(2db2c6e7c25e9834ea5bd7a8c33ac86c) Importer(815301076,1909f56bfc062723c751e8b465ee728b)  -> (artifact id: '5e1aa45c9ef22eead71a19991a0194c6') in 0.030444 seconds 
========================================================================
Received Import Request.
  Time since last request: 0.000021 seconds.
  path: Assets/Components/UnityAssets/Graphics/UI/2/slider/vertical_hover_bar.png
  artifactKey: Guid(7176653843c6577418933379072758d0) Importer(815301076,1909f56bfc062723c751e8b465ee728b)
Start importing Assets/Components/UnityAssets/Graphics/UI/2/slider/vertical_hover_bar.png using Guid(7176653843c6577418933379072758d0) Importer(815301076,1909f56bfc062723c751e8b465ee728b)  -> (artifact id: '96f8bbec05334a7663de9ec675b3c08a') in 0.031983 seconds 
========================================================================
Received Import Request.
  Time since last request: 0.000030 seconds.
  path: Assets/Components/UnityAssets/Graphics/UI/2/slider/vertical_idle_thumb.png
  artifactKey: Guid(ce54ace2153d73e4b88452f560894dcf) Importer(815301076,1909f56bfc062723c751e8b465ee728b)
Start importing Assets/Components/UnityAssets/Graphics/UI/2/slider/vertical_idle_thumb.png using Guid(ce54ace2153d73e4b88452f560894dcf) Importer(815301076,1909f56bfc062723c751e8b465ee728b)  -> (artifact id: '5f95ab985641bfa94d261bec63f052c6') in 0.034785 seconds 
========================================================================
Received Import Request.
  Time since last request: 3.388285 seconds.
  path: Assets/Components/UnityAssets/Graphics/UI/2/scrollbar/horizontal_hover_thumb.png
  artifactKey: Guid(efbeaca33fac12e44939f46758ca8bf6) Importer(815301076,1909f56bfc062723c751e8b465ee728b)
Start importing Assets/Components/UnityAssets/Graphics/UI/2/scrollbar/horizontal_hover_thumb.png using Guid(efbeaca33fac12e44939f46758ca8bf6) Importer(815301076,1909f56bfc062723c751e8b465ee728b)  -> (artifact id: '544c49ca15b3fabc77cef84f64a6b4a0') in 0.026687 seconds 
========================================================================
Received Import Request.
  Time since last request: 0.000018 seconds.
  path: Assets/Components/UnityAssets/Graphics/UI/2/scrollbar/vertical_idle_thumb.png
  artifactKey: Guid(d97f67d76fa4d8c40bf92298e7ea6203) Importer(815301076,1909f56bfc062723c751e8b465ee728b)
Start importing Assets/Components/UnityAssets/Graphics/UI/2/scrollbar/vertical_idle_thumb.png using Guid(d97f67d76fa4d8c40bf92298e7ea6203) Importer(815301076,1909f56bfc062723c751e8b465ee728b)  -> (artifact id: '5af5abef823d4441fd2be597b8b3fd20') in 0.029805 seconds 
========================================================================
Received Import Request.
  Time since last request: 0.000027 seconds.
  path: Assets/Components/UnityAssets/Graphics/UI/2/scrollbar/horizontal_idle_bar.png
  artifactKey: Guid(968bd7b979dbf964ab1770f87276ccdb) Importer(815301076,1909f56bfc062723c751e8b465ee728b)
Start importing Assets/Components/UnityAssets/Graphics/UI/2/scrollbar/horizontal_idle_bar.png using Guid(968bd7b979dbf964ab1770f87276ccdb) Importer(815301076,1909f56bfc062723c751e8b465ee728b)  -> (artifact id: '19befa40237633fc9b2d9ba1e0099010') in 0.027969 seconds 
========================================================================
Received Import Request.
  Time since last request: 0.000023 seconds.
  path: Assets/Components/UnityAssets/Graphics/UI/2/scrollbar/vertical_hover_bar.png
  artifactKey: Guid(d3cdaf8ad84f208429e28b1ad4138396) Importer(815301076,1909f56bfc062723c751e8b465ee728b)
Start importing Assets/Components/UnityAssets/Graphics/UI/2/scrollbar/vertical_hover_bar.png using Guid(d3cdaf8ad84f208429e28b1ad4138396) Importer(815301076,1909f56bfc062723c751e8b465ee728b)  -> (artifact id: 'fdf2e8e5938d1e5eb7f3c0a982499000') in 0.024919 seconds 
========================================================================
Received Import Request.
  Time since last request: 0.405013 seconds.
  path: Assets/Components/UnityAssets/Graphics/UI/2/SaveLoad/saveload_hover.png
  artifactKey: Guid(e01ecd929244e124f97d3345ddf849db) Importer(815301076,1909f56bfc062723c751e8b465ee728b)
Start importing Assets/Components/UnityAssets/Graphics/UI/2/SaveLoad/saveload_hover.png using Guid(e01ecd929244e124f97d3345ddf849db) Importer(815301076,1909f56bfc062723c751e8b465ee728b)  -> (artifact id: 'c95a728203b47f363b6b00e77a516a17') in 0.153698 seconds 
========================================================================
Received Import Request.
  Time since last request: 0.000018 seconds.
  path: Assets/Components/UnityAssets/Graphics/UI/2/SaveLoad/saveload_idle.png
  artifactKey: Guid(cef495fd4e6b525468affdc0bdc5ca37) Importer(815301076,1909f56bfc062723c751e8b465ee728b)
Start importing Assets/Components/UnityAssets/Graphics/UI/2/SaveLoad/saveload_idle.png using Guid(cef495fd4e6b525468affdc0bdc5ca37) Importer(815301076,1909f56bfc062723c751e8b465ee728b)  -> (artifact id: '1f0f075be8ca67277b40b1bdc244cef1') in 0.192476 seconds 
========================================================================
Received Import Request.
  Time since last request: 0.640900 seconds.
  path: Assets/Components/UnityAssets/Graphics/UI/2/overlay/game_menu.png
  artifactKey: Guid(28f97852900313c4497ea7cd8f4e7df9) Importer(815301076,1909f56bfc062723c751e8b465ee728b)
Start importing Assets/Components/UnityAssets/Graphics/UI/2/overlay/game_menu.png using Guid(28f97852900313c4497ea7cd8f4e7df9) Importer(815301076,1909f56bfc062723c751e8b465ee728b)  -> (artifact id: 'e0c082cf26d1e5cf7839dae9e55e0c6c') in 0.176224 seconds 
========================================================================
Received Import Request.
  Time since last request: 2.836415 seconds.
  path: Assets/Components/UnityAssets/Graphics/UI/2/HelpButtons/gamepad_idle.png
  artifactKey: Guid(28fff8eb82f29684da2838643ec85760) Importer(815301076,1909f56bfc062723c751e8b465ee728b)
Start importing Assets/Components/UnityAssets/Graphics/UI/2/HelpButtons/gamepad_idle.png using Guid(28fff8eb82f29684da2838643ec85760) Importer(815301076,1909f56bfc062723c751e8b465ee728b)  -> (artifact id: 'cef6bf322d656f016443d7c9eb490dc3') in 0.025436 seconds 
========================================================================
Received Import Request.
  Time since last request: 0.000016 seconds.
  path: Assets/Components/UnityAssets/Graphics/UI/2/HelpButtons/keyboard_selected_idle.png
  artifactKey: Guid(82e4fc7d1d2c99544b7cf5d4c88b875d) Importer(815301076,1909f56bfc062723c751e8b465ee728b)
Start importing Assets/Components/UnityAssets/Graphics/UI/2/HelpButtons/keyboard_selected_idle.png using Guid(82e4fc7d1d2c99544b7cf5d4c88b875d) Importer(815301076,1909f56bfc062723c751e8b465ee728b)  -> (artifact id: '72d0359a0f68a78f258c15d996b65072') in 0.032458 seconds 
========================================================================
Received Import Request.
  Time since last request: 0.000027 seconds.
  path: Assets/Components/UnityAssets/Graphics/UI/2/HelpButtons/keyboard_hover.png
  artifactKey: Guid(d4039770269c249429b78671607541e8) Importer(815301076,1909f56bfc062723c751e8b465ee728b)
Start importing Assets/Components/UnityAssets/Graphics/UI/2/HelpButtons/keyboard_hover.png using Guid(d4039770269c249429b78671607541e8) Importer(815301076,1909f56bfc062723c751e8b465ee728b)  -> (artifact id: '5bd7832aaebab50f2404745b32d30637') in 0.023700 seconds 
========================================================================
Received Import Request.
  Time since last request: 0.000016 seconds.
  path: Assets/Components/UnityAssets/Graphics/UI/2/HelpButtons/gamepad_selected_idle.png
  artifactKey: Guid(bb9c513c03327b44cbb0cc04fd64d28d) Importer(815301076,1909f56bfc062723c751e8b465ee728b)
Start importing Assets/Components/UnityAssets/Graphics/UI/2/HelpButtons/gamepad_selected_idle.png using Guid(bb9c513c03327b44cbb0cc04fd64d28d) Importer(815301076,1909f56bfc062723c751e8b465ee728b)  -> (artifact id: 'c97866de62d853dae740e27b23d3b5f1') in 0.024675 seconds 
========================================================================
Received Import Request.
  Time since last request: 2.809780 seconds.
  path: Assets/Components/UnityAssets/Graphics/UI/2/font/MorrisRomanAlternate-Black.ttf
  artifactKey: Guid(ad48b35fcb3bc794689aeeefa3a8dfa4) Importer(815301076,1909f56bfc062723c751e8b465ee728b)
Start importing Assets/Components/UnityAssets/Graphics/UI/2/font/MorrisRomanAlternate-Black.ttf using Guid(ad48b35fcb3bc794689aeeefa3a8dfa4) Importer(815301076,1909f56bfc062723c751e8b465ee728b)  -> (artifact id: '79decddd8cd91e834917531d251c9c3d') in 0.041973 seconds 
========================================================================
Received Import Request.
  Time since last request: 0.506506 seconds.
  path: Assets/Components/UnityAssets/Graphics/UI/2/Config/config_hover.png
  artifactKey: Guid(6a65531329e9a40418f5dae902d8b2b0) Importer(815301076,1909f56bfc062723c751e8b465ee728b)
Start importing Assets/Components/UnityAssets/Graphics/UI/2/Config/config_hover.png using Guid(6a65531329e9a40418f5dae902d8b2b0) Importer(815301076,1909f56bfc062723c751e8b465ee728b)  -> (artifact id: 'a94788097c88598faf2cc37c8e9d18b9') in 0.154212 seconds 
========================================================================
Received Import Request.
  Time since last request: 0.000021 seconds.
  path: Assets/Components/UnityAssets/Graphics/UI/2/Config/config_sidle.png
  artifactKey: Guid(ae6019a66d207074786d5e5f019aec58) Importer(815301076,1909f56bfc062723c751e8b465ee728b)
Start importing Assets/Components/UnityAssets/Graphics/UI/2/Config/config_sidle.png using Guid(ae6019a66d207074786d5e5f019aec58) Importer(815301076,1909f56bfc062723c751e8b465ee728b)  -> (artifact id: 'c607e2acac7d3425c0e50412885f3cce') in 0.186201 seconds 
========================================================================
Received Import Request.
  Time since last request: 1.333805 seconds.
  path: Assets/Components/UnityAssets/Graphics/UI/2/button/choice_idle_background.png
  artifactKey: Guid(7dcba8181b354de4ca1104d35dcfd53a) Importer(815301076,1909f56bfc062723c751e8b465ee728b)
Start importing Assets/Components/UnityAssets/Graphics/UI/2/button/choice_idle_background.png using Guid(7dcba8181b354de4ca1104d35dcfd53a) Importer(815301076,1909f56bfc062723c751e8b465ee728b)  -> (artifact id: 'd838379ba85b09cb74a14fa041c752fd') in 0.026699 seconds 
========================================================================
Received Import Request.
  Time since last request: 0.000015 seconds.
  path: Assets/Components/UnityAssets/Graphics/UI/2/button/gallerybutton3_hover.png
  artifactKey: Guid(e70c913598c04cc439e8641f4e993883) Importer(815301076,1909f56bfc062723c751e8b465ee728b)
Start importing Assets/Components/UnityAssets/Graphics/UI/2/button/gallerybutton3_hover.png using Guid(e70c913598c04cc439e8641f4e993883) Importer(815301076,1909f56bfc062723c751e8b465ee728b)  -> (artifact id: '32c7bc1b128e9c595f55f70387175284') in 0.022300 seconds 
========================================================================
Received Import Request.
  Time since last request: 0.000022 seconds.
  path: Assets/Components/UnityAssets/Graphics/UI/2/button/gallerybutton2_hover.png
  artifactKey: Guid(bac0f4dfb23ce4749b8aa00c6f95e818) Importer(815301076,1909f56bfc062723c751e8b465ee728b)
Start importing Assets/Components/UnityAssets/Graphics/UI/2/button/gallerybutton2_hover.png using Guid(bac0f4dfb23ce4749b8aa00c6f95e818) Importer(815301076,1909f56bfc062723c751e8b465ee728b)  -> (artifact id: 'e20150467e43cd2f3a27231a4c293099') in 0.022843 seconds 
========================================================================
Received Import Request.
  Time since last request: 0.000019 seconds.
  path: Assets/Components/UnityAssets/Graphics/UI/2/button/gallerybutton4_idle.png
  artifactKey: Guid(f5b5751cc82cb1d40bef209bf8607b45) Importer(815301076,1909f56bfc062723c751e8b465ee728b)
Start importing Assets/Components/UnityAssets/Graphics/UI/2/button/gallerybutton4_idle.png using Guid(f5b5751cc82cb1d40bef209bf8607b45) Importer(815301076,1909f56bfc062723c751e8b465ee728b)  -> (artifact id: 'c293676e0b4d9ecfa318a4f80f7e453d') in 0.026548 seconds 
========================================================================
Received Import Request.
  Time since last request: 0.000038 seconds.
  path: Assets/Components/UnityAssets/Graphics/UI/2/button/gallerybutton1_selected_idle.png
  artifactKey: Guid(23d1223e6126ace418eaea627cb42d49) Importer(815301076,1909f56bfc062723c751e8b465ee728b)
Start importing Assets/Components/UnityAssets/Graphics/UI/2/button/gallerybutton1_selected_idle.png using Guid(23d1223e6126ace418eaea627cb42d49) Importer(815301076,1909f56bfc062723c751e8b465ee728b)  -> (artifact id: '6901e64286ae0a0a5044a0c251d27134') in 0.024850 seconds 
========================================================================
Received Import Request.
  Time since last request: 0.000034 seconds.
  path: Assets/Components/UnityAssets/Graphics/UI/2/button/gallerybutton3_selected_idle.png
  artifactKey: Guid(240a83a581a3e3d44a01cc7b1ffc4329) Importer(815301076,1909f56bfc062723c751e8b465ee728b)
Start importing Assets/Components/UnityAssets/Graphics/UI/2/button/gallerybutton3_selected_idle.png using Guid(240a83a581a3e3d44a01cc7b1ffc4329) Importer(815301076,1909f56bfc062723c751e8b465ee728b)  -> (artifact id: '938904ee84edc641e78369b8678a72bf') in 0.024313 seconds 
========================================================================
Received Import Request.
  Time since last request: 0.000017 seconds.
  path: Assets/Components/UnityAssets/Graphics/UI/2/button/gallerybutton1_hover.png
  artifactKey: Guid(1e7266a71e349274dacc311252403a8b) Importer(815301076,1909f56bfc062723c751e8b465ee728b)
Start importing Assets/Components/UnityAssets/Graphics/UI/2/button/gallerybutton1_hover.png using Guid(1e7266a71e349274dacc311252403a8b) Importer(815301076,1909f56bfc062723c751e8b465ee728b)  -> (artifact id: '1fb6bc6dd98ab6518371dfe176b04a02') in 0.024846 seconds 
========================================================================
Received Import Request.
  Time since last request: 1.322692 seconds.
  path: Assets/Components/UnityAssets/Graphics/UI/2/button/gallerybutton_idle_blank.png
  artifactKey: Guid(b720f6cf398ca7d43bbb4dcbeeb444ba) Importer(815301076,1909f56bfc062723c751e8b465ee728b)
Start importing Assets/Components/UnityAssets/Graphics/UI/2/button/gallerybutton_idle_blank.png using Guid(b720f6cf398ca7d43bbb4dcbeeb444ba) Importer(815301076,1909f56bfc062723c751e8b465ee728b)  -> (artifact id: 'f9ad70762f05d7ca302d7b7e5c6f9bc0') in 0.023009 seconds 
========================================================================
Received Import Request.
  Time since last request: 0.000016 seconds.
  path: Assets/Components/UnityAssets/Graphics/UI/2/button/gallerybutton_selecthover_blank.png
  artifactKey: Guid(b1d9b3ff6d524744781a14907efdb65b) Importer(815301076,1909f56bfc062723c751e8b465ee728b)
Start importing Assets/Components/UnityAssets/Graphics/UI/2/button/gallerybutton_selecthover_blank.png using Guid(b1d9b3ff6d524744781a14907efdb65b) Importer(815301076,1909f56bfc062723c751e8b465ee728b)  -> (artifact id: '58066d23dd517e5f26abd34a77b99a09') in 0.019406 seconds 
========================================================================
Received Import Request.
  Time since last request: 0.000017 seconds.
  path: Assets/Components/UnityAssets/Graphics/UI/2/button/quick_hover_background.png
  artifactKey: Guid(8b6fd5a106a3b394e88b3a2af5eec381) Importer(815301076,1909f56bfc062723c751e8b465ee728b)
Start importing Assets/Components/UnityAssets/Graphics/UI/2/button/quick_hover_background.png using Guid(8b6fd5a106a3b394e88b3a2af5eec381) Importer(815301076,1909f56bfc062723c751e8b465ee728b)  -> (artifact id: 'c67165e5ce5e6c7e0e2c4a25128b8a39') in 0.020919 seconds 
========================================================================
Received Import Request.
  Time since last request: 0.303099 seconds.
  path: Assets/Components/UnityAssets/Graphics/UI/2/button/return_hover.png
  artifactKey: Guid(577403bf598724d4a9d36d2ba63e71b7) Importer(815301076,1909f56bfc062723c751e8b465ee728b)
Start importing Assets/Components/UnityAssets/Graphics/UI/2/button/return_hover.png using Guid(577403bf598724d4a9d36d2ba63e71b7) Importer(815301076,1909f56bfc062723c751e8b465ee728b)  -> (artifact id: '43ef7282e1a49732cc138fe3eb64855c') in 0.023743 seconds 
========================================================================
Received Import Request.
  Time since last request: 3.196496 seconds.
  path: Assets/Components/UnityAssets/Graphics/UI/2/bar/left.png
  artifactKey: Guid(042e5867a0ab2ba47916bb20bb3632fe) Importer(815301076,1909f56bfc062723c751e8b465ee728b)
Start importing Assets/Components/UnityAssets/Graphics/UI/2/bar/left.png using Guid(042e5867a0ab2ba47916bb20bb3632fe) Importer(815301076,1909f56bfc062723c751e8b465ee728b)  -> (artifact id: 'e67659c87f1695b82fbc680899e717be') in 0.021256 seconds 
========================================================================
Received Import Request.
  Time since last request: 0.000016 seconds.
  path: Assets/Components/UnityAssets/Graphics/UI/2/bar/top.png
  artifactKey: Guid(961aad25ce2f33145acd3d9e3578eceb) Importer(815301076,1909f56bfc062723c751e8b465ee728b)
Start importing Assets/Components/UnityAssets/Graphics/UI/2/bar/top.png using Guid(961aad25ce2f33145acd3d9e3578eceb) Importer(815301076,1909f56bfc062723c751e8b465ee728b)  -> (artifact id: '9d13313a93e54805152914f26093a748') in 0.027819 seconds 
========================================================================
Received Import Request.
  Time since last request: 2.144336 seconds.
  path: Assets/Components/UnityAssets/Graphics/UI/2/abouthistory/menu_hover.png
  artifactKey: Guid(401f21c167f4dff4f85b6aecbec9b75c) Importer(815301076,1909f56bfc062723c751e8b465ee728b)
Start importing Assets/Components/UnityAssets/Graphics/UI/2/abouthistory/menu_hover.png using Guid(401f21c167f4dff4f85b6aecbec9b75c) Importer(815301076,1909f56bfc062723c751e8b465ee728b)  -> (artifact id: '33ad58de94dd97976a53d58cf7b3fc9b') in 0.146364 seconds 
========================================================================
Received Import Request.
  Time since last request: 26.121777 seconds.
  path: Assets/Components/UnityAssets/Graphics/UI/IMAGE/18.png
  artifactKey: Guid(b759ff6acfc05a74e991dcfad089100b) Importer(815301076,1909f56bfc062723c751e8b465ee728b)
Start importing Assets/Components/UnityAssets/Graphics/UI/IMAGE/18.png using Guid(b759ff6acfc05a74e991dcfad089100b) Importer(815301076,1909f56bfc062723c751e8b465ee728b)  -> (artifact id: '97d38d96833bf73f5867c1e6706d564e') in 0.243209 seconds 
========================================================================
Received Import Request.
  Time since last request: 0.000017 seconds.
  path: Assets/Components/UnityAssets/Graphics/UI/IMAGE/21.png
  artifactKey: Guid(28a87836e24b8e9469b2ade4e8e1c401) Importer(815301076,1909f56bfc062723c751e8b465ee728b)
Start importing Assets/Components/UnityAssets/Graphics/UI/IMAGE/21.png using Guid(28a87836e24b8e9469b2ade4e8e1c401) Importer(815301076,1909f56bfc062723c751e8b465ee728b)  -> (artifact id: '21d4437638a6c58df45c18b4ef7c09d5') in 0.296740 seconds 
========================================================================
Received Import Request.
  Time since last request: 0.000026 seconds.
  path: Assets/Components/UnityAssets/Graphics/UI/IMAGE/20.png
  artifactKey: Guid(927f5e9b122d58649b0680c08d6f3598) Importer(815301076,1909f56bfc062723c751e8b465ee728b)
Start importing Assets/Components/UnityAssets/Graphics/UI/IMAGE/20.png using Guid(927f5e9b122d58649b0680c08d6f3598) Importer(815301076,1909f56bfc062723c751e8b465ee728b)  -> (artifact id: 'd05270d59d43bb23bfaa3b7df469bd1d') in 0.193585 seconds 
========================================================================
Received Prepare
Registering precompiled user dll's ...
Registered in 0.005727 seconds.
Begin MonoManager ReloadAssembly
Native extension for WindowsStandalone target not found
Refreshing native plugins compatible for Editor in 0.90 ms, found 3 plugins.
Preloading 0 native plugins for Editor in 0.00 ms.
Mono: successfully reloaded assembly
- Completed reload, in  0.838 seconds
Domain Reload Profiling:
	ReloadAssembly (839ms)
		BeginReloadAssembly (135ms)
			ExecutionOrderSort (0ms)
			DisableScriptedObjects (5ms)
			BackupInstance (0ms)
			ReleaseScriptingObjects (0ms)
			CreateAndSetChildDomain (34ms)
		EndReloadAssembly (625ms)
			LoadAssemblies (93ms)
			RebuildTransferFunctionScriptingTraits (0ms)
			SetupTypeCache (166ms)
			ReleaseScriptCaches (1ms)
			RebuildScriptCaches (33ms)
			SetupLoadedEditorAssemblies (297ms)
				LogAssemblyErrors (0ms)
				InitializePlatformSupportModulesInManaged (6ms)
				SetLoadedEditorAssemblies (0ms)
				RefreshPlugins (1ms)
				BeforeProcessingInitializeOnLoad (59ms)
				ProcessInitializeOnLoadAttributes (189ms)
				ProcessInitializeOnLoadMethodAttributes (32ms)
				AfterProcessingInitializeOnLoad (9ms)
				EditorAssembliesLoaded (0ms)
			ExecutionOrderSort2 (0ms)
			AwakeInstancesAfterBackupRestoration (16ms)
Platform modules already initialized, skipping
Refreshing native plugins compatible for Editor in 5.08 ms, found 3 plugins.
Preloading 0 native plugins for Editor in 0.00 ms.
Unloading 2176 Unused Serialized files (Serialized files now loaded: 0)
Unloading 17 unused Assets / (24.6 KB). Loaded Objects now: 2809.
Memory consumption went from 108.4 MB to 108.4 MB.
Total: 6.387200 ms (FindLiveObjects: 0.551500 ms CreateObjectMapping: 0.204800 ms MarkObjects: 5.561000 ms  DeleteObjects: 0.067900 ms)

AssetImportParameters requested are different than current active one (requested -> active):
  custom:video-decoder-ogg-theora: a1e56fd34408186e4bbccfd4996cb3dc -> 
  custom:container-muxer-webm: aa71ff27fc2769a1b78a27578f13a17b -> 
  custom:container-demuxer-webm: 4f35f7cbe854078d1ac9338744f61a02 -> 
  custom:video-encoder-webm-vp8: eb34c28f22e8b96e1ab97ce403110664 -> 
  custom:audio-encoder-webm-vorbis: bf7c407c2cedff20999df2af8eb42d56 -> 
  custom:framework-win-MediaFoundation: 216162199b28c13a410421893ffa2e32 -> 
  custom:container-demuxer-ogg: 62fdf1f143b41e24485cea50d1cbac27 -> 
  custom:video-decoder-webm-vp8: 9c59270c3fd7afecdb556c50c9e8de78 -> 
  custom:audio-decoder-ogg-vorbis: bf7c407c2cedff20999df2af8eb42d56 -> 
========================================================================
Received Prepare
Registering precompiled user dll's ...
Registered in 0.005392 seconds.
Begin MonoManager ReloadAssembly
Native extension for WindowsStandalone target not found
Refreshing native plugins compatible for Editor in 0.86 ms, found 3 plugins.
Preloading 0 native plugins for Editor in 0.00 ms.
Mono: successfully reloaded assembly
- Completed reload, in  0.823 seconds
Domain Reload Profiling:
	ReloadAssembly (824ms)
		BeginReloadAssembly (139ms)
			ExecutionOrderSort (0ms)
			DisableScriptedObjects (6ms)
			BackupInstance (0ms)
			ReleaseScriptingObjects (0ms)
			CreateAndSetChildDomain (27ms)
		EndReloadAssembly (600ms)
			LoadAssemblies (101ms)
			RebuildTransferFunctionScriptingTraits (0ms)
			SetupTypeCache (147ms)
			ReleaseScriptCaches (1ms)
			RebuildScriptCaches (33ms)
			SetupLoadedEditorAssemblies (294ms)
				LogAssemblyErrors (0ms)
				InitializePlatformSupportModulesInManaged (5ms)
				SetLoadedEditorAssemblies (0ms)
				RefreshPlugins (1ms)
				BeforeProcessingInitializeOnLoad (58ms)
				ProcessInitializeOnLoadAttributes (188ms)
				ProcessInitializeOnLoadMethodAttributes (33ms)
				AfterProcessingInitializeOnLoad (8ms)
				EditorAssembliesLoaded (0ms)
			ExecutionOrderSort2 (0ms)
			AwakeInstancesAfterBackupRestoration (17ms)
Platform modules already initialized, skipping
Refreshing native plugins compatible for Editor in 5.63 ms, found 3 plugins.
Preloading 0 native plugins for Editor in 0.00 ms.
Unloading 2176 Unused Serialized files (Serialized files now loaded: 0)
Unloading 17 unused Assets / (24.6 KB). Loaded Objects now: 2812.
Memory consumption went from 108.4 MB to 108.4 MB.
Total: 3.897800 ms (FindLiveObjects: 0.222600 ms CreateObjectMapping: 0.133200 ms MarkObjects: 3.506000 ms  DeleteObjects: 0.034400 ms)

AssetImportParameters requested are different than current active one (requested -> active):
  custom:video-decoder-ogg-theora: a1e56fd34408186e4bbccfd4996cb3dc -> 
  custom:container-muxer-webm: aa71ff27fc2769a1b78a27578f13a17b -> 
  custom:container-demuxer-webm: 4f35f7cbe854078d1ac9338744f61a02 -> 
  custom:video-encoder-webm-vp8: eb34c28f22e8b96e1ab97ce403110664 -> 
  custom:audio-encoder-webm-vorbis: bf7c407c2cedff20999df2af8eb42d56 -> 
  custom:framework-win-MediaFoundation: 216162199b28c13a410421893ffa2e32 -> 
  custom:container-demuxer-ogg: 62fdf1f143b41e24485cea50d1cbac27 -> 
  custom:video-decoder-webm-vp8: 9c59270c3fd7afecdb556c50c9e8de78 -> 
  custom:audio-decoder-ogg-vorbis: bf7c407c2cedff20999df2af8eb42d56 -> 
========================================================================
Received Prepare
Registering precompiled user dll's ...
Registered in 0.008069 seconds.
Begin MonoManager ReloadAssembly
Native extension for WindowsStandalone target not found
Refreshing native plugins compatible for Editor in 0.79 ms, found 3 plugins.
Preloading 0 native plugins for Editor in 0.00 ms.
Mono: successfully reloaded assembly
- Completed reload, in  0.979 seconds
Domain Reload Profiling:
	ReloadAssembly (979ms)
		BeginReloadAssembly (164ms)
			ExecutionOrderSort (0ms)
			DisableScriptedObjects (9ms)
			BackupInstance (0ms)
			ReleaseScriptingObjects (0ms)
			CreateAndSetChildDomain (36ms)
		EndReloadAssembly (702ms)
			LoadAssemblies (114ms)
			RebuildTransferFunctionScriptingTraits (0ms)
			SetupTypeCache (177ms)
			ReleaseScriptCaches (1ms)
			RebuildScriptCaches (40ms)
			SetupLoadedEditorAssemblies (334ms)
				LogAssemblyErrors (0ms)
				InitializePlatformSupportModulesInManaged (7ms)
				SetLoadedEditorAssemblies (1ms)
				RefreshPlugins (1ms)
				BeforeProcessingInitializeOnLoad (69ms)
				ProcessInitializeOnLoadAttributes (210ms)
				ProcessInitializeOnLoadMethodAttributes (37ms)
				AfterProcessingInitializeOnLoad (9ms)
				EditorAssembliesLoaded (0ms)
			ExecutionOrderSort2 (0ms)
			AwakeInstancesAfterBackupRestoration (18ms)
Platform modules already initialized, skipping
Refreshing native plugins compatible for Editor in 5.16 ms, found 3 plugins.
Preloading 0 native plugins for Editor in 0.00 ms.
Unloading 2176 Unused Serialized files (Serialized files now loaded: 0)
Unloading 17 unused Assets / (24.6 KB). Loaded Objects now: 2815.
Memory consumption went from 108.5 MB to 108.4 MB.
Total: 6.598000 ms (FindLiveObjects: 0.450300 ms CreateObjectMapping: 0.276600 ms MarkObjects: 5.825400 ms  DeleteObjects: 0.043900 ms)

AssetImportParameters requested are different than current active one (requested -> active):
  custom:video-decoder-ogg-theora: a1e56fd34408186e4bbccfd4996cb3dc -> 
  custom:container-muxer-webm: aa71ff27fc2769a1b78a27578f13a17b -> 
  custom:container-demuxer-webm: 4f35f7cbe854078d1ac9338744f61a02 -> 
  custom:video-encoder-webm-vp8: eb34c28f22e8b96e1ab97ce403110664 -> 
  custom:audio-encoder-webm-vorbis: bf7c407c2cedff20999df2af8eb42d56 -> 
  custom:framework-win-MediaFoundation: 216162199b28c13a410421893ffa2e32 -> 
  custom:container-demuxer-ogg: 62fdf1f143b41e24485cea50d1cbac27 -> 
  custom:video-decoder-webm-vp8: 9c59270c3fd7afecdb556c50c9e8de78 -> 
  custom:audio-decoder-ogg-vorbis: bf7c407c2cedff20999df2af8eb42d56 -> 
