Using pre-set license
Built from '2021.3/staging' branch; Version is '2021.3.20f1 (577897200b8b) revision 5732503'; Using compiler version '192829333'; Build Type 'Release'
OS: 'Windows 10  (10.0.19044) 64bit Education' Language: 'ko' Physical Memory: 16333 MB
BatchMode: 1, IsHumanControllingUs: 0, StartBugReporterOnCrash: 0, Is64bit: 1, IsPro: 1

COMMAND LINE ARGUMENTS:
C:\Program Files\Unity\Hub\Editor\2021.3.20f1\Editor\Unity.exe
-adb2
-batchMode
-noUpm
-name
AssetImportWorker5
-projectPath
C:/Users/jkw03/Desktop/MoWoong/MoWoong
-logFile
Logs/AssetImportWorker5.log
-srvPort
65141
Successfully changed project path to: C:/Users/jkw03/Desktop/MoWoong/MoWoong
C:/Users/jkw03/Desktop/MoWoong/MoWoong
[UnityMemory] Configuration Parameters - Can be set up in boot.config
    "memorysetup-bucket-allocator-granularity=16"
    "memorysetup-bucket-allocator-bucket-count=8"
    "memorysetup-bucket-allocator-block-size=33554432"
    "memorysetup-bucket-allocator-block-count=8"
    "memorysetup-main-allocator-block-size=16777216"
    "memorysetup-thread-allocator-block-size=16777216"
    "memorysetup-gfx-main-allocator-block-size=16777216"
    "memorysetup-gfx-thread-allocator-block-size=16777216"
    "memorysetup-cache-allocator-block-size=4194304"
    "memorysetup-typetree-allocator-block-size=2097152"
    "memorysetup-profiler-bucket-allocator-granularity=16"
    "memorysetup-profiler-bucket-allocator-bucket-count=8"
    "memorysetup-profiler-bucket-allocator-block-size=33554432"
    "memorysetup-profiler-bucket-allocator-block-count=8"
    "memorysetup-profiler-allocator-block-size=16777216"
    "memorysetup-profiler-editor-allocator-block-size=1048576"
    "memorysetup-temp-allocator-size-main=16777216"
    "memorysetup-job-temp-allocator-block-size=2097152"
    "memorysetup-job-temp-allocator-block-size-background=1048576"
    "memorysetup-job-temp-allocator-reduction-small-platforms=262144"
    "memorysetup-temp-allocator-size-background-worker=32768"
    "memorysetup-temp-allocator-size-job-worker=262144"
    "memorysetup-temp-allocator-size-preload-manager=33554432"
    "memorysetup-temp-allocator-size-nav-mesh-worker=65536"
    "memorysetup-temp-allocator-size-audio-worker=65536"
    "memorysetup-temp-allocator-size-cloud-worker=32768"
    "memorysetup-temp-allocator-size-gi-baking-worker=262144"
    "memorysetup-temp-allocator-size-gfx=262144"
Player connection [28344] Host "[IP] 192.168.0.11 [Port] 0 [Flags] 2 [Guid] 2497674329 [EditorId] 2497674329 [Version] 1048832 [Id] WindowsEditor(7,DESKTOP-EIEDLBT) [Debug] 1 [PackageName] WindowsEditor [ProjectName] Editor" joined multi-casting on [225.0.0.222:54997]...

Player connection [28344] Host "[IP] 192.168.0.11 [Port] 0 [Flags] 2 [Guid] 2497674329 [EditorId] 2497674329 [Version] 1048832 [Id] WindowsEditor(7,DESKTOP-EIEDLBT) [Debug] 1 [PackageName] WindowsEditor [ProjectName] Editor" joined alternative multi-casting on [225.0.0.222:34997]...

Refreshing native plugins compatible for Editor in 55.94 ms, found 3 plugins.
Preloading 0 native plugins for Editor in 0.00 ms.
Initialize engine version: 2021.3.20f1 (577897200b8b)
[Subsystems] Discovering subsystems at path C:/Program Files/Unity/Hub/Editor/2021.3.20f1/Editor/Data/Resources/UnitySubsystems
[Subsystems] Discovering subsystems at path C:/Users/jkw03/Desktop/MoWoong/MoWoong/Assets
GfxDevice: creating device client; threaded=0; jobified=0
Direct3D:
    Version:  Direct3D 11.0 [level 11.1]
    Renderer: NVIDIA GeForce RTX 2060 (ID=0x1f08)
    Vendor:   NVIDIA
    VRAM:     5980 MB
    Driver:   31.0.15.1694
Initialize mono
Mono path[0] = 'C:/Program Files/Unity/Hub/Editor/2021.3.20f1/Editor/Data/Managed'
Mono path[1] = 'C:/Program Files/Unity/Hub/Editor/2021.3.20f1/Editor/Data/MonoBleedingEdge/lib/mono/unityjit-win32'
Mono config path = 'C:/Program Files/Unity/Hub/Editor/2021.3.20f1/Editor/Data/MonoBleedingEdge/etc'
Using monoOptions --debugger-agent=transport=dt_socket,embedding=1,server=y,suspend=n,address=127.0.0.1:56348
Begin MonoManager ReloadAssembly
Registering precompiled unity dll's ...
Register platform support module: C:/Program Files/Unity/Hub/Editor/2021.3.20f1/Editor/Data/PlaybackEngines/WindowsStandaloneSupport/UnityEditor.WindowsStandalone.Extensions.dll
Registered in 0.018115 seconds.
Native extension for WindowsStandalone target not found
Refreshing native plugins compatible for Editor in 52.69 ms, found 3 plugins.
Preloading 0 native plugins for Editor in 0.00 ms.
Mono: successfully reloaded assembly
- Completed reload, in  0.752 seconds
Domain Reload Profiling:
	ReloadAssembly (752ms)
		BeginReloadAssembly (130ms)
			ExecutionOrderSort (0ms)
			DisableScriptedObjects (0ms)
			BackupInstance (0ms)
			ReleaseScriptingObjects (0ms)
			CreateAndSetChildDomain (1ms)
		EndReloadAssembly (479ms)
			LoadAssemblies (123ms)
			RebuildTransferFunctionScriptingTraits (0ms)
			SetupTypeCache (117ms)
			ReleaseScriptCaches (0ms)
			RebuildScriptCaches (32ms)
			SetupLoadedEditorAssemblies (260ms)
				LogAssemblyErrors (0ms)
				InitializePlatformSupportModulesInManaged (13ms)
				SetLoadedEditorAssemblies (0ms)
				RefreshPlugins (53ms)
				BeforeProcessingInitializeOnLoad (2ms)
				ProcessInitializeOnLoadAttributes (133ms)
				ProcessInitializeOnLoadMethodAttributes (60ms)
				AfterProcessingInitializeOnLoad (0ms)
				EditorAssembliesLoaded (0ms)
			ExecutionOrderSort2 (0ms)
			AwakeInstancesAfterBackupRestoration (0ms)
Platform modules already initialized, skipping
Registering precompiled user dll's ...
Registered in 0.013000 seconds.
Begin MonoManager ReloadAssembly
Native extension for WindowsStandalone target not found
Refreshing native plugins compatible for Editor in 54.74 ms, found 3 plugins.
Preloading 0 native plugins for Editor in 0.00 ms.
Mono: successfully reloaded assembly
- Completed reload, in  1.211 seconds
Domain Reload Profiling:
	ReloadAssembly (1211ms)
		BeginReloadAssembly (172ms)
			ExecutionOrderSort (0ms)
			DisableScriptedObjects (7ms)
			BackupInstance (0ms)
			ReleaseScriptingObjects (0ms)
			CreateAndSetChildDomain (25ms)
		EndReloadAssembly (890ms)
			LoadAssemblies (132ms)
			RebuildTransferFunctionScriptingTraits (0ms)
			SetupTypeCache (212ms)
			ReleaseScriptCaches (1ms)
			RebuildScriptCaches (51ms)
			SetupLoadedEditorAssemblies (455ms)
				LogAssemblyErrors (0ms)
				InitializePlatformSupportModulesInManaged (8ms)
				SetLoadedEditorAssemblies (0ms)
				RefreshPlugins (55ms)
				BeforeProcessingInitializeOnLoad (93ms)
				ProcessInitializeOnLoadAttributes (233ms)
				ProcessInitializeOnLoadMethodAttributes (41ms)
				AfterProcessingInitializeOnLoad (25ms)
				EditorAssembliesLoaded (0ms)
			ExecutionOrderSort2 (0ms)
			AwakeInstancesAfterBackupRestoration (13ms)
Platform modules already initialized, skipping
========================================================================
Worker process is ready to serve import requests
Launched and connected shader compiler UnityShaderCompiler.exe after 0.06 seconds
Refreshing native plugins compatible for Editor in 0.62 ms, found 3 plugins.
Preloading 0 native plugins for Editor in 0.00 ms.
Unloading 2138 Unused Serialized files (Serialized files now loaded: 0)
Unloading 30 unused Assets / (56.2 KB). Loaded Objects now: 2603.
Memory consumption went from 100.4 MB to 100.3 MB.
Total: 3.221400 ms (FindLiveObjects: 0.193500 ms CreateObjectMapping: 0.051000 ms MarkObjects: 2.897900 ms  DeleteObjects: 0.078100 ms)

AssetImportParameters requested are different than current active one (requested -> active):
  custom:video-decoder-ogg-theora: a1e56fd34408186e4bbccfd4996cb3dc -> 
  custom:container-muxer-webm: aa71ff27fc2769a1b78a27578f13a17b -> 
  custom:container-demuxer-webm: 4f35f7cbe854078d1ac9338744f61a02 -> 
  custom:video-encoder-webm-vp8: eb34c28f22e8b96e1ab97ce403110664 -> 
  custom:audio-encoder-webm-vorbis: bf7c407c2cedff20999df2af8eb42d56 -> 
  custom:framework-win-MediaFoundation: 216162199b28c13a410421893ffa2e32 -> 
  custom:container-demuxer-ogg: 62fdf1f143b41e24485cea50d1cbac27 -> 
  custom:video-decoder-webm-vp8: 9c59270c3fd7afecdb556c50c9e8de78 -> 
  custom:audio-decoder-ogg-vorbis: bf7c407c2cedff20999df2af8eb42d56 -> 
========================================================================
Received Import Request.
  Time since last request: 170638.561427 seconds.
  path: Assets/Components/UnityAssets/Graphics/Character/PlayerCharacter/JoannaD'ArcIII-v1 (1)/Sprites/Run/FX/BeginRun/RunDust4.png
  artifactKey: Guid(c63c242d946e84d49bd64b30240b2446) Importer(815301076,1909f56bfc062723c751e8b465ee728b)
Start importing Assets/Components/UnityAssets/Graphics/Character/PlayerCharacter/JoannaD'ArcIII-v1 (1)/Sprites/Run/FX/BeginRun/RunDust4.png using Guid(c63c242d946e84d49bd64b30240b2446) Importer(815301076,1909f56bfc062723c751e8b465ee728b)  -> (artifact id: '77dd6c1d254e097f4b620e15969d51aa') in 0.182274 seconds 
========================================================================
Received Import Request.
  Time since last request: 1.896125 seconds.
  path: Assets/Components/UnityAssets/Graphics/Character/PlayerCharacter/JoannaD'ArcIII-v1 (1)/Sprites/Run/FX/RunningDust/Dust4.png
  artifactKey: Guid(d6fb408058be09343924e68dc16db71e) Importer(815301076,1909f56bfc062723c751e8b465ee728b)
Start importing Assets/Components/UnityAssets/Graphics/Character/PlayerCharacter/JoannaD'ArcIII-v1 (1)/Sprites/Run/FX/RunningDust/Dust4.png using Guid(d6fb408058be09343924e68dc16db71e) Importer(815301076,1909f56bfc062723c751e8b465ee728b)  -> (artifact id: '52d7c15eff8e6c3eef9175964b451e7b') in 0.019973 seconds 
========================================================================
Received Import Request.
  Time since last request: 6.895159 seconds.
  path: Assets/Components/UnityAssets/Graphics/Character/PlayerCharacter/JoannaD'ArcIII-v1 (1)/Sprites/Run/RunRight/Full/RunRight4.png
  artifactKey: Guid(d590b6bbb2dd4504191593e32dc31091) Importer(815301076,1909f56bfc062723c751e8b465ee728b)
Start importing Assets/Components/UnityAssets/Graphics/Character/PlayerCharacter/JoannaD'ArcIII-v1 (1)/Sprites/Run/RunRight/Full/RunRight4.png using Guid(d590b6bbb2dd4504191593e32dc31091) Importer(815301076,1909f56bfc062723c751e8b465ee728b)  -> (artifact id: '934bb95f57f766e9958f2c0c4b3d3165') in 0.024248 seconds 
========================================================================
Received Import Request.
  Time since last request: 0.000028 seconds.
  path: Assets/Components/UnityAssets/Graphics/Character/PlayerCharacter/JoannaD'ArcIII-v1 (1)/Sprites/Run/RunRight/Full/RunRight9.png
  artifactKey: Guid(1a9ee36b7ac64674ba59bbc7256f2eeb) Importer(815301076,1909f56bfc062723c751e8b465ee728b)
Start importing Assets/Components/UnityAssets/Graphics/Character/PlayerCharacter/JoannaD'ArcIII-v1 (1)/Sprites/Run/RunRight/Full/RunRight9.png using Guid(1a9ee36b7ac64674ba59bbc7256f2eeb) Importer(815301076,1909f56bfc062723c751e8b465ee728b)  -> (artifact id: '75a290e6650e4bf780f1a5e654438cfd') in 0.024208 seconds 
========================================================================
Received Import Request.
  Time since last request: 0.000027 seconds.
  path: Assets/Components/UnityAssets/Graphics/Character/PlayerCharacter/JoannaD'ArcIII-v1 (1)/Sprites/Run/RunRight/Full/RunRight6.png
  artifactKey: Guid(7d67d2b90baf63848bd59d1126f36d7b) Importer(815301076,1909f56bfc062723c751e8b465ee728b)
Start importing Assets/Components/UnityAssets/Graphics/Character/PlayerCharacter/JoannaD'ArcIII-v1 (1)/Sprites/Run/RunRight/Full/RunRight6.png using Guid(7d67d2b90baf63848bd59d1126f36d7b) Importer(815301076,1909f56bfc062723c751e8b465ee728b)  -> (artifact id: '3689b6d6698c0662a1ff0f47d2a7f778') in 0.020849 seconds 
========================================================================
Received Import Request.
  Time since last request: 0.000034 seconds.
  path: Assets/Components/UnityAssets/Graphics/Character/PlayerCharacter/JoannaD'ArcIII-v1 (1)/Sprites/Run/RunRight/Full/RunRight13.png
  artifactKey: Guid(c6ac3fa0dd2c67447a6774f8761393cc) Importer(815301076,1909f56bfc062723c751e8b465ee728b)
Start importing Assets/Components/UnityAssets/Graphics/Character/PlayerCharacter/JoannaD'ArcIII-v1 (1)/Sprites/Run/RunRight/Full/RunRight13.png using Guid(c6ac3fa0dd2c67447a6774f8761393cc) Importer(815301076,1909f56bfc062723c751e8b465ee728b)  -> (artifact id: '9c5ee7ea54b553c1dba707be1d646dc9') in 0.021367 seconds 
========================================================================
Received Import Request.
  Time since last request: 12.870311 seconds.
  path: Assets/Components/UnityAssets/Graphics/Character/PlayerCharacter/JoannaD'ArcIII-v1 (1)/Sprites/Run/RunRight/Full/RunRight5.png
  artifactKey: Guid(f13eb46bf0f84144dbb3807beee14f1d) Importer(815301076,1909f56bfc062723c751e8b465ee728b)
Start importing Assets/Components/UnityAssets/Graphics/Character/PlayerCharacter/JoannaD'ArcIII-v1 (1)/Sprites/Run/RunRight/Full/RunRight5.png using Guid(f13eb46bf0f84144dbb3807beee14f1d) Importer(815301076,1909f56bfc062723c751e8b465ee728b)  -> (artifact id: '0936c973408d57a0a8a2719eb14c0de9') in 0.034457 seconds 
========================================================================
Received Import Request.
  Time since last request: 0.000034 seconds.
  path: Assets/Components/UnityAssets/Graphics/Character/PlayerCharacter/JoannaD'ArcIII-v1 (1)/Sprites/Run/RunRight/Full/RunRight9.png
  artifactKey: Guid(1a9ee36b7ac64674ba59bbc7256f2eeb) Importer(815301076,1909f56bfc062723c751e8b465ee728b)
Start importing Assets/Components/UnityAssets/Graphics/Character/PlayerCharacter/JoannaD'ArcIII-v1 (1)/Sprites/Run/RunRight/Full/RunRight9.png using Guid(1a9ee36b7ac64674ba59bbc7256f2eeb) Importer(815301076,1909f56bfc062723c751e8b465ee728b)  -> (artifact id: 'ed7b42c8d5b3227625259c5da6f9cd7b') in 0.014733 seconds 
========================================================================
Received Import Request.
  Time since last request: 0.000035 seconds.
  path: Assets/Components/UnityAssets/Graphics/Character/PlayerCharacter/JoannaD'ArcIII-v1 (1)/Sprites/Run/RunRight/Full/RunRight6.png
  artifactKey: Guid(7d67d2b90baf63848bd59d1126f36d7b) Importer(815301076,1909f56bfc062723c751e8b465ee728b)
Start importing Assets/Components/UnityAssets/Graphics/Character/PlayerCharacter/JoannaD'ArcIII-v1 (1)/Sprites/Run/RunRight/Full/RunRight6.png using Guid(7d67d2b90baf63848bd59d1126f36d7b) Importer(815301076,1909f56bfc062723c751e8b465ee728b)  -> (artifact id: '4a248d53c17599a5703dd4da3b747340') in 0.015322 seconds 
========================================================================
Received Import Request.
  Time since last request: 0.000021 seconds.
  path: Assets/Components/UnityAssets/Graphics/Character/PlayerCharacter/JoannaD'ArcIII-v1 (1)/Sprites/Run/RunRight/Full/RunRight10.png
  artifactKey: Guid(420f74bea22fd6b49a35d0a991068521) Importer(815301076,1909f56bfc062723c751e8b465ee728b)
Start importing Assets/Components/UnityAssets/Graphics/Character/PlayerCharacter/JoannaD'ArcIII-v1 (1)/Sprites/Run/RunRight/Full/RunRight10.png using Guid(420f74bea22fd6b49a35d0a991068521) Importer(815301076,1909f56bfc062723c751e8b465ee728b)  -> (artifact id: '9b2f49889ff721d08315a4643d65dea1') in 0.015821 seconds 
========================================================================
Received Import Request.
  Time since last request: 0.468482 seconds.
  path: Assets/Components/UnityAssets/Graphics/Character/PlayerCharacter/JoannaD'ArcIII-v1 (1)/Sprites/Run/RunRight/Running/RunningRight4.png
  artifactKey: Guid(a11ebbda6a64a3d46b921e3c816d0fc5) Importer(815301076,1909f56bfc062723c751e8b465ee728b)
Start importing Assets/Components/UnityAssets/Graphics/Character/PlayerCharacter/JoannaD'ArcIII-v1 (1)/Sprites/Run/RunRight/Running/RunningRight4.png using Guid(a11ebbda6a64a3d46b921e3c816d0fc5) Importer(815301076,1909f56bfc062723c751e8b465ee728b)  -> (artifact id: '44f1e1ef60207d1ed8184b2698eb2852') in 0.019908 seconds 
========================================================================
Received Import Request.
  Time since last request: 0.000036 seconds.
  path: Assets/Components/UnityAssets/Graphics/Character/PlayerCharacter/JoannaD'ArcIII-v1 (1)/Sprites/Run/RunRight/Running/RunningRight6.png
  artifactKey: Guid(d56a8b65cb5c1f242ac2eaa1f1cf219e) Importer(815301076,1909f56bfc062723c751e8b465ee728b)
Start importing Assets/Components/UnityAssets/Graphics/Character/PlayerCharacter/JoannaD'ArcIII-v1 (1)/Sprites/Run/RunRight/Running/RunningRight6.png using Guid(d56a8b65cb5c1f242ac2eaa1f1cf219e) Importer(815301076,1909f56bfc062723c751e8b465ee728b)  -> (artifact id: 'e1cb177cd90a0263c76fb7b84881a7d9') in 0.018712 seconds 
========================================================================
Received Import Request.
  Time since last request: 2.873761 seconds.
  path: Assets/Components/UnityAssets/Graphics/Character/PlayerCharacter/JoannaD'ArcIII-v1 (1)/Sprites/Run/RunRight/TurnLeft/1/TurnLeft4.png
  artifactKey: Guid(4e55c6a4073f33a4b815f06a675e2d07) Importer(815301076,1909f56bfc062723c751e8b465ee728b)
Start importing Assets/Components/UnityAssets/Graphics/Character/PlayerCharacter/JoannaD'ArcIII-v1 (1)/Sprites/Run/RunRight/TurnLeft/1/TurnLeft4.png using Guid(4e55c6a4073f33a4b815f06a675e2d07) Importer(815301076,1909f56bfc062723c751e8b465ee728b)  -> (artifact id: '4e75c2deaa71b5073d2bd251d3d4cb8f') in 0.020793 seconds 
========================================================================
Received Import Request.
  Time since last request: 6.095386 seconds.
  path: Assets/Components/UnityAssets/Graphics/Character/PlayerCharacter/JoannaD'ArcIII-v1 (1)/Sprites/Run/RunRight/TurnLeft/2/TurnLeft(2)4.png
  artifactKey: Guid(287fcc39b5315914da91b4c89d87ccf0) Importer(815301076,1909f56bfc062723c751e8b465ee728b)
Start importing Assets/Components/UnityAssets/Graphics/Character/PlayerCharacter/JoannaD'ArcIII-v1 (1)/Sprites/Run/RunRight/TurnLeft/2/TurnLeft(2)4.png using Guid(287fcc39b5315914da91b4c89d87ccf0) Importer(815301076,1909f56bfc062723c751e8b465ee728b)  -> (artifact id: '35d4f69e6552ef2d9ca6b695319e7530') in 0.030911 seconds 
========================================================================
Received Import Request.
  Time since last request: 45.120807 seconds.
  path: Assets/Components/UnityAssets/Graphics/Character/PlayerCharacter/JoannaD'ArcIII-v1 (1)/Sprites/Run/TrickTurn/TrickTurn4.png
  artifactKey: Guid(c8fcc3477330ca2458937b831d92673e) Importer(815301076,1909f56bfc062723c751e8b465ee728b)
Start importing Assets/Components/UnityAssets/Graphics/Character/PlayerCharacter/JoannaD'ArcIII-v1 (1)/Sprites/Run/TrickTurn/TrickTurn4.png using Guid(c8fcc3477330ca2458937b831d92673e) Importer(815301076,1909f56bfc062723c751e8b465ee728b)  -> (artifact id: 'e63b606ddb4356d62a9254f90fdd8947') in 0.026734 seconds 
========================================================================
Received Import Request.
  Time since last request: 0.000033 seconds.
  path: Assets/Components/UnityAssets/Graphics/Character/PlayerCharacter/JoannaD'ArcIII-v1 (1)/Sprites/Run/TrickTurn/TrickTurn5.png
  artifactKey: Guid(aa851369bb516054fb72247d95ab708c) Importer(815301076,1909f56bfc062723c751e8b465ee728b)
Start importing Assets/Components/UnityAssets/Graphics/Character/PlayerCharacter/JoannaD'ArcIII-v1 (1)/Sprites/Run/TrickTurn/TrickTurn5.png using Guid(aa851369bb516054fb72247d95ab708c) Importer(815301076,1909f56bfc062723c751e8b465ee728b)  -> (artifact id: '72e020a2ae32674d21b55be4d600efd8') in 0.021317 seconds 
========================================================================
Received Import Request.
  Time since last request: 54.446187 seconds.
  path: Assets/Components/UnityAssets/Graphics/Character/PlayerCharacter/JoannaD'ArcIII-v1 (1)/Sprites/Run/RunRight/Running/RunningRight5.png
  artifactKey: Guid(66dd171f7347e2346baf499250d29ef6) Importer(815301076,1909f56bfc062723c751e8b465ee728b)
Start importing Assets/Components/UnityAssets/Graphics/Character/PlayerCharacter/JoannaD'ArcIII-v1 (1)/Sprites/Run/RunRight/Running/RunningRight5.png using Guid(66dd171f7347e2346baf499250d29ef6) Importer(815301076,1909f56bfc062723c751e8b465ee728b)  -> (artifact id: '91062e316b6321493ad0874dea3994b1') in 0.018651 seconds 
========================================================================
Received Import Request.
  Time since last request: 0.000036 seconds.
  path: Assets/Components/UnityAssets/Graphics/Character/PlayerCharacter/JoannaD'ArcIII-v1 (1)/Sprites/Run/RunRight/Running/RunningRight8.png
  artifactKey: Guid(ca6acaf9d4e31ed4aaa036ffb855e4c0) Importer(815301076,1909f56bfc062723c751e8b465ee728b)
Start importing Assets/Components/UnityAssets/Graphics/Character/PlayerCharacter/JoannaD'ArcIII-v1 (1)/Sprites/Run/RunRight/Running/RunningRight8.png using Guid(ca6acaf9d4e31ed4aaa036ffb855e4c0) Importer(815301076,1909f56bfc062723c751e8b465ee728b)  -> (artifact id: 'b3c5c44445ee9cfdc8c5445edcb452b8') in 0.013485 seconds 
