Using pre-set license
Built from '2021.3/staging' branch; Version is '2021.3.20f1 (577897200b8b) revision 5732503'; Using compiler version '192829333'; Build Type 'Release'
OS: 'Windows 10  (10.0.19044) 64bit Education' Language: 'ko' Physical Memory: 16333 MB
BatchMode: 1, IsHumanControllingUs: 0, StartBugReporterOnCrash: 0, Is64bit: 1, IsPro: 1

COMMAND LINE ARGUMENTS:
C:\Program Files\Unity\Hub\Editor\2021.3.20f1\Editor\Unity.exe
-adb2
-batchMode
-noUpm
-name
AssetImportWorker2
-projectPath
C:/Users/jkw03/Desktop/MoWoong/MoWoong
-logFile
Logs/AssetImportWorker2.log
-srvPort
65037
Successfully changed project path to: C:/Users/jkw03/Desktop/MoWoong/MoWoong
C:/Users/jkw03/Desktop/MoWoong/MoWoong
[UnityMemory] Configuration Parameters - Can be set up in boot.config
    "memorysetup-bucket-allocator-granularity=16"
    "memorysetup-bucket-allocator-bucket-count=8"
    "memorysetup-bucket-allocator-block-size=33554432"
    "memorysetup-bucket-allocator-block-count=8"
    "memorysetup-main-allocator-block-size=16777216"
    "memorysetup-thread-allocator-block-size=16777216"
    "memorysetup-gfx-main-allocator-block-size=16777216"
    "memorysetup-gfx-thread-allocator-block-size=16777216"
    "memorysetup-cache-allocator-block-size=4194304"
    "memorysetup-typetree-allocator-block-size=2097152"
    "memorysetup-profiler-bucket-allocator-granularity=16"
    "memorysetup-profiler-bucket-allocator-bucket-count=8"
    "memorysetup-profiler-bucket-allocator-block-size=33554432"
    "memorysetup-profiler-bucket-allocator-block-count=8"
    "memorysetup-profiler-allocator-block-size=16777216"
    "memorysetup-profiler-editor-allocator-block-size=1048576"
    "memorysetup-temp-allocator-size-main=16777216"
    "memorysetup-job-temp-allocator-block-size=2097152"
    "memorysetup-job-temp-allocator-block-size-background=1048576"
    "memorysetup-job-temp-allocator-reduction-small-platforms=262144"
    "memorysetup-temp-allocator-size-background-worker=32768"
    "memorysetup-temp-allocator-size-job-worker=262144"
    "memorysetup-temp-allocator-size-preload-manager=33554432"
    "memorysetup-temp-allocator-size-nav-mesh-worker=65536"
    "memorysetup-temp-allocator-size-audio-worker=65536"
    "memorysetup-temp-allocator-size-cloud-worker=32768"
    "memorysetup-temp-allocator-size-gi-baking-worker=262144"
    "memorysetup-temp-allocator-size-gfx=262144"
Player connection [17040] Host "[IP] 192.168.0.11 [Port] 0 [Flags] 2 [Guid] 3544814929 [EditorId] 3544814929 [Version] 1048832 [Id] WindowsEditor(7,DESKTOP-EIEDLBT) [Debug] 1 [PackageName] WindowsEditor [ProjectName] Editor" joined multi-casting on [225.0.0.222:54997]...

Player connection [17040] Host "[IP] 192.168.0.11 [Port] 0 [Flags] 2 [Guid] 3544814929 [EditorId] 3544814929 [Version] 1048832 [Id] WindowsEditor(7,DESKTOP-EIEDLBT) [Debug] 1 [PackageName] WindowsEditor [ProjectName] Editor" joined alternative multi-casting on [225.0.0.222:34997]...

Refreshing native plugins compatible for Editor in 64.94 ms, found 3 plugins.
Preloading 0 native plugins for Editor in 0.00 ms.
Initialize engine version: 2021.3.20f1 (577897200b8b)
[Subsystems] Discovering subsystems at path C:/Program Files/Unity/Hub/Editor/2021.3.20f1/Editor/Data/Resources/UnitySubsystems
[Subsystems] Discovering subsystems at path C:/Users/jkw03/Desktop/MoWoong/MoWoong/Assets
GfxDevice: creating device client; threaded=0; jobified=0
Direct3D:
    Version:  Direct3D 11.0 [level 11.1]
    Renderer: NVIDIA GeForce RTX 2060 (ID=0x1f08)
    Vendor:   NVIDIA
    VRAM:     5980 MB
    Driver:   31.0.15.1694
Initialize mono
Mono path[0] = 'C:/Program Files/Unity/Hub/Editor/2021.3.20f1/Editor/Data/Managed'
Mono path[1] = 'C:/Program Files/Unity/Hub/Editor/2021.3.20f1/Editor/Data/MonoBleedingEdge/lib/mono/unityjit-win32'
Mono config path = 'C:/Program Files/Unity/Hub/Editor/2021.3.20f1/Editor/Data/MonoBleedingEdge/etc'
Using monoOptions --debugger-agent=transport=dt_socket,embedding=1,server=y,suspend=n,address=127.0.0.1:56908
Begin MonoManager ReloadAssembly
Registering precompiled unity dll's ...
Register platform support module: C:/Program Files/Unity/Hub/Editor/2021.3.20f1/Editor/Data/PlaybackEngines/WindowsStandaloneSupport/UnityEditor.WindowsStandalone.Extensions.dll
Registered in 0.019901 seconds.
Native extension for WindowsStandalone target not found
Refreshing native plugins compatible for Editor in 57.41 ms, found 3 plugins.
Preloading 0 native plugins for Editor in 0.00 ms.
Mono: successfully reloaded assembly
- Completed reload, in  0.866 seconds
Domain Reload Profiling:
	ReloadAssembly (866ms)
		BeginReloadAssembly (147ms)
			ExecutionOrderSort (0ms)
			DisableScriptedObjects (0ms)
			BackupInstance (0ms)
			ReleaseScriptingObjects (0ms)
			CreateAndSetChildDomain (1ms)
		EndReloadAssembly (543ms)
			LoadAssemblies (138ms)
			RebuildTransferFunctionScriptingTraits (0ms)
			SetupTypeCache (132ms)
			ReleaseScriptCaches (0ms)
			RebuildScriptCaches (34ms)
			SetupLoadedEditorAssemblies (300ms)
				LogAssemblyErrors (0ms)
				InitializePlatformSupportModulesInManaged (13ms)
				SetLoadedEditorAssemblies (0ms)
				RefreshPlugins (58ms)
				BeforeProcessingInitializeOnLoad (2ms)
				ProcessInitializeOnLoadAttributes (159ms)
				ProcessInitializeOnLoadMethodAttributes (68ms)
				AfterProcessingInitializeOnLoad (0ms)
				EditorAssembliesLoaded (0ms)
			ExecutionOrderSort2 (0ms)
			AwakeInstancesAfterBackupRestoration (0ms)
Platform modules already initialized, skipping
Registering precompiled user dll's ...
Registered in 0.015943 seconds.
Begin MonoManager ReloadAssembly
Native extension for WindowsStandalone target not found
Refreshing native plugins compatible for Editor in 51.03 ms, found 3 plugins.
Preloading 0 native plugins for Editor in 0.00 ms.
Mono: successfully reloaded assembly
- Completed reload, in  1.348 seconds
Domain Reload Profiling:
	ReloadAssembly (1349ms)
		BeginReloadAssembly (191ms)
			ExecutionOrderSort (0ms)
			DisableScriptedObjects (7ms)
			BackupInstance (0ms)
			ReleaseScriptingObjects (0ms)
			CreateAndSetChildDomain (30ms)
		EndReloadAssembly (984ms)
			LoadAssemblies (157ms)
			RebuildTransferFunctionScriptingTraits (0ms)
			SetupTypeCache (235ms)
			ReleaseScriptCaches (1ms)
			RebuildScriptCaches (60ms)
			SetupLoadedEditorAssemblies (489ms)
				LogAssemblyErrors (0ms)
				InitializePlatformSupportModulesInManaged (8ms)
				SetLoadedEditorAssemblies (0ms)
				RefreshPlugins (51ms)
				BeforeProcessingInitializeOnLoad (105ms)
				ProcessInitializeOnLoadAttributes (252ms)
				ProcessInitializeOnLoadMethodAttributes (46ms)
				AfterProcessingInitializeOnLoad (26ms)
				EditorAssembliesLoaded (0ms)
			ExecutionOrderSort2 (0ms)
			AwakeInstancesAfterBackupRestoration (14ms)
Platform modules already initialized, skipping
========================================================================
Worker process is ready to serve import requests
Launched and connected shader compiler UnityShaderCompiler.exe after 0.09 seconds
Refreshing native plugins compatible for Editor in 0.77 ms, found 3 plugins.
Preloading 0 native plugins for Editor in 0.00 ms.
Unloading 2138 Unused Serialized files (Serialized files now loaded: 0)
Unloading 30 unused Assets / (56.2 KB). Loaded Objects now: 2603.
Memory consumption went from 100.4 MB to 100.3 MB.
Total: 3.822900 ms (FindLiveObjects: 0.251800 ms CreateObjectMapping: 0.054800 ms MarkObjects: 3.394500 ms  DeleteObjects: 0.120300 ms)

AssetImportParameters requested are different than current active one (requested -> active):
  custom:video-decoder-ogg-theora: a1e56fd34408186e4bbccfd4996cb3dc -> 
  custom:container-muxer-webm: aa71ff27fc2769a1b78a27578f13a17b -> 
  custom:container-demuxer-webm: 4f35f7cbe854078d1ac9338744f61a02 -> 
  custom:video-encoder-webm-vp8: eb34c28f22e8b96e1ab97ce403110664 -> 
  custom:audio-encoder-webm-vorbis: bf7c407c2cedff20999df2af8eb42d56 -> 
  custom:framework-win-MediaFoundation: 216162199b28c13a410421893ffa2e32 -> 
  custom:container-demuxer-ogg: 62fdf1f143b41e24485cea50d1cbac27 -> 
  custom:video-decoder-webm-vp8: 9c59270c3fd7afecdb556c50c9e8de78 -> 
  custom:audio-decoder-ogg-vorbis: bf7c407c2cedff20999df2af8eb42d56 -> 
========================================================================
Received Import Request.
  Time since last request: 169177.550154 seconds.
  path: Assets/Components/UnityAssets/Graphics/Character/Enemy/Enemy_Woodcrawler/Death-Sprite.png
  artifactKey: Guid(83c37e410f652e64380a78629e9d66c7) Importer(815301076,1909f56bfc062723c751e8b465ee728b)
Start importing Assets/Components/UnityAssets/Graphics/Character/Enemy/Enemy_Woodcrawler/Death-Sprite.png using Guid(83c37e410f652e64380a78629e9d66c7) Importer(815301076,1909f56bfc062723c751e8b465ee728b)  -> (artifact id: 'b352a75bd4d8a6c58533adb033ab8a3d') in 0.231384 seconds 
========================================================================
Received Import Request.
  Time since last request: 0.000033 seconds.
  path: Assets/Components/UnityAssets/Graphics/Character/Player/adventurer-cast-02.png
  artifactKey: Guid(e6831ddef6d5f134a8e3b0793ea11dd8) Importer(815301076,1909f56bfc062723c751e8b465ee728b)
Start importing Assets/Components/UnityAssets/Graphics/Character/Player/adventurer-cast-02.png using Guid(e6831ddef6d5f134a8e3b0793ea11dd8) Importer(815301076,1909f56bfc062723c751e8b465ee728b)  -> (artifact id: '6b041c82dd1d78b7b4913d307f954bfc') in 0.031676 seconds 
========================================================================
Received Import Request.
  Time since last request: 0.000045 seconds.
  path: Assets/Components/UnityAssets/Graphics/Character/Enemy/Enemy_Woodcrawler/Hit_Sprite.png
  artifactKey: Guid(4c26282b2fd6c2745bcbd6e2a4ee4c24) Importer(815301076,1909f56bfc062723c751e8b465ee728b)
Start importing Assets/Components/UnityAssets/Graphics/Character/Enemy/Enemy_Woodcrawler/Hit_Sprite.png using Guid(4c26282b2fd6c2745bcbd6e2a4ee4c24) Importer(815301076,1909f56bfc062723c751e8b465ee728b)  -> (artifact id: '9de49d226240d3e967278ce61d67956c') in 0.030663 seconds 
========================================================================
Received Import Request.
  Time since last request: 0.000025 seconds.
  path: Assets/Components/UnityAssets/Graphics/Character/Player/adventurer-cast-loop-03.png
  artifactKey: Guid(5e45fb4e01c199148b02c1b5d07418cf) Importer(815301076,1909f56bfc062723c751e8b465ee728b)
Start importing Assets/Components/UnityAssets/Graphics/Character/Player/adventurer-cast-loop-03.png using Guid(5e45fb4e01c199148b02c1b5d07418cf) Importer(815301076,1909f56bfc062723c751e8b465ee728b)  -> (artifact id: '1a12730c5dbcae566a0aea07697e116a') in 0.026869 seconds 
========================================================================
Received Import Request.
  Time since last request: 0.000024 seconds.
  path: Assets/Components/UnityAssets/Graphics/Character/Enemy/Enemy_Woodcrawler/Walk_Sprite.png
  artifactKey: Guid(262958a68fb86b24e9f9db79fabee8ad) Importer(815301076,1909f56bfc062723c751e8b465ee728b)
Start importing Assets/Components/UnityAssets/Graphics/Character/Enemy/Enemy_Woodcrawler/Walk_Sprite.png using Guid(262958a68fb86b24e9f9db79fabee8ad) Importer(815301076,1909f56bfc062723c751e8b465ee728b)  -> (artifact id: '0771953ac955ec5b36941c9a5d300374') in 0.031015 seconds 
========================================================================
Received Import Request.
  Time since last request: 2.319891 seconds.
  path: Assets/Components/UnityAssets/Graphics/Character/PlayerCharacter/JoannaD'ArcIII-v1 (1)/Sprites
  artifactKey: Guid(878544e4e250df0458df65532c3723ed) Importer(815301076,1909f56bfc062723c751e8b465ee728b)
Start importing Assets/Components/UnityAssets/Graphics/Character/PlayerCharacter/JoannaD'ArcIII-v1 (1)/Sprites using Guid(878544e4e250df0458df65532c3723ed) Importer(815301076,1909f56bfc062723c751e8b465ee728b)  -> (artifact id: 'f864ab9bf906f57f5e27d9489588b5cb') in 0.009219 seconds 
========================================================================
Received Import Request.
  Time since last request: 8.672146 seconds.
  path: Assets/Components/UnityAssets/Graphics/Character/PlayerCharacter/JoannaD'ArcIII-v1 (1)/Sprites/Idle
  artifactKey: Guid(7fefe039a15c1fe46ac0d3983001bd7e) Importer(815301076,1909f56bfc062723c751e8b465ee728b)
Start importing Assets/Components/UnityAssets/Graphics/Character/PlayerCharacter/JoannaD'ArcIII-v1 (1)/Sprites/Idle using Guid(7fefe039a15c1fe46ac0d3983001bd7e) Importer(815301076,1909f56bfc062723c751e8b465ee728b)  -> (artifact id: 'e8f210939d44ce00ec82ee4fcd128480') in 0.009310 seconds 
========================================================================
Received Import Request.
  Time since last request: 0.037337 seconds.
  path: Assets/Components/UnityAssets/Graphics/Character/PlayerCharacter/JoannaD'ArcIII-v1 (1)/Sprites/Idle/Idle1.png
  artifactKey: Guid(d6e4974d21bedf3449392e763b6d3c34) Importer(815301076,1909f56bfc062723c751e8b465ee728b)
Start importing Assets/Components/UnityAssets/Graphics/Character/PlayerCharacter/JoannaD'ArcIII-v1 (1)/Sprites/Idle/Idle1.png using Guid(d6e4974d21bedf3449392e763b6d3c34) Importer(815301076,1909f56bfc062723c751e8b465ee728b)  -> (artifact id: 'aed74a4b602be159a692cd43878a397a') in 0.027778 seconds 
========================================================================
Received Import Request.
  Time since last request: 0.000025 seconds.
  path: Assets/Components/UnityAssets/Graphics/Character/PlayerCharacter/JoannaD'ArcIII-v1 (1)/Sprites/Idle/Idle6.png
  artifactKey: Guid(cc65620955675a1458c5e38c34ff289c) Importer(815301076,1909f56bfc062723c751e8b465ee728b)
Start importing Assets/Components/UnityAssets/Graphics/Character/PlayerCharacter/JoannaD'ArcIII-v1 (1)/Sprites/Idle/Idle6.png using Guid(cc65620955675a1458c5e38c34ff289c) Importer(815301076,1909f56bfc062723c751e8b465ee728b)  -> (artifact id: '7876cdcfc4b883a6c00b4d74a7f87d70') in 0.028597 seconds 
========================================================================
Received Prepare
Registering precompiled user dll's ...
Registered in 0.017404 seconds.
Begin MonoManager ReloadAssembly
Native extension for WindowsStandalone target not found
Refreshing native plugins compatible for Editor in 1.06 ms, found 3 plugins.
Preloading 0 native plugins for Editor in 0.00 ms.
Mono: successfully reloaded assembly
- Completed reload, in  1.366 seconds
Domain Reload Profiling:
	ReloadAssembly (1367ms)
		BeginReloadAssembly (223ms)
			ExecutionOrderSort (0ms)
			DisableScriptedObjects (8ms)
			BackupInstance (0ms)
			ReleaseScriptingObjects (0ms)
			CreateAndSetChildDomain (45ms)
		EndReloadAssembly (982ms)
			LoadAssemblies (170ms)
			RebuildTransferFunctionScriptingTraits (0ms)
			SetupTypeCache (261ms)
			ReleaseScriptCaches (1ms)
			RebuildScriptCaches (60ms)
			SetupLoadedEditorAssemblies (450ms)
				LogAssemblyErrors (0ms)
				InitializePlatformSupportModulesInManaged (13ms)
				SetLoadedEditorAssemblies (1ms)
				RefreshPlugins (1ms)
				BeforeProcessingInitializeOnLoad (106ms)
				ProcessInitializeOnLoadAttributes (261ms)
				ProcessInitializeOnLoadMethodAttributes (42ms)
				AfterProcessingInitializeOnLoad (26ms)
				EditorAssembliesLoaded (0ms)
			ExecutionOrderSort2 (0ms)
			AwakeInstancesAfterBackupRestoration (17ms)
Platform modules already initialized, skipping
Refreshing native plugins compatible for Editor in 3.46 ms, found 3 plugins.
Preloading 0 native plugins for Editor in 0.00 ms.
Unloading 2127 Unused Serialized files (Serialized files now loaded: 0)
Unloading 17 unused Assets / (24.6 KB). Loaded Objects now: 2623.
Memory consumption went from 103.2 MB to 103.2 MB.
Total: 3.287000 ms (FindLiveObjects: 0.200200 ms CreateObjectMapping: 0.045700 ms MarkObjects: 3.013100 ms  DeleteObjects: 0.026200 ms)

AssetImportParameters requested are different than current active one (requested -> active):
  custom:video-decoder-ogg-theora: a1e56fd34408186e4bbccfd4996cb3dc -> 
  custom:container-muxer-webm: aa71ff27fc2769a1b78a27578f13a17b -> 
  custom:container-demuxer-webm: 4f35f7cbe854078d1ac9338744f61a02 -> 
  custom:video-encoder-webm-vp8: eb34c28f22e8b96e1ab97ce403110664 -> 
  custom:audio-encoder-webm-vorbis: bf7c407c2cedff20999df2af8eb42d56 -> 
  custom:framework-win-MediaFoundation: 216162199b28c13a410421893ffa2e32 -> 
  custom:container-demuxer-ogg: 62fdf1f143b41e24485cea50d1cbac27 -> 
  custom:video-decoder-webm-vp8: 9c59270c3fd7afecdb556c50c9e8de78 -> 
  custom:audio-decoder-ogg-vorbis: bf7c407c2cedff20999df2af8eb42d56 -> 
========================================================================
Received Import Request.
  Time since last request: 43.510735 seconds.
  path: Assets/Components/UnityAssets/Graphics/Character/PlayerCharacter/JoannaD'ArcIII-v1 (1)/Sprites/Idle/Idle1.png
  artifactKey: Guid(d6e4974d21bedf3449392e763b6d3c34) Importer(815301076,1909f56bfc062723c751e8b465ee728b)
Start importing Assets/Components/UnityAssets/Graphics/Character/PlayerCharacter/JoannaD'ArcIII-v1 (1)/Sprites/Idle/Idle1.png using Guid(d6e4974d21bedf3449392e763b6d3c34) Importer(815301076,1909f56bfc062723c751e8b465ee728b)  -> (artifact id: '42db40a09163238940d4d6441624f05e') in 0.061522 seconds 
========================================================================
Received Import Request.
  Time since last request: 5.783801 seconds.
  path: Assets/Components/UnityAssets/Graphics/Character/PlayerCharacter/JoannaD'ArcIII-v1 (1)/Sprites/Idle/Idle1.png
  artifactKey: Guid(d6e4974d21bedf3449392e763b6d3c34) Importer(815301076,1909f56bfc062723c751e8b465ee728b)
Start importing Assets/Components/UnityAssets/Graphics/Character/PlayerCharacter/JoannaD'ArcIII-v1 (1)/Sprites/Idle/Idle1.png using Guid(d6e4974d21bedf3449392e763b6d3c34) Importer(815301076,1909f56bfc062723c751e8b465ee728b)  -> (artifact id: 'd680c9a59de74bb83648eb9fbc1cf12b') in 0.010586 seconds 
========================================================================
Received Import Request.
  Time since last request: 20.124368 seconds.
  path: Assets/Components/UnityAssets/Graphics/Character/PlayerCharacter/JoannaD'ArcIII-v1 (1)/Sprites/Idle/Idle1.png
  artifactKey: Guid(d6e4974d21bedf3449392e763b6d3c34) Importer(815301076,1909f56bfc062723c751e8b465ee728b)
Start importing Assets/Components/UnityAssets/Graphics/Character/PlayerCharacter/JoannaD'ArcIII-v1 (1)/Sprites/Idle/Idle1.png using Guid(d6e4974d21bedf3449392e763b6d3c34) Importer(815301076,1909f56bfc062723c751e8b465ee728b)  -> (artifact id: 'a844633e9cb92b96070cda005de77d60') in 0.024892 seconds 
========================================================================
Received Import Request.
  Time since last request: 7.570629 seconds.
  path: Assets/Components/UnityAssets/Graphics/Character/PlayerCharacter/JoannaD'ArcIII-v1 (1)/Sprites/Idle/Idle1.png
  artifactKey: Guid(d6e4974d21bedf3449392e763b6d3c34) Importer(815301076,1909f56bfc062723c751e8b465ee728b)
Start importing Assets/Components/UnityAssets/Graphics/Character/PlayerCharacter/JoannaD'ArcIII-v1 (1)/Sprites/Idle/Idle1.png using Guid(d6e4974d21bedf3449392e763b6d3c34) Importer(815301076,1909f56bfc062723c751e8b465ee728b)  -> (artifact id: 'bf3efebd78402e375fa38a76ade61944') in 0.011557 seconds 
========================================================================
Received Import Request.
  Time since last request: 8.905210 seconds.
  path: Assets/Components/UnityAssets/Graphics/Character/PlayerCharacter/JoannaD'ArcIII-v1 (1)/Sprites/Idle/Idle1.png
  artifactKey: Guid(d6e4974d21bedf3449392e763b6d3c34) Importer(815301076,1909f56bfc062723c751e8b465ee728b)
Start importing Assets/Components/UnityAssets/Graphics/Character/PlayerCharacter/JoannaD'ArcIII-v1 (1)/Sprites/Idle/Idle1.png using Guid(d6e4974d21bedf3449392e763b6d3c34) Importer(815301076,1909f56bfc062723c751e8b465ee728b)  -> (artifact id: '0644fbc24a3c78f269764fc4965e5ea1') in 0.024271 seconds 
========================================================================
Received Import Request.
  Time since last request: 10.128426 seconds.
  path: Assets/Components/UnityAssets/Graphics/Character/PlayerCharacter/JoannaD'ArcIII-v1 (1)/Sprites/Idle/Idle1.png
  artifactKey: Guid(d6e4974d21bedf3449392e763b6d3c34) Importer(815301076,1909f56bfc062723c751e8b465ee728b)
Start importing Assets/Components/UnityAssets/Graphics/Character/PlayerCharacter/JoannaD'ArcIII-v1 (1)/Sprites/Idle/Idle1.png using Guid(d6e4974d21bedf3449392e763b6d3c34) Importer(815301076,1909f56bfc062723c751e8b465ee728b)  -> (artifact id: '6bd872e1d90715b79a4747a65b140b93') in 0.033735 seconds 
