Using pre-set license
Built from '2021.3/staging' branch; Version is '2021.3.20f1 (577897200b8b) revision 5732503'; Using compiler version '192829333'; Build Type 'Release'
OS: 'Windows 10  (10.0.19044) 64bit Education' Language: 'ko' Physical Memory: 16333 MB
BatchMode: 1, IsHumanControllingUs: 0, StartBugReporterOnCrash: 0, Is64bit: 1, IsPro: 1

COMMAND LINE ARGUMENTS:
C:\Program Files\Unity\Hub\Editor\2021.3.20f1\Editor\Unity.exe
-adb2
-batchMode
-noUpm
-name
AssetImportWorker2
-projectPath
C:/Users/jkw03/Desktop/MoWoong/MoWoong
-logFile
Logs/AssetImportWorker2.log
-srvPort
65141
Successfully changed project path to: C:/Users/jkw03/Desktop/MoWoong/MoWoong
C:/Users/jkw03/Desktop/MoWoong/MoWoong
[UnityMemory] Configuration Parameters - Can be set up in boot.config
    "memorysetup-bucket-allocator-granularity=16"
    "memorysetup-bucket-allocator-bucket-count=8"
    "memorysetup-bucket-allocator-block-size=33554432"
    "memorysetup-bucket-allocator-block-count=8"
    "memorysetup-main-allocator-block-size=16777216"
    "memorysetup-thread-allocator-block-size=16777216"
    "memorysetup-gfx-main-allocator-block-size=16777216"
    "memorysetup-gfx-thread-allocator-block-size=16777216"
    "memorysetup-cache-allocator-block-size=4194304"
    "memorysetup-typetree-allocator-block-size=2097152"
    "memorysetup-profiler-bucket-allocator-granularity=16"
    "memorysetup-profiler-bucket-allocator-bucket-count=8"
    "memorysetup-profiler-bucket-allocator-block-size=33554432"
    "memorysetup-profiler-bucket-allocator-block-count=8"
    "memorysetup-profiler-allocator-block-size=16777216"
    "memorysetup-profiler-editor-allocator-block-size=1048576"
    "memorysetup-temp-allocator-size-main=16777216"
    "memorysetup-job-temp-allocator-block-size=2097152"
    "memorysetup-job-temp-allocator-block-size-background=1048576"
    "memorysetup-job-temp-allocator-reduction-small-platforms=262144"
    "memorysetup-temp-allocator-size-background-worker=32768"
    "memorysetup-temp-allocator-size-job-worker=262144"
    "memorysetup-temp-allocator-size-preload-manager=33554432"
    "memorysetup-temp-allocator-size-nav-mesh-worker=65536"
    "memorysetup-temp-allocator-size-audio-worker=65536"
    "memorysetup-temp-allocator-size-cloud-worker=32768"
    "memorysetup-temp-allocator-size-gi-baking-worker=262144"
    "memorysetup-temp-allocator-size-gfx=262144"
Player connection [4244] Host "[IP] 192.168.0.11 [Port] 0 [Flags] 2 [Guid] 3121956599 [EditorId] 3121956599 [Version] 1048832 [Id] WindowsEditor(7,DESKTOP-EIEDLBT) [Debug] 1 [PackageName] WindowsEditor [ProjectName] Editor" joined multi-casting on [225.0.0.222:54997]...

Player connection [4244] Host "[IP] 192.168.0.11 [Port] 0 [Flags] 2 [Guid] 3121956599 [EditorId] 3121956599 [Version] 1048832 [Id] WindowsEditor(7,DESKTOP-EIEDLBT) [Debug] 1 [PackageName] WindowsEditor [ProjectName] Editor" joined alternative multi-casting on [225.0.0.222:34997]...

Refreshing native plugins compatible for Editor in 62.89 ms, found 3 plugins.
Preloading 0 native plugins for Editor in 0.00 ms.
Initialize engine version: 2021.3.20f1 (577897200b8b)
[Subsystems] Discovering subsystems at path C:/Program Files/Unity/Hub/Editor/2021.3.20f1/Editor/Data/Resources/UnitySubsystems
[Subsystems] Discovering subsystems at path C:/Users/jkw03/Desktop/MoWoong/MoWoong/Assets
GfxDevice: creating device client; threaded=0; jobified=0
Direct3D:
    Version:  Direct3D 11.0 [level 11.1]
    Renderer: NVIDIA GeForce RTX 2060 (ID=0x1f08)
    Vendor:   NVIDIA
    VRAM:     5980 MB
    Driver:   31.0.15.1694
Initialize mono
Mono path[0] = 'C:/Program Files/Unity/Hub/Editor/2021.3.20f1/Editor/Data/Managed'
Mono path[1] = 'C:/Program Files/Unity/Hub/Editor/2021.3.20f1/Editor/Data/MonoBleedingEdge/lib/mono/unityjit-win32'
Mono config path = 'C:/Program Files/Unity/Hub/Editor/2021.3.20f1/Editor/Data/MonoBleedingEdge/etc'
Using monoOptions --debugger-agent=transport=dt_socket,embedding=1,server=y,suspend=n,address=127.0.0.1:56988
Begin MonoManager ReloadAssembly
Registering precompiled unity dll's ...
Register platform support module: C:/Program Files/Unity/Hub/Editor/2021.3.20f1/Editor/Data/PlaybackEngines/WindowsStandaloneSupport/UnityEditor.WindowsStandalone.Extensions.dll
Registered in 0.016244 seconds.
Native extension for WindowsStandalone target not found
Refreshing native plugins compatible for Editor in 51.69 ms, found 3 plugins.
Preloading 0 native plugins for Editor in 0.00 ms.
Mono: successfully reloaded assembly
- Completed reload, in  0.761 seconds
Domain Reload Profiling:
	ReloadAssembly (762ms)
		BeginReloadAssembly (129ms)
			ExecutionOrderSort (0ms)
			DisableScriptedObjects (0ms)
			BackupInstance (0ms)
			ReleaseScriptingObjects (0ms)
			CreateAndSetChildDomain (1ms)
		EndReloadAssembly (480ms)
			LoadAssemblies (123ms)
			RebuildTransferFunctionScriptingTraits (0ms)
			SetupTypeCache (119ms)
			ReleaseScriptCaches (0ms)
			RebuildScriptCaches (30ms)
			SetupLoadedEditorAssemblies (264ms)
				LogAssemblyErrors (0ms)
				InitializePlatformSupportModulesInManaged (11ms)
				SetLoadedEditorAssemblies (0ms)
				RefreshPlugins (52ms)
				BeforeProcessingInitializeOnLoad (1ms)
				ProcessInitializeOnLoadAttributes (141ms)
				ProcessInitializeOnLoadMethodAttributes (58ms)
				AfterProcessingInitializeOnLoad (0ms)
				EditorAssembliesLoaded (0ms)
			ExecutionOrderSort2 (0ms)
			AwakeInstancesAfterBackupRestoration (0ms)
Platform modules already initialized, skipping
Registering precompiled user dll's ...
Registered in 0.013421 seconds.
Begin MonoManager ReloadAssembly
Native extension for WindowsStandalone target not found
Refreshing native plugins compatible for Editor in 48.29 ms, found 3 plugins.
Preloading 0 native plugins for Editor in 0.00 ms.
Mono: successfully reloaded assembly
- Completed reload, in  1.195 seconds
Domain Reload Profiling:
	ReloadAssembly (1196ms)
		BeginReloadAssembly (174ms)
			ExecutionOrderSort (0ms)
			DisableScriptedObjects (7ms)
			BackupInstance (0ms)
			ReleaseScriptingObjects (0ms)
			CreateAndSetChildDomain (22ms)
		EndReloadAssembly (875ms)
			LoadAssemblies (143ms)
			RebuildTransferFunctionScriptingTraits (0ms)
			SetupTypeCache (204ms)
			ReleaseScriptCaches (1ms)
			RebuildScriptCaches (49ms)
			SetupLoadedEditorAssemblies (442ms)
				LogAssemblyErrors (0ms)
				InitializePlatformSupportModulesInManaged (8ms)
				SetLoadedEditorAssemblies (0ms)
				RefreshPlugins (48ms)
				BeforeProcessingInitializeOnLoad (93ms)
				ProcessInitializeOnLoadAttributes (230ms)
				ProcessInitializeOnLoadMethodAttributes (41ms)
				AfterProcessingInitializeOnLoad (22ms)
				EditorAssembliesLoaded (0ms)
			ExecutionOrderSort2 (0ms)
			AwakeInstancesAfterBackupRestoration (13ms)
Platform modules already initialized, skipping
========================================================================
Worker process is ready to serve import requests
Launched and connected shader compiler UnityShaderCompiler.exe after 0.07 seconds
Refreshing native plugins compatible for Editor in 0.65 ms, found 3 plugins.
Preloading 0 native plugins for Editor in 0.00 ms.
Unloading 2138 Unused Serialized files (Serialized files now loaded: 0)
Unloading 30 unused Assets / (56.2 KB). Loaded Objects now: 2603.
Memory consumption went from 100.4 MB to 100.3 MB.
Total: 3.430100 ms (FindLiveObjects: 0.228400 ms CreateObjectMapping: 0.052200 ms MarkObjects: 3.058200 ms  DeleteObjects: 0.090100 ms)

AssetImportParameters requested are different than current active one (requested -> active):
  custom:video-decoder-ogg-theora: a1e56fd34408186e4bbccfd4996cb3dc -> 
  custom:container-muxer-webm: aa71ff27fc2769a1b78a27578f13a17b -> 
  custom:container-demuxer-webm: 4f35f7cbe854078d1ac9338744f61a02 -> 
  custom:video-encoder-webm-vp8: eb34c28f22e8b96e1ab97ce403110664 -> 
  custom:audio-encoder-webm-vorbis: bf7c407c2cedff20999df2af8eb42d56 -> 
  custom:framework-win-MediaFoundation: 216162199b28c13a410421893ffa2e32 -> 
  custom:container-demuxer-ogg: 62fdf1f143b41e24485cea50d1cbac27 -> 
  custom:video-decoder-webm-vp8: 9c59270c3fd7afecdb556c50c9e8de78 -> 
  custom:audio-decoder-ogg-vorbis: bf7c407c2cedff20999df2af8eb42d56 -> 
========================================================================
Received Import Request.
  Time since last request: 170419.102946 seconds.
  path: Assets/Components/UnityAssets/Graphics/Character/PlayerCharacter/JoannaD'ArcIII-v1 (1)/Sprites/Attacks/ComboAtk/ComboAtk9.png
  artifactKey: Guid(306d6656d8c581b47ad71205b2670e99) Importer(815301076,1909f56bfc062723c751e8b465ee728b)
Start importing Assets/Components/UnityAssets/Graphics/Character/PlayerCharacter/JoannaD'ArcIII-v1 (1)/Sprites/Attacks/ComboAtk/ComboAtk9.png using Guid(306d6656d8c581b47ad71205b2670e99) Importer(815301076,1909f56bfc062723c751e8b465ee728b)  -> (artifact id: '5cda1c3297b12e60d421727a515613b6') in 0.201988 seconds 
========================================================================
Received Import Request.
  Time since last request: 0.000038 seconds.
  path: Assets/Components/UnityAssets/Graphics/Character/PlayerCharacter/JoannaD'ArcIII-v1 (1)/Sprites/Attacks/ComboAtk/ComboAtk15.png
  artifactKey: Guid(f2eacf7d5e3a5544793d80eead4f8670) Importer(815301076,1909f56bfc062723c751e8b465ee728b)
Start importing Assets/Components/UnityAssets/Graphics/Character/PlayerCharacter/JoannaD'ArcIII-v1 (1)/Sprites/Attacks/ComboAtk/ComboAtk15.png using Guid(f2eacf7d5e3a5544793d80eead4f8670) Importer(815301076,1909f56bfc062723c751e8b465ee728b)  -> (artifact id: '002f27bb91859dd8326257531285f9e9') in 0.028850 seconds 
========================================================================
Received Import Request.
  Time since last request: 0.000040 seconds.
  path: Assets/Components/UnityAssets/Graphics/Character/PlayerCharacter/JoannaD'ArcIII-v1 (1)/Sprites/Attacks/ComboAtk/ComboAtk30.png
  artifactKey: Guid(8ce1eaf7a8aa5e242935b2f81fe6fe8c) Importer(815301076,1909f56bfc062723c751e8b465ee728b)
Start importing Assets/Components/UnityAssets/Graphics/Character/PlayerCharacter/JoannaD'ArcIII-v1 (1)/Sprites/Attacks/ComboAtk/ComboAtk30.png using Guid(8ce1eaf7a8aa5e242935b2f81fe6fe8c) Importer(815301076,1909f56bfc062723c751e8b465ee728b)  -> (artifact id: '29b42a817a35a47b4d51a0861ad618b9') in 0.024840 seconds 
========================================================================
Received Import Request.
  Time since last request: 0.000024 seconds.
  path: Assets/Components/UnityAssets/Graphics/Character/PlayerCharacter/JoannaD'ArcIII-v1 (1)/Sprites/Attacks/ComboAtk/ComboAtk22.png
  artifactKey: Guid(3eca11d3e83aeee41a9ec774b4c83266) Importer(815301076,1909f56bfc062723c751e8b465ee728b)
Start importing Assets/Components/UnityAssets/Graphics/Character/PlayerCharacter/JoannaD'ArcIII-v1 (1)/Sprites/Attacks/ComboAtk/ComboAtk22.png using Guid(3eca11d3e83aeee41a9ec774b4c83266) Importer(815301076,1909f56bfc062723c751e8b465ee728b)  -> (artifact id: '97685d69742fbf3e8b8024819795c148') in 0.014514 seconds 
========================================================================
Received Import Request.
  Time since last request: 0.000023 seconds.
  path: Assets/Components/UnityAssets/Graphics/Character/PlayerCharacter/JoannaD'ArcIII-v1 (1)/Sprites/Attacks/ComboAtk/ComboAtk27.png
  artifactKey: Guid(979777470fd179145bcdbc2eb4851591) Importer(815301076,1909f56bfc062723c751e8b465ee728b)
Start importing Assets/Components/UnityAssets/Graphics/Character/PlayerCharacter/JoannaD'ArcIII-v1 (1)/Sprites/Attacks/ComboAtk/ComboAtk27.png using Guid(979777470fd179145bcdbc2eb4851591) Importer(815301076,1909f56bfc062723c751e8b465ee728b)  -> (artifact id: 'dcd77f85ba0c7259458a1c62a9718f99') in 0.016621 seconds 
========================================================================
Received Import Request.
  Time since last request: 0.000035 seconds.
  path: Assets/Components/UnityAssets/Graphics/Character/PlayerCharacter/JoannaD'ArcIII-v1 (1)/Sprites/Attacks/ComboAtk/ComboAtk19.png
  artifactKey: Guid(7ff8d549968cbab40a5a3229f6f89283) Importer(815301076,1909f56bfc062723c751e8b465ee728b)
Start importing Assets/Components/UnityAssets/Graphics/Character/PlayerCharacter/JoannaD'ArcIII-v1 (1)/Sprites/Attacks/ComboAtk/ComboAtk19.png using Guid(7ff8d549968cbab40a5a3229f6f89283) Importer(815301076,1909f56bfc062723c751e8b465ee728b)  -> (artifact id: '74c8e4d631ebfeb038d4065d523a702d') in 0.013343 seconds 
========================================================================
Received Import Request.
  Time since last request: 19.176505 seconds.
  path: Assets/Components/UnityAssets/Graphics/Character/PlayerCharacter/JoannaD'ArcIII-v1 (1)/Sprites/Attacks/FrontHeavyAtk/FrontHeavyAtk1.png
  artifactKey: Guid(dfb9d773f61e690469ff053aef7d9031) Importer(815301076,1909f56bfc062723c751e8b465ee728b)
Start importing Assets/Components/UnityAssets/Graphics/Character/PlayerCharacter/JoannaD'ArcIII-v1 (1)/Sprites/Attacks/FrontHeavyAtk/FrontHeavyAtk1.png using Guid(dfb9d773f61e690469ff053aef7d9031) Importer(815301076,1909f56bfc062723c751e8b465ee728b)  -> (artifact id: 'a5126fcbfdf49999a82635033d040c49') in 0.039784 seconds 
========================================================================
Received Import Request.
  Time since last request: 0.000038 seconds.
  path: Assets/Components/UnityAssets/Graphics/Character/PlayerCharacter/JoannaD'ArcIII-v1 (1)/Sprites/Attacks/FrontHeavyAtk/FrontHeavyAtk17.png
  artifactKey: Guid(3515603321a9e0d42aef3bfcbc49928e) Importer(815301076,1909f56bfc062723c751e8b465ee728b)
Start importing Assets/Components/UnityAssets/Graphics/Character/PlayerCharacter/JoannaD'ArcIII-v1 (1)/Sprites/Attacks/FrontHeavyAtk/FrontHeavyAtk17.png using Guid(3515603321a9e0d42aef3bfcbc49928e) Importer(815301076,1909f56bfc062723c751e8b465ee728b)  -> (artifact id: 'f24958758bed859b7bfcaeaa87db7011') in 0.023890 seconds 
========================================================================
Received Import Request.
  Time since last request: 0.000025 seconds.
  path: Assets/Components/UnityAssets/Graphics/Character/PlayerCharacter/JoannaD'ArcIII-v1 (1)/Sprites/Attacks/FrontHeavyAtk/FrontHeavyAtk6.png
  artifactKey: Guid(3ed100c6023a05844a4ba4da0fe78b65) Importer(815301076,1909f56bfc062723c751e8b465ee728b)
Start importing Assets/Components/UnityAssets/Graphics/Character/PlayerCharacter/JoannaD'ArcIII-v1 (1)/Sprites/Attacks/FrontHeavyAtk/FrontHeavyAtk6.png using Guid(3ed100c6023a05844a4ba4da0fe78b65) Importer(815301076,1909f56bfc062723c751e8b465ee728b)  -> (artifact id: 'ddf8ede3b2c6385ab934f60493f17872') in 0.021275 seconds 
========================================================================
Received Import Request.
  Time since last request: 0.000020 seconds.
  path: Assets/Components/UnityAssets/Graphics/Character/PlayerCharacter/JoannaD'ArcIII-v1 (1)/Sprites/Attacks/FrontHeavyAtk/FrontHeavyAtk8.png
  artifactKey: Guid(b6330d2ac1b5422438b72f331b369737) Importer(815301076,1909f56bfc062723c751e8b465ee728b)
Start importing Assets/Components/UnityAssets/Graphics/Character/PlayerCharacter/JoannaD'ArcIII-v1 (1)/Sprites/Attacks/FrontHeavyAtk/FrontHeavyAtk8.png using Guid(b6330d2ac1b5422438b72f331b369737) Importer(815301076,1909f56bfc062723c751e8b465ee728b)  -> (artifact id: 'e856005d8e1d1c031fd2cdd7babf15e8') in 0.019929 seconds 
========================================================================
Received Import Request.
  Time since last request: 11.476165 seconds.
  path: Assets/Components/UnityAssets/Graphics/Character/PlayerCharacter/JoannaD'ArcIII-v1 (1)/Sprites/Attacks/FrontHeavyAtk/FrontHeavyAtk3.png
  artifactKey: Guid(3235721fbe0f2e24eadd449e865519c2) Importer(815301076,1909f56bfc062723c751e8b465ee728b)
Start importing Assets/Components/UnityAssets/Graphics/Character/PlayerCharacter/JoannaD'ArcIII-v1 (1)/Sprites/Attacks/FrontHeavyAtk/FrontHeavyAtk3.png using Guid(3235721fbe0f2e24eadd449e865519c2) Importer(815301076,1909f56bfc062723c751e8b465ee728b)  -> (artifact id: '0ad516832d2ab2903bff92885dac19c7') in 0.023391 seconds 
========================================================================
Received Import Request.
  Time since last request: 0.031655 seconds.
  path: Assets/Components/UnityAssets/Graphics/Character/PlayerCharacter/JoannaD'ArcIII-v1 (1)/Sprites/Attacks/FrontHeavyAtk/FrontHeavyAtk1.png
  artifactKey: Guid(dfb9d773f61e690469ff053aef7d9031) Importer(815301076,1909f56bfc062723c751e8b465ee728b)
Start importing Assets/Components/UnityAssets/Graphics/Character/PlayerCharacter/JoannaD'ArcIII-v1 (1)/Sprites/Attacks/FrontHeavyAtk/FrontHeavyAtk1.png using Guid(dfb9d773f61e690469ff053aef7d9031) Importer(815301076,1909f56bfc062723c751e8b465ee728b)  -> (artifact id: '7750f448f285f0fc2583328dc25297e1') in 0.048895 seconds 
========================================================================
Received Import Request.
  Time since last request: 0.000030 seconds.
  path: Assets/Components/UnityAssets/Graphics/Character/PlayerCharacter/JoannaD'ArcIII-v1 (1)/Sprites/Attacks/FrontHeavyAtk/FrontHeavyAtk17.png
  artifactKey: Guid(3515603321a9e0d42aef3bfcbc49928e) Importer(815301076,1909f56bfc062723c751e8b465ee728b)
Start importing Assets/Components/UnityAssets/Graphics/Character/PlayerCharacter/JoannaD'ArcIII-v1 (1)/Sprites/Attacks/FrontHeavyAtk/FrontHeavyAtk17.png using Guid(3515603321a9e0d42aef3bfcbc49928e) Importer(815301076,1909f56bfc062723c751e8b465ee728b)  -> (artifact id: 'f4ad53de5dcd38baf83c3c2cb45b2d09') in 0.044921 seconds 
========================================================================
Received Import Request.
  Time since last request: 0.000024 seconds.
  path: Assets/Components/UnityAssets/Graphics/Character/PlayerCharacter/JoannaD'ArcIII-v1 (1)/Sprites/Attacks/FrontHeavyAtk/FrontHeavyAtk9.png
  artifactKey: Guid(add0a949282ac0349954ab27bdf6a48a) Importer(815301076,1909f56bfc062723c751e8b465ee728b)
Start importing Assets/Components/UnityAssets/Graphics/Character/PlayerCharacter/JoannaD'ArcIII-v1 (1)/Sprites/Attacks/FrontHeavyAtk/FrontHeavyAtk9.png using Guid(add0a949282ac0349954ab27bdf6a48a) Importer(815301076,1909f56bfc062723c751e8b465ee728b)  -> (artifact id: '87949f47fb9b80550746505c1040af95') in 0.022492 seconds 
========================================================================
Received Import Request.
  Time since last request: 0.000035 seconds.
  path: Assets/Components/UnityAssets/Graphics/Character/PlayerCharacter/JoannaD'ArcIII-v1 (1)/Sprites/Attacks/FrontHeavyAtk/FrontHeavyAtk8.png
  artifactKey: Guid(b6330d2ac1b5422438b72f331b369737) Importer(815301076,1909f56bfc062723c751e8b465ee728b)
Start importing Assets/Components/UnityAssets/Graphics/Character/PlayerCharacter/JoannaD'ArcIII-v1 (1)/Sprites/Attacks/FrontHeavyAtk/FrontHeavyAtk8.png using Guid(b6330d2ac1b5422438b72f331b369737) Importer(815301076,1909f56bfc062723c751e8b465ee728b)  -> (artifact id: '4ad9f4383e3e35a9f150f9babf161eda') in 0.011199 seconds 
========================================================================
Received Import Request.
  Time since last request: 1.053370 seconds.
  path: Assets/Components/UnityAssets/Graphics/Character/PlayerCharacter/JoannaD'ArcIII-v1 (1)/Sprites/Attacks/UpLightAtk/UpLightAtk1.png
  artifactKey: Guid(e2597c02fd1bf3a46802d263617bed41) Importer(815301076,1909f56bfc062723c751e8b465ee728b)
Start importing Assets/Components/UnityAssets/Graphics/Character/PlayerCharacter/JoannaD'ArcIII-v1 (1)/Sprites/Attacks/UpLightAtk/UpLightAtk1.png using Guid(e2597c02fd1bf3a46802d263617bed41) Importer(815301076,1909f56bfc062723c751e8b465ee728b)  -> (artifact id: '1025d0643b9952f1bde1a5d7b12c5b91') in 0.021571 seconds 
========================================================================
Received Import Request.
  Time since last request: 0.000021 seconds.
  path: Assets/Components/UnityAssets/Graphics/Character/PlayerCharacter/JoannaD'ArcIII-v1 (1)/Sprites/Attacks/UpLightAtk/UpLightAtk10.png
  artifactKey: Guid(561a08dea3140c345a3d9db4b96b6b15) Importer(815301076,1909f56bfc062723c751e8b465ee728b)
Start importing Assets/Components/UnityAssets/Graphics/Character/PlayerCharacter/JoannaD'ArcIII-v1 (1)/Sprites/Attacks/UpLightAtk/UpLightAtk10.png using Guid(561a08dea3140c345a3d9db4b96b6b15) Importer(815301076,1909f56bfc062723c751e8b465ee728b)  -> (artifact id: '062d10e165c841689383ef6a16809904') in 0.019332 seconds 
========================================================================
Received Import Request.
  Time since last request: 0.000020 seconds.
  path: Assets/Components/UnityAssets/Graphics/Character/PlayerCharacter/JoannaD'ArcIII-v1 (1)/Sprites/Attacks/UpLightAtk/UpLightAtk9.png
  artifactKey: Guid(bf7be8db7d08b7545b1105213fbce9ba) Importer(815301076,1909f56bfc062723c751e8b465ee728b)
Start importing Assets/Components/UnityAssets/Graphics/Character/PlayerCharacter/JoannaD'ArcIII-v1 (1)/Sprites/Attacks/UpLightAtk/UpLightAtk9.png using Guid(bf7be8db7d08b7545b1105213fbce9ba) Importer(815301076,1909f56bfc062723c751e8b465ee728b)  -> (artifact id: '494870a479e68bfc65979921039ce0c0') in 0.018999 seconds 
========================================================================
Received Import Request.
  Time since last request: 10.925847 seconds.
  path: Assets/Components/UnityAssets/Graphics/Character/PlayerCharacter/JoannaD'ArcIII-v1 (1)/Sprites/Attacks/UpLightAtk/UpLightAtk11.png
  artifactKey: Guid(41bbc63ecde39374d9085042e4c7132f) Importer(815301076,1909f56bfc062723c751e8b465ee728b)
Start importing Assets/Components/UnityAssets/Graphics/Character/PlayerCharacter/JoannaD'ArcIII-v1 (1)/Sprites/Attacks/UpLightAtk/UpLightAtk11.png using Guid(41bbc63ecde39374d9085042e4c7132f) Importer(815301076,1909f56bfc062723c751e8b465ee728b)  -> (artifact id: 'c9f2e80336665d13e8263b70373ca94f') in 0.013632 seconds 
========================================================================
Received Import Request.
  Time since last request: 0.037775 seconds.
  path: Assets/Components/UnityAssets/Graphics/Character/PlayerCharacter/JoannaD'ArcIII-v1 (1)/Sprites/Attacks/UpLightAtk/UpLightAtk1.png
  artifactKey: Guid(e2597c02fd1bf3a46802d263617bed41) Importer(815301076,1909f56bfc062723c751e8b465ee728b)
Start importing Assets/Components/UnityAssets/Graphics/Character/PlayerCharacter/JoannaD'ArcIII-v1 (1)/Sprites/Attacks/UpLightAtk/UpLightAtk1.png using Guid(e2597c02fd1bf3a46802d263617bed41) Importer(815301076,1909f56bfc062723c751e8b465ee728b)  -> (artifact id: 'aac8b8ab7c95483fa197989b94183f73') in 0.032058 seconds 
========================================================================
Received Import Request.
  Time since last request: 0.000025 seconds.
  path: Assets/Components/UnityAssets/Graphics/Character/PlayerCharacter/JoannaD'ArcIII-v1 (1)/Sprites/Attacks/UpLightAtk/UpLightAtk6.png
  artifactKey: Guid(d26f68be7806d2a49a6da605f333cbea) Importer(815301076,1909f56bfc062723c751e8b465ee728b)
Start importing Assets/Components/UnityAssets/Graphics/Character/PlayerCharacter/JoannaD'ArcIII-v1 (1)/Sprites/Attacks/UpLightAtk/UpLightAtk6.png using Guid(d26f68be7806d2a49a6da605f333cbea) Importer(815301076,1909f56bfc062723c751e8b465ee728b)  -> (artifact id: '5b98f7692466cb07e65af5f401684c73') in 0.016703 seconds 
========================================================================
Received Import Request.
  Time since last request: 6.690788 seconds.
  path: Assets/Components/UnityAssets/Graphics/Character/PlayerCharacter/JoannaD'ArcIII-v1 (1)/Sprites/Run/BreakRun/BreakRun1.png
  artifactKey: Guid(91271f062dab5f242858018537c38a84) Importer(815301076,1909f56bfc062723c751e8b465ee728b)
Start importing Assets/Components/UnityAssets/Graphics/Character/PlayerCharacter/JoannaD'ArcIII-v1 (1)/Sprites/Run/BreakRun/BreakRun1.png using Guid(91271f062dab5f242858018537c38a84) Importer(815301076,1909f56bfc062723c751e8b465ee728b)  -> (artifact id: '97170147429f4576ea998d0fb766d0f8') in 0.024201 seconds 
========================================================================
Received Import Request.
  Time since last request: 0.000021 seconds.
  path: Assets/Components/UnityAssets/Graphics/Character/PlayerCharacter/JoannaD'ArcIII-v1 (1)/Sprites/Run/BreakRun/BreakRun6.png
  artifactKey: Guid(e5b136d1adf4d764e89dd7538dfd3de7) Importer(815301076,1909f56bfc062723c751e8b465ee728b)
Start importing Assets/Components/UnityAssets/Graphics/Character/PlayerCharacter/JoannaD'ArcIII-v1 (1)/Sprites/Run/BreakRun/BreakRun6.png using Guid(e5b136d1adf4d764e89dd7538dfd3de7) Importer(815301076,1909f56bfc062723c751e8b465ee728b)  -> (artifact id: 'cc2c1c9bfcffbe42fcc834b8bdcdf547') in 0.020076 seconds 
========================================================================
Received Import Request.
  Time since last request: 12.281924 seconds.
  path: Assets/Components/UnityAssets/Graphics/Character/PlayerCharacter/JoannaD'ArcIII-v1 (1)/Sprites/Run/BreakRun/BreakRun1.png
  artifactKey: Guid(91271f062dab5f242858018537c38a84) Importer(815301076,1909f56bfc062723c751e8b465ee728b)
Start importing Assets/Components/UnityAssets/Graphics/Character/PlayerCharacter/JoannaD'ArcIII-v1 (1)/Sprites/Run/BreakRun/BreakRun1.png using Guid(91271f062dab5f242858018537c38a84) Importer(815301076,1909f56bfc062723c751e8b465ee728b)  -> (artifact id: '014b086342ed49500aeafcc357d5a4de') in 0.013714 seconds 
========================================================================
Received Import Request.
  Time since last request: 0.035875 seconds.
  path: Assets/Components/UnityAssets/Graphics/Character/PlayerCharacter/JoannaD'ArcIII-v1 (1)/Sprites/Run/BreakRun/BreakRun2.png
  artifactKey: Guid(887b5d40d9037fc4eaf5af6d47ba05a7) Importer(815301076,1909f56bfc062723c751e8b465ee728b)
Start importing Assets/Components/UnityAssets/Graphics/Character/PlayerCharacter/JoannaD'ArcIII-v1 (1)/Sprites/Run/BreakRun/BreakRun2.png using Guid(887b5d40d9037fc4eaf5af6d47ba05a7) Importer(815301076,1909f56bfc062723c751e8b465ee728b)  -> (artifact id: '6d3163ccd57020198b5cf475ed677aed') in 0.032933 seconds 
========================================================================
Received Import Request.
  Time since last request: 10.116571 seconds.
  path: Assets/Components/UnityAssets/Graphics/Character/PlayerCharacter/JoannaD'ArcIII-v1 (1)/Sprites/Run/RunLeft/Full
  artifactKey: Guid(d053a1f3ce1638946ad09025e0beec88) Importer(815301076,1909f56bfc062723c751e8b465ee728b)
Start importing Assets/Components/UnityAssets/Graphics/Character/PlayerCharacter/JoannaD'ArcIII-v1 (1)/Sprites/Run/RunLeft/Full using Guid(d053a1f3ce1638946ad09025e0beec88) Importer(815301076,1909f56bfc062723c751e8b465ee728b)  -> (artifact id: '77be82dbfae5b3f0306702fdb88c8b2d') in 0.009312 seconds 
========================================================================
Received Import Request.
  Time since last request: 0.038134 seconds.
  path: Assets/Components/UnityAssets/Graphics/Character/PlayerCharacter/JoannaD'ArcIII-v1 (1)/Sprites/Run/RunLeft/Full/RunLeft1.png
  artifactKey: Guid(2487543dca5781e44af907d41dd54a32) Importer(815301076,1909f56bfc062723c751e8b465ee728b)
Start importing Assets/Components/UnityAssets/Graphics/Character/PlayerCharacter/JoannaD'ArcIII-v1 (1)/Sprites/Run/RunLeft/Full/RunLeft1.png using Guid(2487543dca5781e44af907d41dd54a32) Importer(815301076,1909f56bfc062723c751e8b465ee728b)  -> (artifact id: '5e290bf090dcc6b2c37ffb67cc9d4319') in 0.018538 seconds 
========================================================================
Received Import Request.
  Time since last request: 0.000022 seconds.
  path: Assets/Components/UnityAssets/Graphics/Character/PlayerCharacter/JoannaD'ArcIII-v1 (1)/Sprites/Run/RunLeft/Full/RunLeft9.png
  artifactKey: Guid(6aa7a26bb6cc3f840816195a80ea4173) Importer(815301076,1909f56bfc062723c751e8b465ee728b)
Start importing Assets/Components/UnityAssets/Graphics/Character/PlayerCharacter/JoannaD'ArcIII-v1 (1)/Sprites/Run/RunLeft/Full/RunLeft9.png using Guid(6aa7a26bb6cc3f840816195a80ea4173) Importer(815301076,1909f56bfc062723c751e8b465ee728b)  -> (artifact id: 'ac864fddcc16e46823431774c432d3f0') in 0.022084 seconds 
========================================================================
Received Import Request.
  Time since last request: 0.000019 seconds.
  path: Assets/Components/UnityAssets/Graphics/Character/PlayerCharacter/JoannaD'ArcIII-v1 (1)/Sprites/Run/RunLeft/Full/RunLeft7.png
  artifactKey: Guid(c8a64d7de168fad42b832484504984dd) Importer(815301076,1909f56bfc062723c751e8b465ee728b)
Start importing Assets/Components/UnityAssets/Graphics/Character/PlayerCharacter/JoannaD'ArcIII-v1 (1)/Sprites/Run/RunLeft/Full/RunLeft7.png using Guid(c8a64d7de168fad42b832484504984dd) Importer(815301076,1909f56bfc062723c751e8b465ee728b)  -> (artifact id: '73b61d9005ac1a291500706395a1c752') in 0.017087 seconds 
========================================================================
Received Import Request.
  Time since last request: 2.599788 seconds.
  path: Assets/Components/UnityAssets/Graphics/Character/PlayerCharacter/JoannaD'ArcIII-v1 (1)/Sprites/Run/RunLeft/Full/2
  artifactKey: Guid(376d3f7e1ccbef54eab0a5a81b69ceea) Importer(815301076,1909f56bfc062723c751e8b465ee728b)
Start importing Assets/Components/UnityAssets/Graphics/Character/PlayerCharacter/JoannaD'ArcIII-v1 (1)/Sprites/Run/RunLeft/Full/2 using Guid(376d3f7e1ccbef54eab0a5a81b69ceea) Importer(815301076,1909f56bfc062723c751e8b465ee728b)  -> (artifact id: 'f296ebb5128d40a2f5480554d3e9435d') in 0.008717 seconds 
========================================================================
Received Import Request.
  Time since last request: 0.599166 seconds.
  path: Assets/Components/UnityAssets/Graphics/Character/PlayerCharacter/JoannaD'ArcIII-v1 (1)/Sprites/Run/RunLeft/Full/2/RunLeft(2)1.png
  artifactKey: Guid(5e2f9406ae6328b40bf66e7189f62161) Importer(815301076,1909f56bfc062723c751e8b465ee728b)
Start importing Assets/Components/UnityAssets/Graphics/Character/PlayerCharacter/JoannaD'ArcIII-v1 (1)/Sprites/Run/RunLeft/Full/2/RunLeft(2)1.png using Guid(5e2f9406ae6328b40bf66e7189f62161) Importer(815301076,1909f56bfc062723c751e8b465ee728b)  -> (artifact id: '1a56609810a281450debbb106e08d0a2') in 0.019861 seconds 
========================================================================
Received Import Request.
  Time since last request: 0.000016 seconds.
  path: Assets/Components/UnityAssets/Graphics/Character/PlayerCharacter/JoannaD'ArcIII-v1 (1)/Sprites/Run/RunLeft/Full/2/RunLeft(2)10.png
  artifactKey: Guid(73172c06faddb02468f64d489b6fc811) Importer(815301076,1909f56bfc062723c751e8b465ee728b)
Start importing Assets/Components/UnityAssets/Graphics/Character/PlayerCharacter/JoannaD'ArcIII-v1 (1)/Sprites/Run/RunLeft/Full/2/RunLeft(2)10.png using Guid(73172c06faddb02468f64d489b6fc811) Importer(815301076,1909f56bfc062723c751e8b465ee728b)  -> (artifact id: '7b101782cd0ed594a2c3bf7c0640762e') in 0.021101 seconds 
========================================================================
Received Import Request.
  Time since last request: 22.790297 seconds.
  path: Assets/Components/UnityAssets/Graphics/Character/PlayerCharacter/JoannaD'ArcIII-v1 (1)/Sprites/Run/RunLeft/Full/RunLeft6.png
  artifactKey: Guid(d29fc9241aa2e96459b382ad49dfb87a) Importer(815301076,1909f56bfc062723c751e8b465ee728b)
Start importing Assets/Components/UnityAssets/Graphics/Character/PlayerCharacter/JoannaD'ArcIII-v1 (1)/Sprites/Run/RunLeft/Full/RunLeft6.png using Guid(d29fc9241aa2e96459b382ad49dfb87a) Importer(815301076,1909f56bfc062723c751e8b465ee728b)  -> (artifact id: '275d25e86638e3220dadd4052277b1cb') in 0.015330 seconds 
========================================================================
Received Import Request.
  Time since last request: 0.042083 seconds.
  path: Assets/Components/UnityAssets/Graphics/Character/PlayerCharacter/JoannaD'ArcIII-v1 (1)/Sprites/Run/RunLeft/Full/RunLeft1.png
  artifactKey: Guid(2487543dca5781e44af907d41dd54a32) Importer(815301076,1909f56bfc062723c751e8b465ee728b)
Start importing Assets/Components/UnityAssets/Graphics/Character/PlayerCharacter/JoannaD'ArcIII-v1 (1)/Sprites/Run/RunLeft/Full/RunLeft1.png using Guid(2487543dca5781e44af907d41dd54a32) Importer(815301076,1909f56bfc062723c751e8b465ee728b)  -> (artifact id: '7fba92d6f2a9ad35f2e262e54d26b063') in 0.042210 seconds 
========================================================================
Received Import Request.
  Time since last request: 0.000034 seconds.
  path: Assets/Components/UnityAssets/Graphics/Character/PlayerCharacter/JoannaD'ArcIII-v1 (1)/Sprites/Run/RunLeft/Full/RunLeft5.png
  artifactKey: Guid(4cb8134e72773b0458af8636d593311e) Importer(815301076,1909f56bfc062723c751e8b465ee728b)
Start importing Assets/Components/UnityAssets/Graphics/Character/PlayerCharacter/JoannaD'ArcIII-v1 (1)/Sprites/Run/RunLeft/Full/RunLeft5.png using Guid(4cb8134e72773b0458af8636d593311e) Importer(815301076,1909f56bfc062723c751e8b465ee728b)  -> (artifact id: '74d4218705fe0a5c1b2247b690276aea') in 0.060341 seconds 
========================================================================
Received Import Request.
  Time since last request: 8.034868 seconds.
  path: Assets/Components/UnityAssets/Graphics/Character/PlayerCharacter/JoannaD'ArcIII-v1 (1)/Sprites/Run/RunLeft/Full/2/RunLeft(2)8.png
  artifactKey: Guid(50bef9e3adb23e144a474c23112f9646) Importer(815301076,1909f56bfc062723c751e8b465ee728b)
Start importing Assets/Components/UnityAssets/Graphics/Character/PlayerCharacter/JoannaD'ArcIII-v1 (1)/Sprites/Run/RunLeft/Full/2/RunLeft(2)8.png using Guid(50bef9e3adb23e144a474c23112f9646) Importer(815301076,1909f56bfc062723c751e8b465ee728b)  -> (artifact id: '26c98dafe923ab2ec7bc9b8731261f08') in 0.013531 seconds 
========================================================================
Received Import Request.
  Time since last request: 0.036413 seconds.
  path: Assets/Components/UnityAssets/Graphics/Character/PlayerCharacter/JoannaD'ArcIII-v1 (1)/Sprites/Run/RunLeft/Full/2/RunLeft(2)1.png
  artifactKey: Guid(5e2f9406ae6328b40bf66e7189f62161) Importer(815301076,1909f56bfc062723c751e8b465ee728b)
Start importing Assets/Components/UnityAssets/Graphics/Character/PlayerCharacter/JoannaD'ArcIII-v1 (1)/Sprites/Run/RunLeft/Full/2/RunLeft(2)1.png using Guid(5e2f9406ae6328b40bf66e7189f62161) Importer(815301076,1909f56bfc062723c751e8b465ee728b)  -> (artifact id: '7e0633e44cb4734210e7588da898f943') in 0.023053 seconds 
========================================================================
Received Import Request.
  Time since last request: 0.000023 seconds.
  path: Assets/Components/UnityAssets/Graphics/Character/PlayerCharacter/JoannaD'ArcIII-v1 (1)/Sprites/Run/RunLeft/Full/2/RunLeft(2)10.png
  artifactKey: Guid(73172c06faddb02468f64d489b6fc811) Importer(815301076,1909f56bfc062723c751e8b465ee728b)
Start importing Assets/Components/UnityAssets/Graphics/Character/PlayerCharacter/JoannaD'ArcIII-v1 (1)/Sprites/Run/RunLeft/Full/2/RunLeft(2)10.png using Guid(73172c06faddb02468f64d489b6fc811) Importer(815301076,1909f56bfc062723c751e8b465ee728b)  -> (artifact id: 'e86bd2ff22acbc7659fa85ebc0d4d634') in 0.018635 seconds 
========================================================================
Received Import Request.
  Time since last request: 1.867779 seconds.
  path: Assets/Components/UnityAssets/Graphics/Character/PlayerCharacter/JoannaD'ArcIII-v1 (1)/Sprites/Run/RunLeft/Running/1
  artifactKey: Guid(0261ec0e1035cf34596e9a97ba6a5558) Importer(815301076,1909f56bfc062723c751e8b465ee728b)
Start importing Assets/Components/UnityAssets/Graphics/Character/PlayerCharacter/JoannaD'ArcIII-v1 (1)/Sprites/Run/RunLeft/Running/1 using Guid(0261ec0e1035cf34596e9a97ba6a5558) Importer(815301076,1909f56bfc062723c751e8b465ee728b)  -> (artifact id: '6fc51f6235d1caf170c06e349b57a362') in 0.008534 seconds 
========================================================================
Received Import Request.
  Time since last request: 0.016067 seconds.
  path: Assets/Components/UnityAssets/Graphics/Character/PlayerCharacter/JoannaD'ArcIII-v1 (1)/Sprites/Run/RunLeft/Running/1/RunningLeft1.png
  artifactKey: Guid(e3cbe8f2aac2a7940a03c414d075d88c) Importer(815301076,1909f56bfc062723c751e8b465ee728b)
Start importing Assets/Components/UnityAssets/Graphics/Character/PlayerCharacter/JoannaD'ArcIII-v1 (1)/Sprites/Run/RunLeft/Running/1/RunningLeft1.png using Guid(e3cbe8f2aac2a7940a03c414d075d88c) Importer(815301076,1909f56bfc062723c751e8b465ee728b)  -> (artifact id: 'b4d71fb3fb9e9375ed90dafca4282ce6') in 0.034818 seconds 
========================================================================
Received Import Request.
  Time since last request: 0.000023 seconds.
  path: Assets/Components/UnityAssets/Graphics/Character/PlayerCharacter/JoannaD'ArcIII-v1 (1)/Sprites/Run/RunLeft/Running/1/RunningLeft5.png
  artifactKey: Guid(37ba2aa6a9091c648a37ddfc6fa811fc) Importer(815301076,1909f56bfc062723c751e8b465ee728b)
Start importing Assets/Components/UnityAssets/Graphics/Character/PlayerCharacter/JoannaD'ArcIII-v1 (1)/Sprites/Run/RunLeft/Running/1/RunningLeft5.png using Guid(37ba2aa6a9091c648a37ddfc6fa811fc) Importer(815301076,1909f56bfc062723c751e8b465ee728b)  -> (artifact id: 'df12f18c107bce9eb3ef5971d289a453') in 0.029306 seconds 
========================================================================
Received Import Request.
  Time since last request: 7.681783 seconds.
  path: Assets/Components/UnityAssets/Graphics/Character/PlayerCharacter/JoannaD'ArcIII-v1 (1)/Sprites/Run/RunLeft/Running/1/RunningLeft7.png
  artifactKey: Guid(314934bcd895ad949ba69d31a47f8a48) Importer(815301076,1909f56bfc062723c751e8b465ee728b)
Start importing Assets/Components/UnityAssets/Graphics/Character/PlayerCharacter/JoannaD'ArcIII-v1 (1)/Sprites/Run/RunLeft/Running/1/RunningLeft7.png using Guid(314934bcd895ad949ba69d31a47f8a48) Importer(815301076,1909f56bfc062723c751e8b465ee728b)  -> (artifact id: '22f73d0828c8ec1ba61d85c810a4541a') in 0.011139 seconds 
========================================================================
Received Import Request.
  Time since last request: 0.039254 seconds.
  path: Assets/Components/UnityAssets/Graphics/Character/PlayerCharacter/JoannaD'ArcIII-v1 (1)/Sprites/Run/RunLeft/Running/1/RunningLeft1.png
  artifactKey: Guid(e3cbe8f2aac2a7940a03c414d075d88c) Importer(815301076,1909f56bfc062723c751e8b465ee728b)
Start importing Assets/Components/UnityAssets/Graphics/Character/PlayerCharacter/JoannaD'ArcIII-v1 (1)/Sprites/Run/RunLeft/Running/1/RunningLeft1.png using Guid(e3cbe8f2aac2a7940a03c414d075d88c) Importer(815301076,1909f56bfc062723c751e8b465ee728b)  -> (artifact id: '00512e11de3ef29d05dadb8962d865f6') in 0.017175 seconds 
========================================================================
Received Import Request.
  Time since last request: 0.000019 seconds.
  path: Assets/Components/UnityAssets/Graphics/Character/PlayerCharacter/JoannaD'ArcIII-v1 (1)/Sprites/Run/RunLeft/Running/1/RunningLeft6.png
  artifactKey: Guid(63a3120baaec980429055a743d524e80) Importer(815301076,1909f56bfc062723c751e8b465ee728b)
Start importing Assets/Components/UnityAssets/Graphics/Character/PlayerCharacter/JoannaD'ArcIII-v1 (1)/Sprites/Run/RunLeft/Running/1/RunningLeft6.png using Guid(63a3120baaec980429055a743d524e80) Importer(815301076,1909f56bfc062723c751e8b465ee728b)  -> (artifact id: '445a9ea7baa1d260420152beae520239') in 0.012479 seconds 
========================================================================
Received Import Request.
  Time since last request: 0.976657 seconds.
  path: Assets/Components/UnityAssets/Graphics/Character/PlayerCharacter/JoannaD'ArcIII-v1 (1)/Sprites/Run/RunLeft/Running/2/RunningLeft(2)1.png
  artifactKey: Guid(d4f682252d76e1048b1110bd0bd1b11e) Importer(815301076,1909f56bfc062723c751e8b465ee728b)
Start importing Assets/Components/UnityAssets/Graphics/Character/PlayerCharacter/JoannaD'ArcIII-v1 (1)/Sprites/Run/RunLeft/Running/2/RunningLeft(2)1.png using Guid(d4f682252d76e1048b1110bd0bd1b11e) Importer(815301076,1909f56bfc062723c751e8b465ee728b)  -> (artifact id: '8be50f9d7d364a43dd3a67721a57d108') in 0.019435 seconds 
========================================================================
Received Import Request.
  Time since last request: 0.000031 seconds.
  path: Assets/Components/UnityAssets/Graphics/Character/PlayerCharacter/JoannaD'ArcIII-v1 (1)/Sprites/Run/RunLeft/Running/2/RunningLeft(2)5.png
  artifactKey: Guid(cc148eb31b5ca644ab854f759e16207b) Importer(815301076,1909f56bfc062723c751e8b465ee728b)
Start importing Assets/Components/UnityAssets/Graphics/Character/PlayerCharacter/JoannaD'ArcIII-v1 (1)/Sprites/Run/RunLeft/Running/2/RunningLeft(2)5.png using Guid(cc148eb31b5ca644ab854f759e16207b) Importer(815301076,1909f56bfc062723c751e8b465ee728b)  -> (artifact id: 'dbf36c77df7159df575dcddf5800f065') in 0.018632 seconds 
========================================================================
Received Import Request.
  Time since last request: 7.976515 seconds.
  path: Assets/Components/UnityAssets/Graphics/Character/PlayerCharacter/JoannaD'ArcIII-v1 (1)/Sprites/Run/RunLeft/Running/2/RunningLeft(2)6.png
  artifactKey: Guid(d196c5de810ab4646a2846a972a7f473) Importer(815301076,1909f56bfc062723c751e8b465ee728b)
Start importing Assets/Components/UnityAssets/Graphics/Character/PlayerCharacter/JoannaD'ArcIII-v1 (1)/Sprites/Run/RunLeft/Running/2/RunningLeft(2)6.png using Guid(d196c5de810ab4646a2846a972a7f473) Importer(815301076,1909f56bfc062723c751e8b465ee728b)  -> (artifact id: '926db1365acdf52558905bda09d95adb') in 0.010402 seconds 
========================================================================
Received Import Request.
  Time since last request: 0.042083 seconds.
  path: Assets/Components/UnityAssets/Graphics/Character/PlayerCharacter/JoannaD'ArcIII-v1 (1)/Sprites/Run/RunLeft/Running/2/RunningLeft(2)1.png
  artifactKey: Guid(d4f682252d76e1048b1110bd0bd1b11e) Importer(815301076,1909f56bfc062723c751e8b465ee728b)
Start importing Assets/Components/UnityAssets/Graphics/Character/PlayerCharacter/JoannaD'ArcIII-v1 (1)/Sprites/Run/RunLeft/Running/2/RunningLeft(2)1.png using Guid(d4f682252d76e1048b1110bd0bd1b11e) Importer(815301076,1909f56bfc062723c751e8b465ee728b)  -> (artifact id: 'e7dc8a56dc469ab50f77402075340626') in 0.020372 seconds 
========================================================================
Received Import Request.
  Time since last request: 0.000030 seconds.
  path: Assets/Components/UnityAssets/Graphics/Character/PlayerCharacter/JoannaD'ArcIII-v1 (1)/Sprites/Run/RunLeft/Running/2/RunningLeft(2)7.png
  artifactKey: Guid(926b947ad7d21d04fb2bc5ff6c540fe2) Importer(815301076,1909f56bfc062723c751e8b465ee728b)
Start importing Assets/Components/UnityAssets/Graphics/Character/PlayerCharacter/JoannaD'ArcIII-v1 (1)/Sprites/Run/RunLeft/Running/2/RunningLeft(2)7.png using Guid(926b947ad7d21d04fb2bc5ff6c540fe2) Importer(815301076,1909f56bfc062723c751e8b465ee728b)  -> (artifact id: '6db424fbd2c25de3c241407f8c66dc0c') in 0.014971 seconds 
========================================================================
Received Import Request.
  Time since last request: 85.676696 seconds.
  path: Assets/Components/UnityAssets/Graphics/Character/PlayerCharacter/JoannaD'ArcIII-v1 (1)/Sprites/Roll/Roll1.png
  artifactKey: Guid(749fee7a875d63840a4423fb5166be15) Importer(815301076,1909f56bfc062723c751e8b465ee728b)
Start importing Assets/Components/UnityAssets/Graphics/Character/PlayerCharacter/JoannaD'ArcIII-v1 (1)/Sprites/Roll/Roll1.png using Guid(749fee7a875d63840a4423fb5166be15) Importer(815301076,1909f56bfc062723c751e8b465ee728b)  -> (artifact id: '74420a1f754cf5f6e12f6c473185ea9d') in 0.026128 seconds 
========================================================================
Received Import Request.
  Time since last request: 0.023753 seconds.
  path: Assets/Components/UnityAssets/Graphics/Character/PlayerCharacter/JoannaD'ArcIII-v1 (1)/Sprites/Roll/Roll6.png
  artifactKey: Guid(836d06b9d5192584fa433f2012232c11) Importer(815301076,1909f56bfc062723c751e8b465ee728b)
Start importing Assets/Components/UnityAssets/Graphics/Character/PlayerCharacter/JoannaD'ArcIII-v1 (1)/Sprites/Roll/Roll6.png using Guid(836d06b9d5192584fa433f2012232c11) Importer(815301076,1909f56bfc062723c751e8b465ee728b)  -> (artifact id: '0656e03362454a56a9927236cca09963') in 0.023901 seconds 
========================================================================
Received Import Request.
  Time since last request: 0.000021 seconds.
  path: Assets/Components/UnityAssets/Graphics/Character/PlayerCharacter/JoannaD'ArcIII-v1 (1)/Sprites/Roll/Roll9.png
  artifactKey: Guid(1f51177b3ac4a7a428da3567695b9ba3) Importer(815301076,1909f56bfc062723c751e8b465ee728b)
Start importing Assets/Components/UnityAssets/Graphics/Character/PlayerCharacter/JoannaD'ArcIII-v1 (1)/Sprites/Roll/Roll9.png using Guid(1f51177b3ac4a7a428da3567695b9ba3) Importer(815301076,1909f56bfc062723c751e8b465ee728b)  -> (artifact id: '945e8bb48334fc71d2c5c9bd6d1d159a') in 0.021285 seconds 
========================================================================
Received Import Request.
  Time since last request: 0.000025 seconds.
  path: Assets/Components/UnityAssets/Graphics/Character/PlayerCharacter/JoannaD'ArcIII-v1 (1)/Sprites/Roll/Roll14.png
  artifactKey: Guid(44f057886d06efe4c8a23ec10bc2c6e8) Importer(815301076,1909f56bfc062723c751e8b465ee728b)
Start importing Assets/Components/UnityAssets/Graphics/Character/PlayerCharacter/JoannaD'ArcIII-v1 (1)/Sprites/Roll/Roll14.png using Guid(44f057886d06efe4c8a23ec10bc2c6e8) Importer(815301076,1909f56bfc062723c751e8b465ee728b)  -> (artifact id: '79706509b1153d734f7ac69748f5bbe1') in 0.028670 seconds 
========================================================================
Received Import Request.
  Time since last request: 0.000027 seconds.
  path: Assets/Components/UnityAssets/Graphics/Character/PlayerCharacter/JoannaD'ArcIII-v1 (1)/Sprites/Roll/Roll12.png
  artifactKey: Guid(4ebe54320d912bc40b6b5f010ad24959) Importer(815301076,1909f56bfc062723c751e8b465ee728b)
Start importing Assets/Components/UnityAssets/Graphics/Character/PlayerCharacter/JoannaD'ArcIII-v1 (1)/Sprites/Roll/Roll12.png using Guid(4ebe54320d912bc40b6b5f010ad24959) Importer(815301076,1909f56bfc062723c751e8b465ee728b)  -> (artifact id: 'cf48619a97154bb7a49abb505eb4be8c') in 0.018000 seconds 
========================================================================
Received Import Request.
  Time since last request: 0.000022 seconds.
  path: Assets/Components/UnityAssets/Graphics/Character/PlayerCharacter/JoannaD'ArcIII-v1 (1)/Sprites/Roll/Roll11.png
  artifactKey: Guid(6464c5146548d8746b236b4bf2837948) Importer(815301076,1909f56bfc062723c751e8b465ee728b)
Start importing Assets/Components/UnityAssets/Graphics/Character/PlayerCharacter/JoannaD'ArcIII-v1 (1)/Sprites/Roll/Roll11.png using Guid(6464c5146548d8746b236b4bf2837948) Importer(815301076,1909f56bfc062723c751e8b465ee728b)  -> (artifact id: '8322196b8fc63cdfa8c97521840964e9') in 0.021474 seconds 
========================================================================
Received Import Request.
  Time since last request: 0.000021 seconds.
  path: Assets/Components/UnityAssets/Graphics/Character/PlayerCharacter/JoannaD'ArcIII-v1 (1)/Sprites/Roll/Roll5.png
  artifactKey: Guid(c4fe7868df565cf45be5be3357a8d0b2) Importer(815301076,1909f56bfc062723c751e8b465ee728b)
Start importing Assets/Components/UnityAssets/Graphics/Character/PlayerCharacter/JoannaD'ArcIII-v1 (1)/Sprites/Roll/Roll5.png using Guid(c4fe7868df565cf45be5be3357a8d0b2) Importer(815301076,1909f56bfc062723c751e8b465ee728b)  -> (artifact id: 'b92e95d14f07f10053693c950638e465') in 0.018777 seconds 
========================================================================
Received Import Request.
  Time since last request: 7.544155 seconds.
  path: Assets/Components/UnityAssets/Graphics/Character/PlayerCharacter/JoannaD'ArcIII-v1 (1)/Sprites/Run/FX/BeginRun/RunDust2.png
  artifactKey: Guid(ac6870f4ada6c2d4c885be661f2194bb) Importer(815301076,1909f56bfc062723c751e8b465ee728b)
Start importing Assets/Components/UnityAssets/Graphics/Character/PlayerCharacter/JoannaD'ArcIII-v1 (1)/Sprites/Run/FX/BeginRun/RunDust2.png using Guid(ac6870f4ada6c2d4c885be661f2194bb) Importer(815301076,1909f56bfc062723c751e8b465ee728b)  -> (artifact id: 'e7618306b81dc3eb20fa4442552613f9') in 0.018349 seconds 
========================================================================
Received Import Request.
  Time since last request: 0.000028 seconds.
  path: Assets/Components/UnityAssets/Graphics/Character/PlayerCharacter/JoannaD'ArcIII-v1 (1)/Sprites/Run/FX/BeginRun/RunDust5.png
  artifactKey: Guid(b2a14697812af614cabf707ae06e204e) Importer(815301076,1909f56bfc062723c751e8b465ee728b)
Start importing Assets/Components/UnityAssets/Graphics/Character/PlayerCharacter/JoannaD'ArcIII-v1 (1)/Sprites/Run/FX/BeginRun/RunDust5.png using Guid(b2a14697812af614cabf707ae06e204e) Importer(815301076,1909f56bfc062723c751e8b465ee728b)  -> (artifact id: '2606cae696883f424c3a882d28e7f287') in 0.018271 seconds 
========================================================================
Received Import Request.
  Time since last request: 2.038483 seconds.
  path: Assets/Components/UnityAssets/Graphics/Character/PlayerCharacter/JoannaD'ArcIII-v1 (1)/Sprites/Run/FX/RunningDust/Dust2.png
  artifactKey: Guid(4c682b245b8fea54cb8372e74114871e) Importer(815301076,1909f56bfc062723c751e8b465ee728b)
Start importing Assets/Components/UnityAssets/Graphics/Character/PlayerCharacter/JoannaD'ArcIII-v1 (1)/Sprites/Run/FX/RunningDust/Dust2.png using Guid(4c682b245b8fea54cb8372e74114871e) Importer(815301076,1909f56bfc062723c751e8b465ee728b)  -> (artifact id: 'a0c22730def053f5dbb8f28722b9d3a4') in 0.019648 seconds 
========================================================================
Received Import Request.
  Time since last request: 6.895942 seconds.
  path: Assets/Components/UnityAssets/Graphics/Character/PlayerCharacter/JoannaD'ArcIII-v1 (1)/Sprites/Run/RunRight/Full/RunRight2.png
  artifactKey: Guid(b3840531bacba1446b0839b24ff91dcf) Importer(815301076,1909f56bfc062723c751e8b465ee728b)
Start importing Assets/Components/UnityAssets/Graphics/Character/PlayerCharacter/JoannaD'ArcIII-v1 (1)/Sprites/Run/RunRight/Full/RunRight2.png using Guid(b3840531bacba1446b0839b24ff91dcf) Importer(815301076,1909f56bfc062723c751e8b465ee728b)  -> (artifact id: '5a8b026a2b5973b5eabb7c022aa2ef92') in 0.021775 seconds 
========================================================================
Received Import Request.
  Time since last request: 0.000021 seconds.
  path: Assets/Components/UnityAssets/Graphics/Character/PlayerCharacter/JoannaD'ArcIII-v1 (1)/Sprites/Run/RunRight/Full/RunRight16.png
  artifactKey: Guid(bc5209b2089856c49a01399e1a2b7a49) Importer(815301076,1909f56bfc062723c751e8b465ee728b)
Start importing Assets/Components/UnityAssets/Graphics/Character/PlayerCharacter/JoannaD'ArcIII-v1 (1)/Sprites/Run/RunRight/Full/RunRight16.png using Guid(bc5209b2089856c49a01399e1a2b7a49) Importer(815301076,1909f56bfc062723c751e8b465ee728b)  -> (artifact id: 'af270dcb9aba86a9d4905ee6e726af30') in 0.023706 seconds 
========================================================================
Received Import Request.
  Time since last request: 0.000031 seconds.
  path: Assets/Components/UnityAssets/Graphics/Character/PlayerCharacter/JoannaD'ArcIII-v1 (1)/Sprites/Run/RunRight/Full/RunRight7.png
  artifactKey: Guid(49fd935a9899fd84b9045c9e30682f42) Importer(815301076,1909f56bfc062723c751e8b465ee728b)
Start importing Assets/Components/UnityAssets/Graphics/Character/PlayerCharacter/JoannaD'ArcIII-v1 (1)/Sprites/Run/RunRight/Full/RunRight7.png using Guid(49fd935a9899fd84b9045c9e30682f42) Importer(815301076,1909f56bfc062723c751e8b465ee728b)  -> (artifact id: 'd575f64de7a85c8f032df9af6a2f7f5f') in 0.021783 seconds 
========================================================================
Received Import Request.
  Time since last request: 0.000027 seconds.
  path: Assets/Components/UnityAssets/Graphics/Character/PlayerCharacter/JoannaD'ArcIII-v1 (1)/Sprites/Run/RunRight/Full/RunRight18.png
  artifactKey: Guid(3e2e99b20311d494d87d2859e40fb8d6) Importer(815301076,1909f56bfc062723c751e8b465ee728b)
Start importing Assets/Components/UnityAssets/Graphics/Character/PlayerCharacter/JoannaD'ArcIII-v1 (1)/Sprites/Run/RunRight/Full/RunRight18.png using Guid(3e2e99b20311d494d87d2859e40fb8d6) Importer(815301076,1909f56bfc062723c751e8b465ee728b)  -> (artifact id: '5e93f15f2cd14336e561d2b8174e6d46') in 0.020898 seconds 
========================================================================
Received Import Request.
  Time since last request: 12.872634 seconds.
  path: Assets/Components/UnityAssets/Graphics/Character/PlayerCharacter/JoannaD'ArcIII-v1 (1)/Sprites/Run/RunRight/Full/RunRight3.png
  artifactKey: Guid(4db4fe82108005d429f1bc3ca1ef932a) Importer(815301076,1909f56bfc062723c751e8b465ee728b)
Start importing Assets/Components/UnityAssets/Graphics/Character/PlayerCharacter/JoannaD'ArcIII-v1 (1)/Sprites/Run/RunRight/Full/RunRight3.png using Guid(4db4fe82108005d429f1bc3ca1ef932a) Importer(815301076,1909f56bfc062723c751e8b465ee728b)  -> (artifact id: 'f82ac1f3dbc916f433cc099a66599ffb') in 0.033758 seconds 
========================================================================
Received Import Request.
  Time since last request: 0.000019 seconds.
  path: Assets/Components/UnityAssets/Graphics/Character/PlayerCharacter/JoannaD'ArcIII-v1 (1)/Sprites/Run/RunRight/Full/RunRight15.png
  artifactKey: Guid(f38e73567af16d245bf141bc6edb4bb8) Importer(815301076,1909f56bfc062723c751e8b465ee728b)
Start importing Assets/Components/UnityAssets/Graphics/Character/PlayerCharacter/JoannaD'ArcIII-v1 (1)/Sprites/Run/RunRight/Full/RunRight15.png using Guid(f38e73567af16d245bf141bc6edb4bb8) Importer(815301076,1909f56bfc062723c751e8b465ee728b)  -> (artifact id: 'cc48458fe72f0d41849ca17490474dae') in 0.014183 seconds 
========================================================================
Received Import Request.
  Time since last request: 0.000020 seconds.
  path: Assets/Components/UnityAssets/Graphics/Character/PlayerCharacter/JoannaD'ArcIII-v1 (1)/Sprites/Run/RunRight/Full/RunRight7.png
  artifactKey: Guid(49fd935a9899fd84b9045c9e30682f42) Importer(815301076,1909f56bfc062723c751e8b465ee728b)
Start importing Assets/Components/UnityAssets/Graphics/Character/PlayerCharacter/JoannaD'ArcIII-v1 (1)/Sprites/Run/RunRight/Full/RunRight7.png using Guid(49fd935a9899fd84b9045c9e30682f42) Importer(815301076,1909f56bfc062723c751e8b465ee728b)  -> (artifact id: '30925dd49a54f1cd14142ffb08681a59') in 0.017046 seconds 
========================================================================
Received Import Request.
  Time since last request: 0.000020 seconds.
  path: Assets/Components/UnityAssets/Graphics/Character/PlayerCharacter/JoannaD'ArcIII-v1 (1)/Sprites/Run/RunRight/Full/RunRight18.png
  artifactKey: Guid(3e2e99b20311d494d87d2859e40fb8d6) Importer(815301076,1909f56bfc062723c751e8b465ee728b)
Start importing Assets/Components/UnityAssets/Graphics/Character/PlayerCharacter/JoannaD'ArcIII-v1 (1)/Sprites/Run/RunRight/Full/RunRight18.png using Guid(3e2e99b20311d494d87d2859e40fb8d6) Importer(815301076,1909f56bfc062723c751e8b465ee728b)  -> (artifact id: '89e3942c238b17e3db52ea0055e5861f') in 0.015437 seconds 
========================================================================
Received Import Request.
  Time since last request: 0.000019 seconds.
  path: Assets/Components/UnityAssets/Graphics/Character/PlayerCharacter/JoannaD'ArcIII-v1 (1)/Sprites/Run/RunRight/Full/RunRight11.png
  artifactKey: Guid(5071b371b60a8e44cbff37fc1b63eec4) Importer(815301076,1909f56bfc062723c751e8b465ee728b)
Start importing Assets/Components/UnityAssets/Graphics/Character/PlayerCharacter/JoannaD'ArcIII-v1 (1)/Sprites/Run/RunRight/Full/RunRight11.png using Guid(5071b371b60a8e44cbff37fc1b63eec4) Importer(815301076,1909f56bfc062723c751e8b465ee728b)  -> (artifact id: 'b455c097bf2e68594c3071e42fa71009') in 0.012568 seconds 
========================================================================
Received Import Request.
  Time since last request: 0.452975 seconds.
  path: Assets/Components/UnityAssets/Graphics/Character/PlayerCharacter/JoannaD'ArcIII-v1 (1)/Sprites/Run/RunRight/Running/RunningRight2.png
  artifactKey: Guid(eb9c789321473504b920bae176d07c0d) Importer(815301076,1909f56bfc062723c751e8b465ee728b)
Start importing Assets/Components/UnityAssets/Graphics/Character/PlayerCharacter/JoannaD'ArcIII-v1 (1)/Sprites/Run/RunRight/Running/RunningRight2.png using Guid(eb9c789321473504b920bae176d07c0d) Importer(815301076,1909f56bfc062723c751e8b465ee728b)  -> (artifact id: '7be5382a10b8cfde4fd91b986f88935d') in 0.018107 seconds 
========================================================================
Received Import Request.
  Time since last request: 0.000024 seconds.
  path: Assets/Components/UnityAssets/Graphics/Character/PlayerCharacter/JoannaD'ArcIII-v1 (1)/Sprites/Run/RunRight/Running/RunningRight7.png
  artifactKey: Guid(6a1d1d993cb10d045ad26be84325b778) Importer(815301076,1909f56bfc062723c751e8b465ee728b)
Start importing Assets/Components/UnityAssets/Graphics/Character/PlayerCharacter/JoannaD'ArcIII-v1 (1)/Sprites/Run/RunRight/Running/RunningRight7.png using Guid(6a1d1d993cb10d045ad26be84325b778) Importer(815301076,1909f56bfc062723c751e8b465ee728b)  -> (artifact id: '8a8f83ae45cbd77061752450dd587e3e') in 0.017992 seconds 
========================================================================
Received Import Request.
  Time since last request: 2.875822 seconds.
  path: Assets/Components/UnityAssets/Graphics/Character/PlayerCharacter/JoannaD'ArcIII-v1 (1)/Sprites/Run/RunRight/TurnLeft/1/TurnLeft2.png
  artifactKey: Guid(103ffae50fe23e64795fb968f0712b8b) Importer(815301076,1909f56bfc062723c751e8b465ee728b)
Start importing Assets/Components/UnityAssets/Graphics/Character/PlayerCharacter/JoannaD'ArcIII-v1 (1)/Sprites/Run/RunRight/TurnLeft/1/TurnLeft2.png using Guid(103ffae50fe23e64795fb968f0712b8b) Importer(815301076,1909f56bfc062723c751e8b465ee728b)  -> (artifact id: 'f9e15b423bfa2448e363536875b4b6f0') in 0.018039 seconds 
========================================================================
Received Import Request.
  Time since last request: 6.098112 seconds.
  path: Assets/Components/UnityAssets/Graphics/Character/PlayerCharacter/JoannaD'ArcIII-v1 (1)/Sprites/Run/RunRight/TurnLeft/2/TurnLeft(2)2.png
  artifactKey: Guid(d53f05e7e706eef488d79eec8294496c) Importer(815301076,1909f56bfc062723c751e8b465ee728b)
Start importing Assets/Components/UnityAssets/Graphics/Character/PlayerCharacter/JoannaD'ArcIII-v1 (1)/Sprites/Run/RunRight/TurnLeft/2/TurnLeft(2)2.png using Guid(d53f05e7e706eef488d79eec8294496c) Importer(815301076,1909f56bfc062723c751e8b465ee728b)  -> (artifact id: '5590fd6feaa3b3b0b240396419166493') in 0.028008 seconds 
========================================================================
Received Import Request.
  Time since last request: 0.279610 seconds.
  path: Assets/Components/UnityAssets/Graphics/Character/PlayerCharacter/JoannaD'ArcIII-v1 (1)/Sprites/Run/ToRun/ToRun2.png
  artifactKey: Guid(d8726711b9e1f564ab82acb307ea5fb6) Importer(815301076,1909f56bfc062723c751e8b465ee728b)
Start importing Assets/Components/UnityAssets/Graphics/Character/PlayerCharacter/JoannaD'ArcIII-v1 (1)/Sprites/Run/ToRun/ToRun2.png using Guid(d8726711b9e1f564ab82acb307ea5fb6) Importer(815301076,1909f56bfc062723c751e8b465ee728b)  -> (artifact id: '280b5401f45eb64a41b5c90d2ed5e94d') in 0.026007 seconds 
========================================================================
Received Import Request.
  Time since last request: 36.452355 seconds.
  path: Assets/Components/UnityAssets/Graphics/Character/PlayerCharacter/JoannaD'ArcIII-v1 (1)/Sprites/Run/ToRun/ToRun3.png
  artifactKey: Guid(5c730f51fd4575445aa28ee29c50fe62) Importer(815301076,1909f56bfc062723c751e8b465ee728b)
Start importing Assets/Components/UnityAssets/Graphics/Character/PlayerCharacter/JoannaD'ArcIII-v1 (1)/Sprites/Run/ToRun/ToRun3.png using Guid(5c730f51fd4575445aa28ee29c50fe62) Importer(815301076,1909f56bfc062723c751e8b465ee728b)  -> (artifact id: 'a6057c9db9b487303b1dc8d2f45719de') in 0.014405 seconds 
========================================================================
Received Import Request.
  Time since last request: 6.802711 seconds.
  path: Assets/Components/UnityAssets/Graphics/Character/PlayerCharacter/JoannaD'ArcIII-v1 (1)/Sprites/Run/ToRun/ToRun3.png
  artifactKey: Guid(5c730f51fd4575445aa28ee29c50fe62) Importer(815301076,1909f56bfc062723c751e8b465ee728b)
Start importing Assets/Components/UnityAssets/Graphics/Character/PlayerCharacter/JoannaD'ArcIII-v1 (1)/Sprites/Run/ToRun/ToRun3.png using Guid(5c730f51fd4575445aa28ee29c50fe62) Importer(815301076,1909f56bfc062723c751e8b465ee728b)  -> (artifact id: '34268f4a653cab3bda2dff088427da68') in 0.013405 seconds 
========================================================================
Received Import Request.
  Time since last request: 1.525343 seconds.
  path: Assets/Components/UnityAssets/Graphics/Character/PlayerCharacter/JoannaD'ArcIII-v1 (1)/Sprites/Run/TrickTurn/TrickTurn2.png
  artifactKey: Guid(afa481cb74e3735459c255aa97a8bbca) Importer(815301076,1909f56bfc062723c751e8b465ee728b)
Start importing Assets/Components/UnityAssets/Graphics/Character/PlayerCharacter/JoannaD'ArcIII-v1 (1)/Sprites/Run/TrickTurn/TrickTurn2.png using Guid(afa481cb74e3735459c255aa97a8bbca) Importer(815301076,1909f56bfc062723c751e8b465ee728b)  -> (artifact id: '710d89ac60a95e77ed4cbbe658a3824b') in 0.024891 seconds 
========================================================================
Received Import Request.
  Time since last request: 0.000031 seconds.
  path: Assets/Components/UnityAssets/Graphics/Character/PlayerCharacter/JoannaD'ArcIII-v1 (1)/Sprites/Run/TrickTurn/TrickTurn6.png
  artifactKey: Guid(428d400d3e9c5c749b8725b8349210a2) Importer(815301076,1909f56bfc062723c751e8b465ee728b)
Start importing Assets/Components/UnityAssets/Graphics/Character/PlayerCharacter/JoannaD'ArcIII-v1 (1)/Sprites/Run/TrickTurn/TrickTurn6.png using Guid(428d400d3e9c5c749b8725b8349210a2) Importer(815301076,1909f56bfc062723c751e8b465ee728b)  -> (artifact id: '3b1abf2cabb5da9ef307d2efc7b60bfb') in 0.017120 seconds 
========================================================================
Received Import Request.
  Time since last request: 54.452348 seconds.
  path: Assets/Components/UnityAssets/Graphics/Character/PlayerCharacter/JoannaD'ArcIII-v1 (1)/Sprites/Run/RunRight/Running/RunningRight2.png
  artifactKey: Guid(eb9c789321473504b920bae176d07c0d) Importer(815301076,1909f56bfc062723c751e8b465ee728b)
Start importing Assets/Components/UnityAssets/Graphics/Character/PlayerCharacter/JoannaD'ArcIII-v1 (1)/Sprites/Run/RunRight/Running/RunningRight2.png using Guid(eb9c789321473504b920bae176d07c0d) Importer(815301076,1909f56bfc062723c751e8b465ee728b)  -> (artifact id: '3d1834503f3366f7788a111951bc91ce') in 0.024093 seconds 
========================================================================
Received Import Request.
  Time since last request: 0.000032 seconds.
  path: Assets/Components/UnityAssets/Graphics/Character/PlayerCharacter/JoannaD'ArcIII-v1 (1)/Sprites/Run/RunRight/Running/RunningRight6.png
  artifactKey: Guid(d56a8b65cb5c1f242ac2eaa1f1cf219e) Importer(815301076,1909f56bfc062723c751e8b465ee728b)
Start importing Assets/Components/UnityAssets/Graphics/Character/PlayerCharacter/JoannaD'ArcIII-v1 (1)/Sprites/Run/RunRight/Running/RunningRight6.png using Guid(d56a8b65cb5c1f242ac2eaa1f1cf219e) Importer(815301076,1909f56bfc062723c751e8b465ee728b)  -> (artifact id: 'c5435a9ac23df667894ec985c032cd5b') in 0.012260 seconds 
========================================================================
Received Import Request.
  Time since last request: 124.371033 seconds.
  path: Assets/Scripts/Mori/Player/PlayerMoving.cs
  artifactKey: Guid(93985de54f7ce6849a67e2949790937c) Importer(815301076,1909f56bfc062723c751e8b465ee728b)
Start importing Assets/Scripts/Mori/Player/PlayerMoving.cs using Guid(93985de54f7ce6849a67e2949790937c) Importer(815301076,1909f56bfc062723c751e8b465ee728b)  -> (artifact id: '2b7af09f65f3daa2dbb16620b46c5115') in 0.022791 seconds 
